[0.105s] Invoking command in '/home/yzy/roverbot_ws/build/ldlidar_ros2': CMAKE_PREFIX_PATH=${CMAKE_PREFIX_PATH}:/home/yzy/roverbot_ws/install/roverbot_chassis_driver:/opt/ros/humble /usr/bin/cmake /home/yzy/roverbot_ws/src/ldlidar_ros2 -DAMENT_CMAKE_SYMLINK_INSTALL=1 -DCMAKE_INSTALL_PREFIX=/home/yzy/roverbot_ws/install/ldlidar_ros2
[0.863s] -- The C compiler identification is GNU 11.4.0
[1.670s] -- The CXX compiler identification is GNU 11.4.0
[1.729s] -- Detecting C compiler ABI info
[2.292s] -- Detecting C compiler ABI info - done
[2.324s] -- Check for working C compiler: /usr/bin/cc - skipped
[2.327s] -- Detecting C compile features
[2.335s] -- Detecting C compile features - done
[2.362s] -- Detecting CXX compiler ABI info
[2.929s] -- Detecting CXX compiler ABI info - done
[2.956s] -- Check for working CXX compiler: /usr/bin/c++ - skipped
[2.957s] -- Detecting CXX compile features
[2.959s] -- Detecting CXX compile features - done
[3.252s] -- Found ament_cmake: 1.3.14 (/opt/ros/humble/share/ament_cmake/cmake)
[4.443s] -- Found Python3: /usr/bin/python3 (found version "3.10.12") found components: Interpreter 
[5.050s] -- Override CMake install command with custom implementation using symlinks instead of copying resources
[5.554s] -- Found rclcpp: 16.0.19 (/opt/ros/humble/share/rclcpp/cmake)
[6.081s] -- Found rosidl_generator_c: 3.1.8 (/opt/ros/humble/share/rosidl_generator_c/cmake)
[6.140s] -- Found rosidl_adapter: 3.1.8 (/opt/ros/humble/share/rosidl_adapter/cmake)
[6.235s] -- Found rosidl_generator_cpp: 3.1.8 (/opt/ros/humble/share/rosidl_generator_cpp/cmake)
[6.372s] -- Using all available rosidl_typesupport_c: rosidl_typesupport_fastrtps_c;rosidl_typesupport_introspection_c
[6.508s] -- Using all available rosidl_typesupport_cpp: rosidl_typesupport_fastrtps_cpp;rosidl_typesupport_introspection_cpp
[7.033s] -- Found rmw_implementation_cmake: 6.1.2 (/opt/ros/humble/share/rmw_implementation_cmake/cmake)
[7.080s] -- Found rmw_cyclonedds_cpp: 1.3.4 (/opt/ros/humble/share/rmw_cyclonedds_cpp/cmake)
[7.670s] -- Using RMW implementation 'rmw_cyclonedds_cpp' as default
[7.840s] -- Looking for pthread.h
[8.316s] -- Looking for pthread.h - found
[8.317s] -- Performing Test CMAKE_HAVE_LIBC_PTHREAD
[8.747s] -- Performing Test CMAKE_HAVE_LIBC_PTHREAD - Success
[8.750s] -- Found Threads: TRUE  
[9.230s] -- Found sensor_msgs: 4.9.1 (/opt/ros/humble/share/sensor_msgs/cmake)
[9.406s] -- Found ament_lint_auto: 0.12.15 (/opt/ros/humble/share/ament_lint_auto/cmake)
[10.088s] -- operation system is Linux-5.15.0-1103-raspi
[10.089s] -- current platform: Linux 
[10.129s] -- Added test 'copyright' to check source files copyright and LICENSE
[10.178s] -- Added test 'cppcheck' to perform static code analysis on C / C++ code
[10.179s] -- Configured cppcheck include dirs: /home/yzy/roverbot_ws/src/ldlidar_ros2/include;/home/yzy/roverbot_ws/src/ldlidar_ros2/sdk/include
[10.181s] -- Configured cppcheck exclude dirs and/or files: 
[10.226s] -- Added test 'cpplint' to check C / C++ code against the Google style
[10.226s] -- Configured cpplint exclude dirs and/or files: 
[10.235s] -- Added test 'flake8' to check Python code syntax and style conventions
[10.250s] -- Added test 'lint_cmake' to check CMake code style
[10.261s] -- Added test 'pep257' to check Python code against some of the docstring style conventions in PEP 257
[10.308s] -- Added test 'uncrustify' to check C / C++ code style
[10.309s] -- Configured uncrustify additional arguments: 
[10.319s] -- Added test 'xmllint' to check XML markup files
[10.333s] -- Configuring done
[10.478s] -- Generating done
[10.513s] -- Build files have been written to: /home/yzy/roverbot_ws/build/ldlidar_ros2
[10.574s] Invoked command in '/home/yzy/roverbot_ws/build/ldlidar_ros2' returned '0': CMAKE_PREFIX_PATH=${CMAKE_PREFIX_PATH}:/home/yzy/roverbot_ws/install/roverbot_chassis_driver:/opt/ros/humble /usr/bin/cmake /home/yzy/roverbot_ws/src/ldlidar_ros2 -DAMENT_CMAKE_SYMLINK_INSTALL=1 -DCMAKE_INSTALL_PREFIX=/home/yzy/roverbot_ws/install/ldlidar_ros2
[10.589s] Invoking command in '/home/yzy/roverbot_ws/build/ldlidar_ros2': CMAKE_PREFIX_PATH=${CMAKE_PREFIX_PATH}:/home/yzy/roverbot_ws/install/roverbot_chassis_driver:/opt/ros/humble /usr/bin/cmake --build /home/yzy/roverbot_ws/build/ldlidar_ros2 -- -j4 -l4
[10.817s] [  7%] [32mBuilding CXX object sdk/CMakeFiles/ldlidar_driver.dir/src/ldlidar_driver.cpp.o[0m
[10.823s] [ 15%] [32mBuilding CXX object sdk/CMakeFiles/ldlidar_driver.dir/src/ldlidar_driver_linux.cpp.o[0m
[10.871s] [ 23%] [32mBuilding CXX object sdk/CMakeFiles/ldlidar_driver.dir/src/ldlidar_protocol.cpp.o[0m
[10.873s] [ 30%] [32mBuilding CXX object sdk/CMakeFiles/ldlidar_driver.dir/src/ldlidar_dataprocess.cpp.o[0m
[11.206s] [ 38%] [32mBuilding CXX object sdk/CMakeFiles/ldlidar_driver.dir/src/log_module.cpp.o[0m
[13.609s] [ 46%] [32mBuilding CXX object sdk/CMakeFiles/ldlidar_driver.dir/src/network_socket_interface_linux.cpp.o[0m
[13.973s] [ 53%] [32mBuilding CXX object sdk/CMakeFiles/ldlidar_driver.dir/src/serial_interface_linux.cpp.o[0m
[16.528s] [ 61%] [32mBuilding CXX object sdk/CMakeFiles/ldlidar_driver.dir/src/sl_transform.cpp.o[0m
[16.616s] [ 69%] [32mBuilding CXX object sdk/CMakeFiles/ldlidar_driver.dir/src/slbf.cpp.o[0m
[17.480s] [ 76%] [32mBuilding CXX object sdk/CMakeFiles/ldlidar_driver.dir/src/tofbf.cpp.o[0m
[21.129s] [ 84%] [32m[1mLinking CXX static library libldlidar_driver.a[0m
[21.731s] [ 84%] Built target ldlidar_driver
[21.989s] [ 92%] [32mBuilding CXX object CMakeFiles/ldlidar_ros2_node.dir/src/demo.cpp.o[0m
[58.387s] [100%] [32m[1mLinking CXX executable ldlidar_ros2_node[0m
[60.843s] [100%] Built target ldlidar_ros2_node
[60.922s] Invoked command in '/home/yzy/roverbot_ws/build/ldlidar_ros2' returned '0': CMAKE_PREFIX_PATH=${CMAKE_PREFIX_PATH}:/home/yzy/roverbot_ws/install/roverbot_chassis_driver:/opt/ros/humble /usr/bin/cmake --build /home/yzy/roverbot_ws/build/ldlidar_ros2 -- -j4 -l4
[60.925s] Invoking command in '/home/yzy/roverbot_ws/build/ldlidar_ros2': CMAKE_PREFIX_PATH=${CMAKE_PREFIX_PATH}:/home/yzy/roverbot_ws/install/roverbot_chassis_driver:/opt/ros/humble /usr/bin/cmake --install /home/yzy/roverbot_ws/build/ldlidar_ros2
[61.013s] -- Install configuration: ""
[61.017s] -- Execute custom install script
[61.022s] -- Symlinking: /home/yzy/roverbot_ws/install/ldlidar_ros2/lib/ldlidar_ros2/ldlidar_ros2_node
[61.124s] -- Symlinking: /home/yzy/roverbot_ws/install/ldlidar_ros2/share/ldlidar_ros2//launch/ld06.launch.py
[61.243s] -- Symlinking: /home/yzy/roverbot_ws/install/ldlidar_ros2/share/ldlidar_ros2//launch/ld14.launch.py
[61.346s] -- Symlinking: /home/yzy/roverbot_ws/install/ldlidar_ros2/share/ldlidar_ros2//launch/ld14p.launch.py
[61.430s] -- Symlinking: /home/yzy/roverbot_ws/install/ldlidar_ros2/share/ldlidar_ros2//launch/ld19.launch.py
[61.508s] -- Symlinking: /home/yzy/roverbot_ws/install/ldlidar_ros2/share/ldlidar_ros2//launch/viewer_ld06.launch.py
[61.594s] -- Symlinking: /home/yzy/roverbot_ws/install/ldlidar_ros2/share/ldlidar_ros2//launch/viewer_ld14.launch.py
[61.686s] -- Symlinking: /home/yzy/roverbot_ws/install/ldlidar_ros2/share/ldlidar_ros2//launch/viewer_ld14p.launch.py
[61.782s] -- Symlinking: /home/yzy/roverbot_ws/install/ldlidar_ros2/share/ldlidar_ros2//launch/viewer_ld19.launch.py
[61.882s] -- Symlinking: /home/yzy/roverbot_ws/install/ldlidar_ros2/share/ldlidar_ros2//rviz2/ldlidar.rviz
[61.983s] -- Symlinking: /home/yzy/roverbot_ws/install/ldlidar_ros2/share/ldlidar_ros2//scripts/create_udev_rules.sh
[62.057s] -- Symlinking: /home/yzy/roverbot_ws/install/ldlidar_ros2/share/ldlidar_ros2//scripts/delete_udev_rules.sh
[62.110s] -- Symlinking: /home/yzy/roverbot_ws/install/ldlidar_ros2/share/ldlidar_ros2//scripts/ldlidar.rules
[62.166s] -- Symlinking: /home/yzy/roverbot_ws/install/ldlidar_ros2/share/ament_index/resource_index/package_run_dependencies/ldlidar_ros2
[62.219s] -- Symlinking: /home/yzy/roverbot_ws/install/ldlidar_ros2/share/ament_index/resource_index/parent_prefix_path/ldlidar_ros2
[62.283s] -- Symlinking: /home/yzy/roverbot_ws/install/ldlidar_ros2/share/ldlidar_ros2/environment/ament_prefix_path.sh
[62.340s] -- Symlinking: /home/yzy/roverbot_ws/install/ldlidar_ros2/share/ldlidar_ros2/environment/ament_prefix_path.dsv
[62.394s] -- Symlinking: /home/yzy/roverbot_ws/install/ldlidar_ros2/share/ldlidar_ros2/environment/path.sh
[62.446s] -- Symlinking: /home/yzy/roverbot_ws/install/ldlidar_ros2/share/ldlidar_ros2/environment/path.dsv
[62.507s] -- Symlinking: /home/yzy/roverbot_ws/install/ldlidar_ros2/share/ldlidar_ros2/local_setup.bash
[62.564s] -- Symlinking: /home/yzy/roverbot_ws/install/ldlidar_ros2/share/ldlidar_ros2/local_setup.sh
[62.621s] -- Symlinking: /home/yzy/roverbot_ws/install/ldlidar_ros2/share/ldlidar_ros2/local_setup.zsh
[62.671s] -- Symlinking: /home/yzy/roverbot_ws/install/ldlidar_ros2/share/ldlidar_ros2/local_setup.dsv
[62.729s] -- Symlinking: /home/yzy/roverbot_ws/install/ldlidar_ros2/share/ldlidar_ros2/package.dsv
[62.783s] -- Symlinking: /home/yzy/roverbot_ws/install/ldlidar_ros2/share/ament_index/resource_index/packages/ldlidar_ros2
[62.837s] -- Symlinking: /home/yzy/roverbot_ws/install/ldlidar_ros2/share/ldlidar_ros2/cmake/ldlidar_ros2Config.cmake
[62.891s] -- Symlinking: /home/yzy/roverbot_ws/install/ldlidar_ros2/share/ldlidar_ros2/cmake/ldlidar_ros2Config-version.cmake
[62.943s] -- Symlinking: /home/yzy/roverbot_ws/install/ldlidar_ros2/share/ldlidar_ros2/package.xml
[63.012s] Invoked command in '/home/yzy/roverbot_ws/build/ldlidar_ros2' returned '0': CMAKE_PREFIX_PATH=${CMAKE_PREFIX_PATH}:/home/yzy/roverbot_ws/install/roverbot_chassis_driver:/opt/ros/humble /usr/bin/cmake --install /home/yzy/roverbot_ws/build/ldlidar_ros2
