[4.598s] Invoking command in '/home/yzy/roverbot_ws/build/roverbot_chassis_driver': PYTHONPATH=/home/yzy/roverbot_ws/build/roverbot_chassis_driver/prefix_override:/usr/lib/python3/dist-packages/colcon_core/task/python/colcon_distutils_commands:/home/yzy/roverbot_ws/install/roverbot_chassis_driver/lib/python3.10/site-packages:${PYTHONPATH} /usr/bin/python3 -W ignore:setup.py install is deprecated -W ignore:easy_install command is deprecated setup.py develop --editable --build-directory /home/yzy/roverbot_ws/build/roverbot_chassis_driver/build --no-deps symlink_data
[6.228s] running develop
[7.545s] running egg_info
[7.545s] creating roverbot_chassis_driver.egg-info
[7.546s] writing roverbot_chassis_driver.egg-info/PKG-INFO
[7.546s] writing dependency_links to roverbot_chassis_driver.egg-info/dependency_links.txt
[7.547s] writing entry points to roverbot_chassis_driver.egg-info/entry_points.txt
[7.548s] writing requirements to roverbot_chassis_driver.egg-info/requires.txt
[7.548s] writing top-level names to roverbot_chassis_driver.egg-info/top_level.txt
[7.549s] writing manifest file 'roverbot_chassis_driver.egg-info/SOURCES.txt'
[7.553s] reading manifest file 'roverbot_chassis_driver.egg-info/SOURCES.txt'
[7.556s] writing manifest file 'roverbot_chassis_driver.egg-info/SOURCES.txt'
[7.565s] running build_ext
[7.567s] Creating /home/yzy/roverbot_ws/install/roverbot_chassis_driver/lib/python3.10/site-packages/roverbot-chassis-driver.egg-link (link to .)
[7.572s] Installing chassis_serial_node script to /home/yzy/roverbot_ws/install/roverbot_chassis_driver/lib/roverbot_chassis_driver
[7.576s] 
[7.577s] Installed /home/yzy/roverbot_ws/build/roverbot_chassis_driver
[7.577s] running symlink_data
[7.578s] creating /home/yzy/roverbot_ws/install/roverbot_chassis_driver/share/ament_index
[7.578s] creating /home/yzy/roverbot_ws/install/roverbot_chassis_driver/share/ament_index/resource_index
[7.579s] creating /home/yzy/roverbot_ws/install/roverbot_chassis_driver/share/ament_index/resource_index/packages
[7.580s] symbolically linking /home/yzy/roverbot_ws/build/roverbot_chassis_driver/resource/roverbot_chassis_driver -> /home/yzy/roverbot_ws/install/roverbot_chassis_driver/share/ament_index/resource_index/packages
[7.581s] symbolically linking /home/yzy/roverbot_ws/build/roverbot_chassis_driver/package.xml -> /home/yzy/roverbot_ws/install/roverbot_chassis_driver/share/roverbot_chassis_driver
[7.784s] Invoked command in '/home/yzy/roverbot_ws/build/roverbot_chassis_driver' returned '0': PYTHONPATH=/home/yzy/roverbot_ws/build/roverbot_chassis_driver/prefix_override:/usr/lib/python3/dist-packages/colcon_core/task/python/colcon_distutils_commands:/home/yzy/roverbot_ws/install/roverbot_chassis_driver/lib/python3.10/site-packages:${PYTHONPATH} /usr/bin/python3 -W ignore:setup.py install is deprecated -W ignore:easy_install command is deprecated setup.py develop --editable --build-directory /home/yzy/roverbot_ws/build/roverbot_chassis_driver/build --no-deps symlink_data
