[0.063s] Invoking command in '/home/yzy/roverbot_ws/build/roverbot_description': CMAKE_PREFIX_PATH=${CMAKE_PREFIX_PATH}:/home/yzy/roverbot_ws/install/roverbot_chassis_driver:/opt/ros/humble /usr/bin/cmake /home/yzy/roverbot_ws/src/roverbot_description -DAMENT_CMAKE_SYMLINK_INSTALL=1 -DCMAKE_INSTALL_PREFIX=/home/yzy/roverbot_ws/install/roverbot_description
[0.453s] -- The C compiler identification is GNU 11.4.0
[0.777s] -- The CXX compiler identification is GNU 11.4.0
[0.813s] -- Detecting C compiler ABI info
[1.207s] -- Detecting C compiler ABI info - done
[1.235s] -- Check for working C compiler: /usr/bin/cc - skipped
[1.236s] -- Detecting C compile features
[1.237s] -- Detecting C compile features - done
[1.250s] -- Detecting CXX compiler ABI info
[1.678s] -- Detecting CXX compiler ABI info - done
[1.703s] -- Check for working CXX compiler: /usr/bin/c++ - skipped
[1.704s] -- Detecting CXX compile features
[1.709s] -- Detecting CXX compile features - done
[1.742s] -- Found ament_cmake: 1.3.14 (/opt/ros/humble/share/ament_cmake/cmake)
[2.684s] -- Found Python3: /usr/bin/python3 (found version "3.10.12") found components: Interpreter 
[3.079s] -- Override CMake install command with custom implementation using symlinks instead of copying resources
[3.565s] -- Found ament_lint_auto: 0.12.15 (/opt/ros/humble/share/ament_lint_auto/cmake)
[4.469s] -- Added test 'lint_cmake' to check CMake code style
[4.491s] -- Added test 'xmllint' to check XML markup files
[4.509s] -- Configuring done
[4.572s] -- Generating done
[4.599s] -- Build files have been written to: /home/yzy/roverbot_ws/build/roverbot_description
[4.637s] Invoked command in '/home/yzy/roverbot_ws/build/roverbot_description' returned '0': CMAKE_PREFIX_PATH=${CMAKE_PREFIX_PATH}:/home/yzy/roverbot_ws/install/roverbot_chassis_driver:/opt/ros/humble /usr/bin/cmake /home/yzy/roverbot_ws/src/roverbot_description -DAMENT_CMAKE_SYMLINK_INSTALL=1 -DCMAKE_INSTALL_PREFIX=/home/yzy/roverbot_ws/install/roverbot_description
[4.640s] Invoking command in '/home/yzy/roverbot_ws/build/roverbot_description': CMAKE_PREFIX_PATH=${CMAKE_PREFIX_PATH}:/home/yzy/roverbot_ws/install/roverbot_chassis_driver:/opt/ros/humble /usr/bin/cmake --build /home/yzy/roverbot_ws/build/roverbot_description -- -j4 -l4
[4.901s] Invoked command in '/home/yzy/roverbot_ws/build/roverbot_description' returned '0': CMAKE_PREFIX_PATH=${CMAKE_PREFIX_PATH}:/home/yzy/roverbot_ws/install/roverbot_chassis_driver:/opt/ros/humble /usr/bin/cmake --build /home/yzy/roverbot_ws/build/roverbot_description -- -j4 -l4
[4.905s] Invoking command in '/home/yzy/roverbot_ws/build/roverbot_description': CMAKE_PREFIX_PATH=${CMAKE_PREFIX_PATH}:/home/yzy/roverbot_ws/install/roverbot_chassis_driver:/opt/ros/humble /usr/bin/cmake --install /home/yzy/roverbot_ws/build/roverbot_description
[4.993s] -- Install configuration: ""
[4.996s] -- Execute custom install script
[5.011s] -- Symlinking: /home/yzy/roverbot_ws/install/roverbot_description/share/roverbot_description/urdf/roverbot.urdf
[5.103s] -- Symlinking: /home/yzy/roverbot_ws/install/roverbot_description/share/ament_index/resource_index/package_run_dependencies/roverbot_description
[5.235s] -- Symlinking: /home/yzy/roverbot_ws/install/roverbot_description/share/ament_index/resource_index/parent_prefix_path/roverbot_description
[5.350s] -- Symlinking: /home/yzy/roverbot_ws/install/roverbot_description/share/roverbot_description/environment/ament_prefix_path.sh
[5.467s] -- Symlinking: /home/yzy/roverbot_ws/install/roverbot_description/share/roverbot_description/environment/ament_prefix_path.dsv
[5.580s] -- Symlinking: /home/yzy/roverbot_ws/install/roverbot_description/share/roverbot_description/environment/path.sh
[5.689s] -- Symlinking: /home/yzy/roverbot_ws/install/roverbot_description/share/roverbot_description/environment/path.dsv
[5.791s] -- Symlinking: /home/yzy/roverbot_ws/install/roverbot_description/share/roverbot_description/local_setup.bash
[5.883s] -- Symlinking: /home/yzy/roverbot_ws/install/roverbot_description/share/roverbot_description/local_setup.sh
[5.979s] -- Symlinking: /home/yzy/roverbot_ws/install/roverbot_description/share/roverbot_description/local_setup.zsh
[6.064s] -- Symlinking: /home/yzy/roverbot_ws/install/roverbot_description/share/roverbot_description/local_setup.dsv
[6.179s] -- Symlinking: /home/yzy/roverbot_ws/install/roverbot_description/share/roverbot_description/package.dsv
[6.305s] -- Symlinking: /home/yzy/roverbot_ws/install/roverbot_description/share/ament_index/resource_index/packages/roverbot_description
[6.403s] -- Symlinking: /home/yzy/roverbot_ws/install/roverbot_description/share/roverbot_description/cmake/roverbot_descriptionConfig.cmake
[6.512s] -- Symlinking: /home/yzy/roverbot_ws/install/roverbot_description/share/roverbot_description/cmake/roverbot_descriptionConfig-version.cmake
[6.615s] -- Symlinking: /home/yzy/roverbot_ws/install/roverbot_description/share/roverbot_description/package.xml
[6.737s] Invoked command in '/home/yzy/roverbot_ws/build/roverbot_description' returned '0': CMAKE_PREFIX_PATH=${CMAKE_PREFIX_PATH}:/home/yzy/roverbot_ws/install/roverbot_chassis_driver:/opt/ros/humble /usr/bin/cmake --install /home/yzy/roverbot_ws/build/roverbot_description
