[0.440s] DEBUG:colcon:Command line arguments: ['/usr/bin/colcon', 'build', '--symlink-install']
[0.441s] DEBUG:colcon:Parsed command line arguments: Namespace(log_base=None, log_level=None, verb_name='build', build_base='build', install_base='install', merge_install=False, symlink_install=True, test_result_base=None, continue_on_error=False, executor='parallel', parallel_workers=4, event_handlers=None, ignore_user_meta=False, metas=['./colcon.meta'], base_paths=['.'], packages_ignore=None, packages_ignore_regex=None, paths=None, packages_up_to=None, packages_up_to_regex=None, packages_above=None, packages_above_and_dependencies=None, packages_above_depth=None, packages_select_by_dep=None, packages_skip_by_dep=None, packages_skip_up_to=None, packages_select_build_failed=False, packages_skip_build_finished=False, packages_select_test_failures=False, packages_skip_test_passed=False, packages_select=None, packages_skip=None, packages_select_regex=None, packages_skip_regex=None, packages_start=None, packages_end=None, allow_overriding=[], cmake_args=None, cmake_target=None, cmake_target_skip_unavailable=False, cmake_clean_cache=False, cmake_clean_first=False, cmake_force_configure=False, ament_cmake_args=None, catkin_cmake_args=None, catkin_skip_building_tests=False, verb_parser=<colcon_defaults.argument_parser.defaults.DefaultArgumentsDecorator object at 0xffffa1410f10>, verb_extension=<colcon_core.verb.build.BuildVerb object at 0xffffa15a63e0>, main=<bound method BuildVerb.main of <colcon_core.verb.build.BuildVerb object at 0xffffa15a63e0>>)
[1.274s] Level 1:colcon.colcon_core.package_discovery:discover_packages(colcon_meta) check parameters
[1.275s] Level 1:colcon.colcon_core.package_discovery:discover_packages(recursive) check parameters
[1.275s] Level 1:colcon.colcon_core.package_discovery:discover_packages(ignore) check parameters
[1.275s] Level 1:colcon.colcon_core.package_discovery:discover_packages(path) check parameters
[1.275s] Level 1:colcon.colcon_core.package_discovery:discover_packages(colcon_meta) discover
[1.275s] Level 1:colcon.colcon_core.package_discovery:discover_packages(recursive) discover
[1.275s] INFO:colcon.colcon_core.package_discovery:Crawling recursively for packages in '/home/yzy/roverbot_ws'
[1.276s] Level 1:colcon.colcon_core.package_identification:_identify(.) by extensions ['ignore', 'ignore_ament_install']
[1.276s] Level 1:colcon.colcon_core.package_identification:_identify(.) by extension 'ignore'
[1.276s] Level 1:colcon.colcon_core.package_identification:_identify(.) by extension 'ignore_ament_install'
[1.277s] Level 1:colcon.colcon_core.package_identification:_identify(.) by extensions ['colcon_pkg']
[1.277s] Level 1:colcon.colcon_core.package_identification:_identify(.) by extension 'colcon_pkg'
[1.277s] Level 1:colcon.colcon_core.package_identification:_identify(.) by extensions ['colcon_meta']
[1.277s] Level 1:colcon.colcon_core.package_identification:_identify(.) by extension 'colcon_meta'
[1.277s] Level 1:colcon.colcon_core.package_identification:_identify(.) by extensions ['ros']
[1.277s] Level 1:colcon.colcon_core.package_identification:_identify(.) by extension 'ros'
[1.323s] Level 1:colcon.colcon_core.package_identification:_identify(.) by extensions ['cmake', 'python']
[1.324s] Level 1:colcon.colcon_core.package_identification:_identify(.) by extension 'cmake'
[1.324s] Level 1:colcon.colcon_core.package_identification:_identify(.) by extension 'python'
[1.324s] Level 1:colcon.colcon_core.package_identification:_identify(.) by extensions ['python_setup_py']
[1.324s] Level 1:colcon.colcon_core.package_identification:_identify(.) by extension 'python_setup_py'
[1.325s] Level 1:colcon.colcon_core.package_identification:_identify(build) by extensions ['ignore', 'ignore_ament_install']
[1.325s] Level 1:colcon.colcon_core.package_identification:_identify(build) by extension 'ignore'
[1.325s] Level 1:colcon.colcon_core.package_identification:_identify(build) ignored
[1.326s] Level 1:colcon.colcon_core.package_identification:_identify(install) by extensions ['ignore', 'ignore_ament_install']
[1.326s] Level 1:colcon.colcon_core.package_identification:_identify(install) by extension 'ignore'
[1.326s] Level 1:colcon.colcon_core.package_identification:_identify(install) ignored
[1.327s] Level 1:colcon.colcon_core.package_identification:_identify(log) by extensions ['ignore', 'ignore_ament_install']
[1.327s] Level 1:colcon.colcon_core.package_identification:_identify(log) by extension 'ignore'
[1.327s] Level 1:colcon.colcon_core.package_identification:_identify(log) ignored
[1.328s] Level 1:colcon.colcon_core.package_identification:_identify(src) by extensions ['ignore', 'ignore_ament_install']
[1.328s] Level 1:colcon.colcon_core.package_identification:_identify(src) by extension 'ignore'
[1.328s] Level 1:colcon.colcon_core.package_identification:_identify(src) by extension 'ignore_ament_install'
[1.328s] Level 1:colcon.colcon_core.package_identification:_identify(src) by extensions ['colcon_pkg']
[1.328s] Level 1:colcon.colcon_core.package_identification:_identify(src) by extension 'colcon_pkg'
[1.329s] Level 1:colcon.colcon_core.package_identification:_identify(src) by extensions ['colcon_meta']
[1.329s] Level 1:colcon.colcon_core.package_identification:_identify(src) by extension 'colcon_meta'
[1.329s] Level 1:colcon.colcon_core.package_identification:_identify(src) by extensions ['ros']
[1.329s] Level 1:colcon.colcon_core.package_identification:_identify(src) by extension 'ros'
[1.329s] Level 1:colcon.colcon_core.package_identification:_identify(src) by extensions ['cmake', 'python']
[1.329s] Level 1:colcon.colcon_core.package_identification:_identify(src) by extension 'cmake'
[1.330s] Level 1:colcon.colcon_core.package_identification:_identify(src) by extension 'python'
[1.330s] Level 1:colcon.colcon_core.package_identification:_identify(src) by extensions ['python_setup_py']
[1.330s] Level 1:colcon.colcon_core.package_identification:_identify(src) by extension 'python_setup_py'
[1.330s] Level 1:colcon.colcon_core.package_identification:_identify(src/ldlidar_ros2) by extensions ['ignore', 'ignore_ament_install']
[1.331s] Level 1:colcon.colcon_core.package_identification:_identify(src/ldlidar_ros2) by extension 'ignore'
[1.331s] Level 1:colcon.colcon_core.package_identification:_identify(src/ldlidar_ros2) by extension 'ignore_ament_install'
[1.331s] Level 1:colcon.colcon_core.package_identification:_identify(src/ldlidar_ros2) by extensions ['colcon_pkg']
[1.331s] Level 1:colcon.colcon_core.package_identification:_identify(src/ldlidar_ros2) by extension 'colcon_pkg'
[1.331s] Level 1:colcon.colcon_core.package_identification:_identify(src/ldlidar_ros2) by extensions ['colcon_meta']
[1.332s] Level 1:colcon.colcon_core.package_identification:_identify(src/ldlidar_ros2) by extension 'colcon_meta'
[1.332s] Level 1:colcon.colcon_core.package_identification:_identify(src/ldlidar_ros2) by extensions ['ros']
[1.332s] Level 1:colcon.colcon_core.package_identification:_identify(src/ldlidar_ros2) by extension 'ros'
[1.341s] DEBUG:colcon.colcon_core.package_identification:Package 'src/ldlidar_ros2' with type 'ros.ament_cmake' and name 'ldlidar_ros2'
[1.342s] Level 1:colcon.colcon_core.package_identification:_identify(src/ros2_astra_camera) by extensions ['ignore', 'ignore_ament_install']
[1.342s] Level 1:colcon.colcon_core.package_identification:_identify(src/ros2_astra_camera) by extension 'ignore'
[1.343s] Level 1:colcon.colcon_core.package_identification:_identify(src/ros2_astra_camera) by extension 'ignore_ament_install'
[1.343s] Level 1:colcon.colcon_core.package_identification:_identify(src/ros2_astra_camera) by extensions ['colcon_pkg']
[1.343s] Level 1:colcon.colcon_core.package_identification:_identify(src/ros2_astra_camera) by extension 'colcon_pkg'
[1.343s] Level 1:colcon.colcon_core.package_identification:_identify(src/ros2_astra_camera) by extensions ['colcon_meta']
[1.343s] Level 1:colcon.colcon_core.package_identification:_identify(src/ros2_astra_camera) by extension 'colcon_meta'
[1.344s] Level 1:colcon.colcon_core.package_identification:_identify(src/ros2_astra_camera) by extensions ['ros']
[1.344s] Level 1:colcon.colcon_core.package_identification:_identify(src/ros2_astra_camera) by extension 'ros'
[1.344s] Level 1:colcon.colcon_core.package_identification:_identify(src/ros2_astra_camera) by extensions ['cmake', 'python']
[1.344s] Level 1:colcon.colcon_core.package_identification:_identify(src/ros2_astra_camera) by extension 'cmake'
[1.344s] Level 1:colcon.colcon_core.package_identification:_identify(src/ros2_astra_camera) by extension 'python'
[1.345s] Level 1:colcon.colcon_core.package_identification:_identify(src/ros2_astra_camera) by extensions ['python_setup_py']
[1.345s] Level 1:colcon.colcon_core.package_identification:_identify(src/ros2_astra_camera) by extension 'python_setup_py'
[1.345s] Level 1:colcon.colcon_core.package_identification:_identify(src/ros2_astra_camera/astra_camera) by extensions ['ignore', 'ignore_ament_install']
[1.346s] Level 1:colcon.colcon_core.package_identification:_identify(src/ros2_astra_camera/astra_camera) by extension 'ignore'
[1.346s] Level 1:colcon.colcon_core.package_identification:_identify(src/ros2_astra_camera/astra_camera) by extension 'ignore_ament_install'
[1.346s] Level 1:colcon.colcon_core.package_identification:_identify(src/ros2_astra_camera/astra_camera) by extensions ['colcon_pkg']
[1.346s] Level 1:colcon.colcon_core.package_identification:_identify(src/ros2_astra_camera/astra_camera) by extension 'colcon_pkg'
[1.346s] Level 1:colcon.colcon_core.package_identification:_identify(src/ros2_astra_camera/astra_camera) by extensions ['colcon_meta']
[1.346s] Level 1:colcon.colcon_core.package_identification:_identify(src/ros2_astra_camera/astra_camera) by extension 'colcon_meta'
[1.347s] Level 1:colcon.colcon_core.package_identification:_identify(src/ros2_astra_camera/astra_camera) by extensions ['ros']
[1.347s] Level 1:colcon.colcon_core.package_identification:_identify(src/ros2_astra_camera/astra_camera) by extension 'ros'
[1.355s] DEBUG:colcon.colcon_core.package_identification:Package 'src/ros2_astra_camera/astra_camera' with type 'ros.ament_cmake' and name 'astra_camera'
[1.356s] Level 1:colcon.colcon_core.package_identification:_identify(src/ros2_astra_camera/astra_camera_msgs) by extensions ['ignore', 'ignore_ament_install']
[1.356s] Level 1:colcon.colcon_core.package_identification:_identify(src/ros2_astra_camera/astra_camera_msgs) by extension 'ignore'
[1.357s] Level 1:colcon.colcon_core.package_identification:_identify(src/ros2_astra_camera/astra_camera_msgs) by extension 'ignore_ament_install'
[1.357s] Level 1:colcon.colcon_core.package_identification:_identify(src/ros2_astra_camera/astra_camera_msgs) by extensions ['colcon_pkg']
[1.357s] Level 1:colcon.colcon_core.package_identification:_identify(src/ros2_astra_camera/astra_camera_msgs) by extension 'colcon_pkg'
[1.357s] Level 1:colcon.colcon_core.package_identification:_identify(src/ros2_astra_camera/astra_camera_msgs) by extensions ['colcon_meta']
[1.357s] Level 1:colcon.colcon_core.package_identification:_identify(src/ros2_astra_camera/astra_camera_msgs) by extension 'colcon_meta'
[1.357s] Level 1:colcon.colcon_core.package_identification:_identify(src/ros2_astra_camera/astra_camera_msgs) by extensions ['ros']
[1.358s] Level 1:colcon.colcon_core.package_identification:_identify(src/ros2_astra_camera/astra_camera_msgs) by extension 'ros'
[1.360s] DEBUG:colcon.colcon_core.package_identification:Package 'src/ros2_astra_camera/astra_camera_msgs' with type 'ros.ament_cmake' and name 'astra_camera_msgs'
[1.361s] Level 1:colcon.colcon_core.package_identification:_identify(src/roverbot_bringup) by extensions ['ignore', 'ignore_ament_install']
[1.361s] Level 1:colcon.colcon_core.package_identification:_identify(src/roverbot_bringup) by extension 'ignore'
[1.361s] Level 1:colcon.colcon_core.package_identification:_identify(src/roverbot_bringup) by extension 'ignore_ament_install'
[1.361s] Level 1:colcon.colcon_core.package_identification:_identify(src/roverbot_bringup) by extensions ['colcon_pkg']
[1.361s] Level 1:colcon.colcon_core.package_identification:_identify(src/roverbot_bringup) by extension 'colcon_pkg'
[1.362s] Level 1:colcon.colcon_core.package_identification:_identify(src/roverbot_bringup) by extensions ['colcon_meta']
[1.362s] Level 1:colcon.colcon_core.package_identification:_identify(src/roverbot_bringup) by extension 'colcon_meta'
[1.362s] Level 1:colcon.colcon_core.package_identification:_identify(src/roverbot_bringup) by extensions ['ros']
[1.362s] Level 1:colcon.colcon_core.package_identification:_identify(src/roverbot_bringup) by extension 'ros'
[1.364s] DEBUG:colcon.colcon_core.package_identification:Package 'src/roverbot_bringup' with type 'ros.ament_cmake' and name 'roverbot_bringup'
[1.365s] Level 1:colcon.colcon_core.package_identification:_identify(src/roverbot_chassis_driver) by extensions ['ignore', 'ignore_ament_install']
[1.365s] Level 1:colcon.colcon_core.package_identification:_identify(src/roverbot_chassis_driver) by extension 'ignore'
[1.365s] Level 1:colcon.colcon_core.package_identification:_identify(src/roverbot_chassis_driver) by extension 'ignore_ament_install'
[1.365s] Level 1:colcon.colcon_core.package_identification:_identify(src/roverbot_chassis_driver) by extensions ['colcon_pkg']
[1.366s] Level 1:colcon.colcon_core.package_identification:_identify(src/roverbot_chassis_driver) by extension 'colcon_pkg'
[1.366s] Level 1:colcon.colcon_core.package_identification:_identify(src/roverbot_chassis_driver) by extensions ['colcon_meta']
[1.366s] Level 1:colcon.colcon_core.package_identification:_identify(src/roverbot_chassis_driver) by extension 'colcon_meta'
[1.366s] Level 1:colcon.colcon_core.package_identification:_identify(src/roverbot_chassis_driver) by extensions ['ros']
[1.366s] Level 1:colcon.colcon_core.package_identification:_identify(src/roverbot_chassis_driver) by extension 'ros'
[1.369s] DEBUG:colcon.colcon_core.package_identification:Package 'src/roverbot_chassis_driver' with type 'ros.ament_python' and name 'roverbot_chassis_driver'
[1.370s] Level 1:colcon.colcon_core.package_identification:_identify(src/roverbot_description) by extensions ['ignore', 'ignore_ament_install']
[1.370s] Level 1:colcon.colcon_core.package_identification:_identify(src/roverbot_description) by extension 'ignore'
[1.370s] Level 1:colcon.colcon_core.package_identification:_identify(src/roverbot_description) by extension 'ignore_ament_install'
[1.371s] Level 1:colcon.colcon_core.package_identification:_identify(src/roverbot_description) by extensions ['colcon_pkg']
[1.371s] Level 1:colcon.colcon_core.package_identification:_identify(src/roverbot_description) by extension 'colcon_pkg'
[1.371s] Level 1:colcon.colcon_core.package_identification:_identify(src/roverbot_description) by extensions ['colcon_meta']
[1.371s] Level 1:colcon.colcon_core.package_identification:_identify(src/roverbot_description) by extension 'colcon_meta'
[1.371s] Level 1:colcon.colcon_core.package_identification:_identify(src/roverbot_description) by extensions ['ros']
[1.371s] Level 1:colcon.colcon_core.package_identification:_identify(src/roverbot_description) by extension 'ros'
[1.373s] DEBUG:colcon.colcon_core.package_identification:Package 'src/roverbot_description' with type 'ros.ament_cmake' and name 'roverbot_description'
[1.374s] Level 1:colcon.colcon_core.package_discovery:discover_packages(recursive) using defaults
[1.374s] Level 1:colcon.colcon_core.package_discovery:discover_packages(ignore) discover
[1.374s] Level 1:colcon.colcon_core.package_discovery:discover_packages(ignore) using defaults
[1.374s] Level 1:colcon.colcon_core.package_discovery:discover_packages(path) discover
[1.374s] Level 1:colcon.colcon_core.package_discovery:discover_packages(path) using defaults
[1.493s] Level 1:colcon.colcon_core.package_discovery:discover_packages(prefix_path) check parameters
[1.493s] Level 1:colcon.colcon_core.package_discovery:discover_packages(prefix_path) discover
[1.498s] WARNING:colcon.colcon_ros.prefix_path.ament:The path '/home/yzy/roverbot_ws/install/roverbot_description' in the environment variable AMENT_PREFIX_PATH doesn't exist
[1.498s] WARNING:colcon.colcon_ros.prefix_path.ament:The path '/home/yzy/roverbot_ws/install/roverbot_chassis_driver' in the environment variable AMENT_PREFIX_PATH doesn't exist
[1.499s] WARNING:colcon.colcon_ros.prefix_path.ament:The path '/home/yzy/roverbot_ws/install/roverbot_bringup' in the environment variable AMENT_PREFIX_PATH doesn't exist
[1.499s] WARNING:colcon.colcon_ros.prefix_path.ament:The path '/home/yzy/roverbot_ws/install/micro_ros_setup' in the environment variable AMENT_PREFIX_PATH doesn't exist
[1.499s] WARNING:colcon.colcon_ros.prefix_path.ament:The path '/home/yzy/roverbot_ws/install/micro_ros_agent' in the environment variable AMENT_PREFIX_PATH doesn't exist
[1.499s] WARNING:colcon.colcon_ros.prefix_path.ament:The path '/home/yzy/roverbot_ws/install/micro_ros_msgs' in the environment variable AMENT_PREFIX_PATH doesn't exist
[1.499s] WARNING:colcon.colcon_ros.prefix_path.ament:The path '/home/yzy/roverbot_ws/install/ldlidar_ros2' in the environment variable AMENT_PREFIX_PATH doesn't exist
[1.500s] WARNING:colcon.colcon_ros.prefix_path.ament:The path '/home/yzy/roverbot_ws/install/astra_camera' in the environment variable AMENT_PREFIX_PATH doesn't exist
[1.500s] WARNING:colcon.colcon_ros.prefix_path.ament:The path '/home/yzy/roverbot_ws/install/astra_camera_msgs' in the environment variable AMENT_PREFIX_PATH doesn't exist
[1.500s] WARNING:colcon.colcon_ros.prefix_path.catkin:The path '/home/yzy/roverbot_ws/install/roverbot_description' in the environment variable CMAKE_PREFIX_PATH doesn't exist
[1.501s] WARNING:colcon.colcon_ros.prefix_path.catkin:The path '/home/yzy/roverbot_ws/install/roverbot_bringup' in the environment variable CMAKE_PREFIX_PATH doesn't exist
[1.501s] WARNING:colcon.colcon_ros.prefix_path.catkin:The path '/home/yzy/roverbot_ws/install/micro_ros_setup' in the environment variable CMAKE_PREFIX_PATH doesn't exist
[1.501s] WARNING:colcon.colcon_ros.prefix_path.catkin:The path '/home/yzy/roverbot_ws/install/micro_ros_agent' in the environment variable CMAKE_PREFIX_PATH doesn't exist
[1.501s] WARNING:colcon.colcon_ros.prefix_path.catkin:The path '/home/yzy/roverbot_ws/install/micro_ros_msgs' in the environment variable CMAKE_PREFIX_PATH doesn't exist
[1.501s] WARNING:colcon.colcon_ros.prefix_path.catkin:The path '/home/yzy/roverbot_ws/install/ldlidar_ros2' in the environment variable CMAKE_PREFIX_PATH doesn't exist
[1.501s] WARNING:colcon.colcon_ros.prefix_path.catkin:The path '/home/yzy/roverbot_ws/install/astra_camera' in the environment variable CMAKE_PREFIX_PATH doesn't exist
[1.502s] WARNING:colcon.colcon_ros.prefix_path.catkin:The path '/home/yzy/roverbot_ws/install/astra_camera_msgs' in the environment variable CMAKE_PREFIX_PATH doesn't exist
[1.504s] DEBUG:colcon.colcon_installed_package_information.package_discovery:Found 0 installed packages in /home/yzy/roverbot_ws/install
[1.515s] DEBUG:colcon.colcon_installed_package_information.package_discovery:Found 324 installed packages in /opt/ros/humble
[1.522s] Level 1:colcon.colcon_core.package_discovery:discover_packages(prefix_path) using defaults
[1.711s] Level 5:colcon.colcon_core.verb:set package 'astra_camera_msgs' build argument 'cmake_args' from command line to 'None'
[1.712s] Level 5:colcon.colcon_core.verb:set package 'astra_camera_msgs' build argument 'cmake_target' from command line to 'None'
[1.712s] Level 5:colcon.colcon_core.verb:set package 'astra_camera_msgs' build argument 'cmake_target_skip_unavailable' from command line to 'False'
[1.712s] Level 5:colcon.colcon_core.verb:set package 'astra_camera_msgs' build argument 'cmake_clean_cache' from command line to 'False'
[1.712s] Level 5:colcon.colcon_core.verb:set package 'astra_camera_msgs' build argument 'cmake_clean_first' from command line to 'False'
[1.712s] Level 5:colcon.colcon_core.verb:set package 'astra_camera_msgs' build argument 'cmake_force_configure' from command line to 'False'
[1.712s] Level 5:colcon.colcon_core.verb:set package 'astra_camera_msgs' build argument 'ament_cmake_args' from command line to 'None'
[1.712s] Level 5:colcon.colcon_core.verb:set package 'astra_camera_msgs' build argument 'catkin_cmake_args' from command line to 'None'
[1.712s] Level 5:colcon.colcon_core.verb:set package 'astra_camera_msgs' build argument 'catkin_skip_building_tests' from command line to 'False'
[1.712s] DEBUG:colcon.colcon_core.verb:Building package 'astra_camera_msgs' with the following arguments: {'ament_cmake_args': None, 'build_base': '/home/yzy/roverbot_ws/build/astra_camera_msgs', 'catkin_cmake_args': None, 'catkin_skip_building_tests': False, 'cmake_args': None, 'cmake_clean_cache': False, 'cmake_clean_first': False, 'cmake_force_configure': False, 'cmake_target': None, 'cmake_target_skip_unavailable': False, 'install_base': '/home/yzy/roverbot_ws/install/astra_camera_msgs', 'merge_install': False, 'path': '/home/yzy/roverbot_ws/src/ros2_astra_camera/astra_camera_msgs', 'symlink_install': True, 'test_result_base': None}
[1.714s] Level 5:colcon.colcon_core.verb:set package 'ldlidar_ros2' build argument 'cmake_args' from command line to 'None'
[1.714s] Level 5:colcon.colcon_core.verb:set package 'ldlidar_ros2' build argument 'cmake_target' from command line to 'None'
[1.714s] Level 5:colcon.colcon_core.verb:set package 'ldlidar_ros2' build argument 'cmake_target_skip_unavailable' from command line to 'False'
[1.714s] Level 5:colcon.colcon_core.verb:set package 'ldlidar_ros2' build argument 'cmake_clean_cache' from command line to 'False'
[1.714s] Level 5:colcon.colcon_core.verb:set package 'ldlidar_ros2' build argument 'cmake_clean_first' from command line to 'False'
[1.715s] Level 5:colcon.colcon_core.verb:set package 'ldlidar_ros2' build argument 'cmake_force_configure' from command line to 'False'
[1.715s] Level 5:colcon.colcon_core.verb:set package 'ldlidar_ros2' build argument 'ament_cmake_args' from command line to 'None'
[1.715s] Level 5:colcon.colcon_core.verb:set package 'ldlidar_ros2' build argument 'catkin_cmake_args' from command line to 'None'
[1.715s] Level 5:colcon.colcon_core.verb:set package 'ldlidar_ros2' build argument 'catkin_skip_building_tests' from command line to 'False'
[1.715s] DEBUG:colcon.colcon_core.verb:Building package 'ldlidar_ros2' with the following arguments: {'ament_cmake_args': None, 'build_base': '/home/yzy/roverbot_ws/build/ldlidar_ros2', 'catkin_cmake_args': None, 'catkin_skip_building_tests': False, 'cmake_args': None, 'cmake_clean_cache': False, 'cmake_clean_first': False, 'cmake_force_configure': False, 'cmake_target': None, 'cmake_target_skip_unavailable': False, 'install_base': '/home/yzy/roverbot_ws/install/ldlidar_ros2', 'merge_install': False, 'path': '/home/yzy/roverbot_ws/src/ldlidar_ros2', 'symlink_install': True, 'test_result_base': None}
[1.716s] Level 5:colcon.colcon_core.verb:set package 'roverbot_bringup' build argument 'cmake_args' from command line to 'None'
[1.716s] Level 5:colcon.colcon_core.verb:set package 'roverbot_bringup' build argument 'cmake_target' from command line to 'None'
[1.717s] Level 5:colcon.colcon_core.verb:set package 'roverbot_bringup' build argument 'cmake_target_skip_unavailable' from command line to 'False'
[1.717s] Level 5:colcon.colcon_core.verb:set package 'roverbot_bringup' build argument 'cmake_clean_cache' from command line to 'False'
[1.717s] Level 5:colcon.colcon_core.verb:set package 'roverbot_bringup' build argument 'cmake_clean_first' from command line to 'False'
[1.717s] Level 5:colcon.colcon_core.verb:set package 'roverbot_bringup' build argument 'cmake_force_configure' from command line to 'False'
[1.717s] Level 5:colcon.colcon_core.verb:set package 'roverbot_bringup' build argument 'ament_cmake_args' from command line to 'None'
[1.717s] Level 5:colcon.colcon_core.verb:set package 'roverbot_bringup' build argument 'catkin_cmake_args' from command line to 'None'
[1.717s] Level 5:colcon.colcon_core.verb:set package 'roverbot_bringup' build argument 'catkin_skip_building_tests' from command line to 'False'
[1.717s] DEBUG:colcon.colcon_core.verb:Building package 'roverbot_bringup' with the following arguments: {'ament_cmake_args': None, 'build_base': '/home/yzy/roverbot_ws/build/roverbot_bringup', 'catkin_cmake_args': None, 'catkin_skip_building_tests': False, 'cmake_args': None, 'cmake_clean_cache': False, 'cmake_clean_first': False, 'cmake_force_configure': False, 'cmake_target': None, 'cmake_target_skip_unavailable': False, 'install_base': '/home/yzy/roverbot_ws/install/roverbot_bringup', 'merge_install': False, 'path': '/home/yzy/roverbot_ws/src/roverbot_bringup', 'symlink_install': True, 'test_result_base': None}
[1.719s] Level 5:colcon.colcon_core.verb:set package 'roverbot_chassis_driver' build argument 'cmake_args' from command line to 'None'
[1.719s] Level 5:colcon.colcon_core.verb:set package 'roverbot_chassis_driver' build argument 'cmake_target' from command line to 'None'
[1.719s] Level 5:colcon.colcon_core.verb:set package 'roverbot_chassis_driver' build argument 'cmake_target_skip_unavailable' from command line to 'False'
[1.719s] Level 5:colcon.colcon_core.verb:set package 'roverbot_chassis_driver' build argument 'cmake_clean_cache' from command line to 'False'
[1.719s] Level 5:colcon.colcon_core.verb:set package 'roverbot_chassis_driver' build argument 'cmake_clean_first' from command line to 'False'
[1.719s] Level 5:colcon.colcon_core.verb:set package 'roverbot_chassis_driver' build argument 'cmake_force_configure' from command line to 'False'
[1.719s] Level 5:colcon.colcon_core.verb:set package 'roverbot_chassis_driver' build argument 'ament_cmake_args' from command line to 'None'
[1.720s] Level 5:colcon.colcon_core.verb:set package 'roverbot_chassis_driver' build argument 'catkin_cmake_args' from command line to 'None'
[1.720s] Level 5:colcon.colcon_core.verb:set package 'roverbot_chassis_driver' build argument 'catkin_skip_building_tests' from command line to 'False'
[1.720s] DEBUG:colcon.colcon_core.verb:Building package 'roverbot_chassis_driver' with the following arguments: {'ament_cmake_args': None, 'build_base': '/home/yzy/roverbot_ws/build/roverbot_chassis_driver', 'catkin_cmake_args': None, 'catkin_skip_building_tests': False, 'cmake_args': None, 'cmake_clean_cache': False, 'cmake_clean_first': False, 'cmake_force_configure': False, 'cmake_target': None, 'cmake_target_skip_unavailable': False, 'install_base': '/home/yzy/roverbot_ws/install/roverbot_chassis_driver', 'merge_install': False, 'path': '/home/yzy/roverbot_ws/src/roverbot_chassis_driver', 'symlink_install': True, 'test_result_base': None}
[1.721s] Level 5:colcon.colcon_core.verb:set package 'roverbot_description' build argument 'cmake_args' from command line to 'None'
[1.721s] Level 5:colcon.colcon_core.verb:set package 'roverbot_description' build argument 'cmake_target' from command line to 'None'
[1.721s] Level 5:colcon.colcon_core.verb:set package 'roverbot_description' build argument 'cmake_target_skip_unavailable' from command line to 'False'
[1.722s] Level 5:colcon.colcon_core.verb:set package 'roverbot_description' build argument 'cmake_clean_cache' from command line to 'False'
[1.722s] Level 5:colcon.colcon_core.verb:set package 'roverbot_description' build argument 'cmake_clean_first' from command line to 'False'
[1.722s] Level 5:colcon.colcon_core.verb:set package 'roverbot_description' build argument 'cmake_force_configure' from command line to 'False'
[1.722s] Level 5:colcon.colcon_core.verb:set package 'roverbot_description' build argument 'ament_cmake_args' from command line to 'None'
[1.722s] Level 5:colcon.colcon_core.verb:set package 'roverbot_description' build argument 'catkin_cmake_args' from command line to 'None'
[1.722s] Level 5:colcon.colcon_core.verb:set package 'roverbot_description' build argument 'catkin_skip_building_tests' from command line to 'False'
[1.722s] DEBUG:colcon.colcon_core.verb:Building package 'roverbot_description' with the following arguments: {'ament_cmake_args': None, 'build_base': '/home/yzy/roverbot_ws/build/roverbot_description', 'catkin_cmake_args': None, 'catkin_skip_building_tests': False, 'cmake_args': None, 'cmake_clean_cache': False, 'cmake_clean_first': False, 'cmake_force_configure': False, 'cmake_target': None, 'cmake_target_skip_unavailable': False, 'install_base': '/home/yzy/roverbot_ws/install/roverbot_description', 'merge_install': False, 'path': '/home/yzy/roverbot_ws/src/roverbot_description', 'symlink_install': True, 'test_result_base': None}
[1.724s] Level 5:colcon.colcon_core.verb:set package 'astra_camera' build argument 'cmake_args' from command line to 'None'
[1.724s] Level 5:colcon.colcon_core.verb:set package 'astra_camera' build argument 'cmake_target' from command line to 'None'
[1.724s] Level 5:colcon.colcon_core.verb:set package 'astra_camera' build argument 'cmake_target_skip_unavailable' from command line to 'False'
[1.724s] Level 5:colcon.colcon_core.verb:set package 'astra_camera' build argument 'cmake_clean_cache' from command line to 'False'
[1.724s] Level 5:colcon.colcon_core.verb:set package 'astra_camera' build argument 'cmake_clean_first' from command line to 'False'
[1.724s] Level 5:colcon.colcon_core.verb:set package 'astra_camera' build argument 'cmake_force_configure' from command line to 'False'
[1.724s] Level 5:colcon.colcon_core.verb:set package 'astra_camera' build argument 'ament_cmake_args' from command line to 'None'
[1.724s] Level 5:colcon.colcon_core.verb:set package 'astra_camera' build argument 'catkin_cmake_args' from command line to 'None'
[1.724s] Level 5:colcon.colcon_core.verb:set package 'astra_camera' build argument 'catkin_skip_building_tests' from command line to 'False'
[1.725s] DEBUG:colcon.colcon_core.verb:Building package 'astra_camera' with the following arguments: {'ament_cmake_args': None, 'build_base': '/home/yzy/roverbot_ws/build/astra_camera', 'catkin_cmake_args': None, 'catkin_skip_building_tests': False, 'cmake_args': None, 'cmake_clean_cache': False, 'cmake_clean_first': False, 'cmake_force_configure': False, 'cmake_target': None, 'cmake_target_skip_unavailable': False, 'install_base': '/home/yzy/roverbot_ws/install/astra_camera', 'merge_install': False, 'path': '/home/yzy/roverbot_ws/src/ros2_astra_camera/astra_camera', 'symlink_install': True, 'test_result_base': None}
[1.725s] INFO:colcon.colcon_core.executor:Executing jobs using 'parallel' executor
[1.728s] DEBUG:colcon.colcon_parallel_executor.executor.parallel:run_until_complete
[1.730s] INFO:colcon.colcon_ros.task.ament_cmake.build:Building ROS package in '/home/yzy/roverbot_ws/src/ros2_astra_camera/astra_camera_msgs' with build type 'ament_cmake'
[1.731s] INFO:colcon.colcon_cmake.task.cmake.build:Building CMake package in '/home/yzy/roverbot_ws/src/ros2_astra_camera/astra_camera_msgs'
[1.739s] INFO:colcon.colcon_core.plugin_system:Skipping extension 'colcon_core.shell.bat': Not used on non-Windows systems
[1.740s] INFO:colcon.colcon_core.shell:Skip shell extension 'powershell' for command environment: Not usable outside of PowerShell
[1.740s] DEBUG:colcon.colcon_core.shell:Skip shell extension 'dsv' for command environment
[1.760s] INFO:colcon.colcon_ros.task.ament_cmake.build:Building ROS package in '/home/yzy/roverbot_ws/src/ldlidar_ros2' with build type 'ament_cmake'
[1.760s] INFO:colcon.colcon_cmake.task.cmake.build:Building CMake package in '/home/yzy/roverbot_ws/src/ldlidar_ros2'
[1.761s] INFO:colcon.colcon_core.shell:Skip shell extension 'powershell' for command environment: Not usable outside of PowerShell
[1.762s] DEBUG:colcon.colcon_core.shell:Skip shell extension 'dsv' for command environment
[1.781s] INFO:colcon.colcon_ros.task.ament_cmake.build:Building ROS package in '/home/yzy/roverbot_ws/src/roverbot_bringup' with build type 'ament_cmake'
[1.782s] INFO:colcon.colcon_cmake.task.cmake.build:Building CMake package in '/home/yzy/roverbot_ws/src/roverbot_bringup'
[1.783s] INFO:colcon.colcon_core.shell:Skip shell extension 'powershell' for command environment: Not usable outside of PowerShell
[1.783s] DEBUG:colcon.colcon_core.shell:Skip shell extension 'dsv' for command environment
[1.802s] INFO:colcon.colcon_ros.task.ament_python.build:Building ROS package in '/home/yzy/roverbot_ws/src/roverbot_chassis_driver' with build type 'ament_python'
[1.803s] Level 1:colcon.colcon_core.shell:create_environment_hook('roverbot_chassis_driver', 'ament_prefix_path')
[1.804s] INFO:colcon.colcon_core.shell:Creating environment hook '/home/yzy/roverbot_ws/install/roverbot_chassis_driver/share/roverbot_chassis_driver/hook/ament_prefix_path.ps1'
[1.807s] INFO:colcon.colcon_core.shell:Creating environment descriptor '/home/yzy/roverbot_ws/install/roverbot_chassis_driver/share/roverbot_chassis_driver/hook/ament_prefix_path.dsv'
[1.810s] INFO:colcon.colcon_core.shell:Creating environment hook '/home/yzy/roverbot_ws/install/roverbot_chassis_driver/share/roverbot_chassis_driver/hook/ament_prefix_path.sh'
[1.813s] INFO:colcon.colcon_core.shell:Skip shell extension 'powershell' for command environment: Not usable outside of PowerShell
[1.813s] DEBUG:colcon.colcon_core.shell:Skip shell extension 'dsv' for command environment
[1.854s] DEBUG:colcon.colcon_core.event_handler.log_command:Invoking command in '/home/yzy/roverbot_ws/build/astra_camera_msgs': CMAKE_PREFIX_PATH=${CMAKE_PREFIX_PATH}:/home/yzy/roverbot_ws/install/roverbot_chassis_driver:/opt/ros/humble /usr/bin/cmake /home/yzy/roverbot_ws/src/ros2_astra_camera/astra_camera_msgs -DAMENT_CMAKE_SYMLINK_INSTALL=1 -DCMAKE_INSTALL_PREFIX=/home/yzy/roverbot_ws/install/astra_camera_msgs
[1.866s] DEBUG:colcon.colcon_core.event_handler.log_command:Invoking command in '/home/yzy/roverbot_ws/build/ldlidar_ros2': CMAKE_PREFIX_PATH=${CMAKE_PREFIX_PATH}:/home/yzy/roverbot_ws/install/roverbot_chassis_driver:/opt/ros/humble /usr/bin/cmake /home/yzy/roverbot_ws/src/ldlidar_ros2 -DAMENT_CMAKE_SYMLINK_INSTALL=1 -DCMAKE_INSTALL_PREFIX=/home/yzy/roverbot_ws/install/ldlidar_ros2
[1.881s] DEBUG:colcon.colcon_core.event_handler.log_command:Invoking command in '/home/yzy/roverbot_ws/build/roverbot_bringup': CMAKE_PREFIX_PATH=${CMAKE_PREFIX_PATH}:/home/yzy/roverbot_ws/install/roverbot_chassis_driver:/opt/ros/humble /usr/bin/cmake /home/yzy/roverbot_ws/src/roverbot_bringup -DAMENT_CMAKE_SYMLINK_INSTALL=1 -DCMAKE_INSTALL_PREFIX=/home/yzy/roverbot_ws/install/roverbot_bringup
[3.569s] INFO:colcon.colcon_core.task.python.build:Building Python package in '/home/yzy/roverbot_ws/src/roverbot_chassis_driver'
[3.570s] INFO:colcon.colcon_core.shell:Skip shell extension 'powershell' for command environment: Not usable outside of PowerShell
[3.571s] DEBUG:colcon.colcon_core.shell:Skip shell extension 'dsv' for command environment
[6.402s] DEBUG:colcon.colcon_core.event_handler.log_command:Invoking command in '/home/yzy/roverbot_ws/build/roverbot_chassis_driver': PYTHONPATH=/home/yzy/roverbot_ws/build/roverbot_chassis_driver/prefix_override:/usr/lib/python3/dist-packages/colcon_core/task/python/colcon_distutils_commands:/home/yzy/roverbot_ws/install/roverbot_chassis_driver/lib/python3.10/site-packages:${PYTHONPATH} /usr/bin/python3 -W ignore:setup.py install is deprecated -W ignore:easy_install command is deprecated setup.py develop --editable --build-directory /home/yzy/roverbot_ws/build/roverbot_chassis_driver/build --no-deps symlink_data
[8.130s] DEBUG:colcon.colcon_core.event_handler.log_command:Invoked command in '/home/yzy/roverbot_ws/build/roverbot_bringup' returned '0': CMAKE_PREFIX_PATH=${CMAKE_PREFIX_PATH}:/home/yzy/roverbot_ws/install/roverbot_chassis_driver:/opt/ros/humble /usr/bin/cmake /home/yzy/roverbot_ws/src/roverbot_bringup -DAMENT_CMAKE_SYMLINK_INSTALL=1 -DCMAKE_INSTALL_PREFIX=/home/yzy/roverbot_ws/install/roverbot_bringup
[8.132s] DEBUG:colcon.colcon_core.event_handler.log_command:Invoking command in '/home/yzy/roverbot_ws/build/roverbot_bringup': CMAKE_PREFIX_PATH=${CMAKE_PREFIX_PATH}:/home/yzy/roverbot_ws/install/roverbot_chassis_driver:/opt/ros/humble /usr/bin/cmake --build /home/yzy/roverbot_ws/build/roverbot_bringup -- -j4 -l4
[8.314s] DEBUG:colcon.colcon_core.event_handler.log_command:Invoked command in '/home/yzy/roverbot_ws/build/roverbot_bringup' returned '0': CMAKE_PREFIX_PATH=${CMAKE_PREFIX_PATH}:/home/yzy/roverbot_ws/install/roverbot_chassis_driver:/opt/ros/humble /usr/bin/cmake --build /home/yzy/roverbot_ws/build/roverbot_bringup -- -j4 -l4
[8.355s] DEBUG:colcon.colcon_core.event_handler.log_command:Invoking command in '/home/yzy/roverbot_ws/build/roverbot_bringup': CMAKE_PREFIX_PATH=${CMAKE_PREFIX_PATH}:/home/yzy/roverbot_ws/install/roverbot_chassis_driver:/opt/ros/humble /usr/bin/cmake --install /home/yzy/roverbot_ws/build/roverbot_bringup
[9.174s] Level 1:colcon.colcon_core.environment:create_environment_scripts_only(roverbot_bringup)
[9.176s] DEBUG:colcon.colcon_core.event_handler.log_command:Invoked command in '/home/yzy/roverbot_ws/build/roverbot_bringup' returned '0': CMAKE_PREFIX_PATH=${CMAKE_PREFIX_PATH}:/home/yzy/roverbot_ws/install/roverbot_chassis_driver:/opt/ros/humble /usr/bin/cmake --install /home/yzy/roverbot_ws/build/roverbot_bringup
[9.189s] Level 1:colcon.colcon_core.environment:checking '/home/yzy/roverbot_ws/install/roverbot_bringup' for CMake module files
[9.193s] Level 1:colcon.colcon_core.environment:checking '/home/yzy/roverbot_ws/install/roverbot_bringup' for CMake config files
[9.197s] Level 1:colcon.colcon_core.shell:create_environment_hook('roverbot_bringup', 'cmake_prefix_path')
[9.198s] INFO:colcon.colcon_core.shell:Creating environment hook '/home/yzy/roverbot_ws/install/roverbot_bringup/share/roverbot_bringup/hook/cmake_prefix_path.ps1'
[9.201s] INFO:colcon.colcon_core.shell:Creating environment descriptor '/home/yzy/roverbot_ws/install/roverbot_bringup/share/roverbot_bringup/hook/cmake_prefix_path.dsv'
[9.203s] INFO:colcon.colcon_core.shell:Creating environment hook '/home/yzy/roverbot_ws/install/roverbot_bringup/share/roverbot_bringup/hook/cmake_prefix_path.sh'
[9.207s] Level 1:colcon.colcon_core.environment:checking '/home/yzy/roverbot_ws/install/roverbot_bringup/lib'
[9.209s] Level 1:colcon.colcon_core.environment:checking '/home/yzy/roverbot_ws/install/roverbot_bringup/bin'
[9.209s] Level 1:colcon.colcon_core.environment:checking '/home/yzy/roverbot_ws/install/roverbot_bringup/lib/pkgconfig/roverbot_bringup.pc'
[9.210s] Level 1:colcon.colcon_core.environment:checking '/home/yzy/roverbot_ws/install/roverbot_bringup/lib/python3.10/site-packages'
[9.213s] Level 1:colcon.colcon_core.environment:checking '/home/yzy/roverbot_ws/install/roverbot_bringup/bin'
[9.214s] INFO:colcon.colcon_core.shell:Creating package script '/home/yzy/roverbot_ws/install/roverbot_bringup/share/roverbot_bringup/package.ps1'
[9.220s] INFO:colcon.colcon_core.shell:Creating package descriptor '/home/yzy/roverbot_ws/install/roverbot_bringup/share/roverbot_bringup/package.dsv'
[9.223s] INFO:colcon.colcon_core.shell:Creating package script '/home/yzy/roverbot_ws/install/roverbot_bringup/share/roverbot_bringup/package.sh'
[9.227s] INFO:colcon.colcon_core.shell:Creating package script '/home/yzy/roverbot_ws/install/roverbot_bringup/share/roverbot_bringup/package.bash'
[9.231s] INFO:colcon.colcon_core.shell:Creating package script '/home/yzy/roverbot_ws/install/roverbot_bringup/share/roverbot_bringup/package.zsh'
[9.235s] Level 1:colcon.colcon_core.environment:create_file_with_runtime_dependencies(/home/yzy/roverbot_ws/install/roverbot_bringup/share/colcon-core/packages/roverbot_bringup)
[9.238s] Level 1:colcon.colcon_core.environment:create_environment_scripts_only(roverbot_bringup)
[9.240s] Level 1:colcon.colcon_core.environment:checking '/home/yzy/roverbot_ws/install/roverbot_bringup' for CMake module files
[9.243s] Level 1:colcon.colcon_core.environment:checking '/home/yzy/roverbot_ws/install/roverbot_bringup' for CMake config files
[9.247s] Level 1:colcon.colcon_core.shell:create_environment_hook('roverbot_bringup', 'cmake_prefix_path')
[9.248s] INFO:colcon.colcon_core.shell:Creating environment hook '/home/yzy/roverbot_ws/install/roverbot_bringup/share/roverbot_bringup/hook/cmake_prefix_path.ps1'
[9.250s] INFO:colcon.colcon_core.shell:Creating environment descriptor '/home/yzy/roverbot_ws/install/roverbot_bringup/share/roverbot_bringup/hook/cmake_prefix_path.dsv'
[9.252s] INFO:colcon.colcon_core.shell:Creating environment hook '/home/yzy/roverbot_ws/install/roverbot_bringup/share/roverbot_bringup/hook/cmake_prefix_path.sh'
[9.256s] Level 1:colcon.colcon_core.environment:checking '/home/yzy/roverbot_ws/install/roverbot_bringup/lib'
[9.256s] Level 1:colcon.colcon_core.environment:checking '/home/yzy/roverbot_ws/install/roverbot_bringup/bin'
[9.257s] Level 1:colcon.colcon_core.environment:checking '/home/yzy/roverbot_ws/install/roverbot_bringup/lib/pkgconfig/roverbot_bringup.pc'
[9.258s] Level 1:colcon.colcon_core.environment:checking '/home/yzy/roverbot_ws/install/roverbot_bringup/lib/python3.10/site-packages'
[9.260s] Level 1:colcon.colcon_core.environment:checking '/home/yzy/roverbot_ws/install/roverbot_bringup/bin'
[9.261s] INFO:colcon.colcon_core.shell:Creating package script '/home/yzy/roverbot_ws/install/roverbot_bringup/share/roverbot_bringup/package.ps1'
[9.265s] INFO:colcon.colcon_core.shell:Creating package descriptor '/home/yzy/roverbot_ws/install/roverbot_bringup/share/roverbot_bringup/package.dsv'
[9.267s] INFO:colcon.colcon_core.shell:Creating package script '/home/yzy/roverbot_ws/install/roverbot_bringup/share/roverbot_bringup/package.sh'
[9.270s] INFO:colcon.colcon_core.shell:Creating package script '/home/yzy/roverbot_ws/install/roverbot_bringup/share/roverbot_bringup/package.bash'
[9.273s] INFO:colcon.colcon_core.shell:Creating package script '/home/yzy/roverbot_ws/install/roverbot_bringup/share/roverbot_bringup/package.zsh'
[9.276s] Level 1:colcon.colcon_core.environment:create_file_with_runtime_dependencies(/home/yzy/roverbot_ws/install/roverbot_bringup/share/colcon-core/packages/roverbot_bringup)
[9.277s] INFO:colcon.colcon_ros.task.ament_cmake.build:Building ROS package in '/home/yzy/roverbot_ws/src/roverbot_description' with build type 'ament_cmake'
[9.278s] INFO:colcon.colcon_cmake.task.cmake.build:Building CMake package in '/home/yzy/roverbot_ws/src/roverbot_description'
[9.280s] INFO:colcon.colcon_core.shell:Skip shell extension 'powershell' for command environment: Not usable outside of PowerShell
[9.281s] DEBUG:colcon.colcon_core.shell:Skip shell extension 'dsv' for command environment
[9.347s] DEBUG:colcon.colcon_core.event_handler.log_command:Invoking command in '/home/yzy/roverbot_ws/build/roverbot_description': CMAKE_PREFIX_PATH=${CMAKE_PREFIX_PATH}:/home/yzy/roverbot_ws/install/roverbot_chassis_driver:/opt/ros/humble /usr/bin/cmake /home/yzy/roverbot_ws/src/roverbot_description -DAMENT_CMAKE_SYMLINK_INSTALL=1 -DCMAKE_INSTALL_PREFIX=/home/yzy/roverbot_ws/install/roverbot_description
[9.584s] Level 1:colcon.colcon_core.shell:create_environment_hook('roverbot_chassis_driver', 'pythonpath_develop')
[9.586s] INFO:colcon.colcon_core.shell:Creating environment hook '/home/yzy/roverbot_ws/build/roverbot_chassis_driver/share/roverbot_chassis_driver/hook/pythonpath_develop.ps1'
[9.588s] DEBUG:colcon.colcon_core.event_handler.log_command:Invoked command in '/home/yzy/roverbot_ws/build/roverbot_chassis_driver' returned '0': PYTHONPATH=/home/yzy/roverbot_ws/build/roverbot_chassis_driver/prefix_override:/usr/lib/python3/dist-packages/colcon_core/task/python/colcon_distutils_commands:/home/yzy/roverbot_ws/install/roverbot_chassis_driver/lib/python3.10/site-packages:${PYTHONPATH} /usr/bin/python3 -W ignore:setup.py install is deprecated -W ignore:easy_install command is deprecated setup.py develop --editable --build-directory /home/yzy/roverbot_ws/build/roverbot_chassis_driver/build --no-deps symlink_data
[9.595s] INFO:colcon.colcon_core.shell:Creating environment descriptor '/home/yzy/roverbot_ws/build/roverbot_chassis_driver/share/roverbot_chassis_driver/hook/pythonpath_develop.dsv'
[9.601s] INFO:colcon.colcon_core.shell:Creating environment hook '/home/yzy/roverbot_ws/build/roverbot_chassis_driver/share/roverbot_chassis_driver/hook/pythonpath_develop.sh'
[9.606s] Level 1:colcon.colcon_core.environment:checking '/home/yzy/roverbot_ws/install/roverbot_chassis_driver' for CMake module files
[9.610s] Level 1:colcon.colcon_core.environment:checking '/home/yzy/roverbot_ws/install/roverbot_chassis_driver' for CMake config files
[9.614s] Level 1:colcon.colcon_core.environment:checking '/home/yzy/roverbot_ws/install/roverbot_chassis_driver/lib'
[9.615s] Level 1:colcon.colcon_core.environment:checking '/home/yzy/roverbot_ws/install/roverbot_chassis_driver/bin'
[9.615s] Level 1:colcon.colcon_core.environment:checking '/home/yzy/roverbot_ws/install/roverbot_chassis_driver/lib/pkgconfig/roverbot_chassis_driver.pc'
[9.617s] Level 1:colcon.colcon_core.environment:checking '/home/yzy/roverbot_ws/install/roverbot_chassis_driver/lib/python3.10/site-packages'
[9.617s] Level 1:colcon.colcon_core.shell:create_environment_hook('roverbot_chassis_driver', 'pythonpath')
[9.618s] INFO:colcon.colcon_core.shell:Creating environment hook '/home/yzy/roverbot_ws/install/roverbot_chassis_driver/share/roverbot_chassis_driver/hook/pythonpath.ps1'
[9.624s] INFO:colcon.colcon_core.shell:Creating environment descriptor '/home/yzy/roverbot_ws/install/roverbot_chassis_driver/share/roverbot_chassis_driver/hook/pythonpath.dsv'
[9.634s] INFO:colcon.colcon_core.shell:Creating environment hook '/home/yzy/roverbot_ws/install/roverbot_chassis_driver/share/roverbot_chassis_driver/hook/pythonpath.sh'
[9.640s] Level 1:colcon.colcon_core.environment:checking '/home/yzy/roverbot_ws/install/roverbot_chassis_driver/bin'
[9.640s] Level 1:colcon.colcon_core.environment:create_environment_scripts_only(roverbot_chassis_driver)
[9.642s] INFO:colcon.colcon_core.shell:Creating package script '/home/yzy/roverbot_ws/install/roverbot_chassis_driver/share/roverbot_chassis_driver/package.ps1'
[9.648s] INFO:colcon.colcon_core.shell:Creating package descriptor '/home/yzy/roverbot_ws/install/roverbot_chassis_driver/share/roverbot_chassis_driver/package.dsv'
[9.652s] INFO:colcon.colcon_core.shell:Creating package script '/home/yzy/roverbot_ws/install/roverbot_chassis_driver/share/roverbot_chassis_driver/package.sh'
[9.656s] INFO:colcon.colcon_core.shell:Creating package script '/home/yzy/roverbot_ws/install/roverbot_chassis_driver/share/roverbot_chassis_driver/package.bash'
[9.660s] INFO:colcon.colcon_core.shell:Creating package script '/home/yzy/roverbot_ws/install/roverbot_chassis_driver/share/roverbot_chassis_driver/package.zsh'
[9.662s] Level 1:colcon.colcon_core.environment:create_file_with_runtime_dependencies(/home/yzy/roverbot_ws/install/roverbot_chassis_driver/share/colcon-core/packages/roverbot_chassis_driver)
[12.335s] DEBUG:colcon.colcon_core.event_handler.log_command:Invoked command in '/home/yzy/roverbot_ws/build/ldlidar_ros2' returned '0': CMAKE_PREFIX_PATH=${CMAKE_PREFIX_PATH}:/home/yzy/roverbot_ws/install/roverbot_chassis_driver:/opt/ros/humble /usr/bin/cmake /home/yzy/roverbot_ws/src/ldlidar_ros2 -DAMENT_CMAKE_SYMLINK_INSTALL=1 -DCMAKE_INSTALL_PREFIX=/home/yzy/roverbot_ws/install/ldlidar_ros2
[12.350s] DEBUG:colcon.colcon_core.event_handler.log_command:Invoking command in '/home/yzy/roverbot_ws/build/ldlidar_ros2': CMAKE_PREFIX_PATH=${CMAKE_PREFIX_PATH}:/home/yzy/roverbot_ws/install/roverbot_chassis_driver:/opt/ros/humble /usr/bin/cmake --build /home/yzy/roverbot_ws/build/ldlidar_ros2 -- -j4 -l4
[13.921s] DEBUG:colcon.colcon_core.event_handler.log_command:Invoked command in '/home/yzy/roverbot_ws/build/roverbot_description' returned '0': CMAKE_PREFIX_PATH=${CMAKE_PREFIX_PATH}:/home/yzy/roverbot_ws/install/roverbot_chassis_driver:/opt/ros/humble /usr/bin/cmake /home/yzy/roverbot_ws/src/roverbot_description -DAMENT_CMAKE_SYMLINK_INSTALL=1 -DCMAKE_INSTALL_PREFIX=/home/yzy/roverbot_ws/install/roverbot_description
[13.924s] DEBUG:colcon.colcon_core.event_handler.log_command:Invoking command in '/home/yzy/roverbot_ws/build/roverbot_description': CMAKE_PREFIX_PATH=${CMAKE_PREFIX_PATH}:/home/yzy/roverbot_ws/install/roverbot_chassis_driver:/opt/ros/humble /usr/bin/cmake --build /home/yzy/roverbot_ws/build/roverbot_description -- -j4 -l4
[14.185s] DEBUG:colcon.colcon_core.event_handler.log_command:Invoked command in '/home/yzy/roverbot_ws/build/roverbot_description' returned '0': CMAKE_PREFIX_PATH=${CMAKE_PREFIX_PATH}:/home/yzy/roverbot_ws/install/roverbot_chassis_driver:/opt/ros/humble /usr/bin/cmake --build /home/yzy/roverbot_ws/build/roverbot_description -- -j4 -l4
[14.189s] DEBUG:colcon.colcon_core.event_handler.log_command:Invoking command in '/home/yzy/roverbot_ws/build/roverbot_description': CMAKE_PREFIX_PATH=${CMAKE_PREFIX_PATH}:/home/yzy/roverbot_ws/install/roverbot_chassis_driver:/opt/ros/humble /usr/bin/cmake --install /home/yzy/roverbot_ws/build/roverbot_description
[16.014s] Level 1:colcon.colcon_core.environment:create_environment_scripts_only(roverbot_description)
[16.017s] Level 1:colcon.colcon_core.environment:checking '/home/yzy/roverbot_ws/install/roverbot_description' for CMake module files
[16.021s] DEBUG:colcon.colcon_core.event_handler.log_command:Invoked command in '/home/yzy/roverbot_ws/build/roverbot_description' returned '0': CMAKE_PREFIX_PATH=${CMAKE_PREFIX_PATH}:/home/yzy/roverbot_ws/install/roverbot_chassis_driver:/opt/ros/humble /usr/bin/cmake --install /home/yzy/roverbot_ws/build/roverbot_description
[16.023s] Level 1:colcon.colcon_core.environment:checking '/home/yzy/roverbot_ws/install/roverbot_description' for CMake config files
[16.026s] Level 1:colcon.colcon_core.shell:create_environment_hook('roverbot_description', 'cmake_prefix_path')
[16.027s] INFO:colcon.colcon_core.shell:Creating environment hook '/home/yzy/roverbot_ws/install/roverbot_description/share/roverbot_description/hook/cmake_prefix_path.ps1'
[16.044s] INFO:colcon.colcon_core.shell:Creating environment descriptor '/home/yzy/roverbot_ws/install/roverbot_description/share/roverbot_description/hook/cmake_prefix_path.dsv'
[16.048s] INFO:colcon.colcon_core.shell:Creating environment hook '/home/yzy/roverbot_ws/install/roverbot_description/share/roverbot_description/hook/cmake_prefix_path.sh'
[16.052s] Level 1:colcon.colcon_core.environment:checking '/home/yzy/roverbot_ws/install/roverbot_description/bin'
[16.053s] Level 1:colcon.colcon_core.environment:checking '/home/yzy/roverbot_ws/install/roverbot_description/lib/pkgconfig/roverbot_description.pc'
[16.055s] Level 1:colcon.colcon_core.environment:checking '/home/yzy/roverbot_ws/install/roverbot_description/lib/python3.10/site-packages'
[16.070s] Level 1:colcon.colcon_core.environment:checking '/home/yzy/roverbot_ws/install/roverbot_description/bin'
[16.072s] INFO:colcon.colcon_core.shell:Creating package script '/home/yzy/roverbot_ws/install/roverbot_description/share/roverbot_description/package.ps1'
[16.078s] INFO:colcon.colcon_core.shell:Creating package descriptor '/home/yzy/roverbot_ws/install/roverbot_description/share/roverbot_description/package.dsv'
[16.097s] INFO:colcon.colcon_core.shell:Creating package script '/home/yzy/roverbot_ws/install/roverbot_description/share/roverbot_description/package.sh'
[16.101s] INFO:colcon.colcon_core.shell:Creating package script '/home/yzy/roverbot_ws/install/roverbot_description/share/roverbot_description/package.bash'
[16.104s] INFO:colcon.colcon_core.shell:Creating package script '/home/yzy/roverbot_ws/install/roverbot_description/share/roverbot_description/package.zsh'
[16.123s] Level 1:colcon.colcon_core.environment:create_file_with_runtime_dependencies(/home/yzy/roverbot_ws/install/roverbot_description/share/colcon-core/packages/roverbot_description)
[16.129s] Level 1:colcon.colcon_core.environment:create_environment_scripts_only(roverbot_description)
[16.131s] Level 1:colcon.colcon_core.environment:checking '/home/yzy/roverbot_ws/install/roverbot_description' for CMake module files
[16.142s] Level 1:colcon.colcon_core.environment:checking '/home/yzy/roverbot_ws/install/roverbot_description' for CMake config files
[16.155s] Level 1:colcon.colcon_core.shell:create_environment_hook('roverbot_description', 'cmake_prefix_path')
[16.156s] INFO:colcon.colcon_core.shell:Creating environment hook '/home/yzy/roverbot_ws/install/roverbot_description/share/roverbot_description/hook/cmake_prefix_path.ps1'
[16.159s] INFO:colcon.colcon_core.shell:Creating environment descriptor '/home/yzy/roverbot_ws/install/roverbot_description/share/roverbot_description/hook/cmake_prefix_path.dsv'
[16.170s] INFO:colcon.colcon_core.shell:Creating environment hook '/home/yzy/roverbot_ws/install/roverbot_description/share/roverbot_description/hook/cmake_prefix_path.sh'
[16.175s] Level 1:colcon.colcon_core.environment:checking '/home/yzy/roverbot_ws/install/roverbot_description/bin'
[16.179s] Level 1:colcon.colcon_core.environment:checking '/home/yzy/roverbot_ws/install/roverbot_description/lib/pkgconfig/roverbot_description.pc'
[16.181s] Level 1:colcon.colcon_core.environment:checking '/home/yzy/roverbot_ws/install/roverbot_description/lib/python3.10/site-packages'
[16.187s] Level 1:colcon.colcon_core.environment:checking '/home/yzy/roverbot_ws/install/roverbot_description/bin'
[16.189s] INFO:colcon.colcon_core.shell:Creating package script '/home/yzy/roverbot_ws/install/roverbot_description/share/roverbot_description/package.ps1'
[16.207s] INFO:colcon.colcon_core.shell:Creating package descriptor '/home/yzy/roverbot_ws/install/roverbot_description/share/roverbot_description/package.dsv'
[16.211s] INFO:colcon.colcon_core.shell:Creating package script '/home/yzy/roverbot_ws/install/roverbot_description/share/roverbot_description/package.sh'
[16.224s] INFO:colcon.colcon_core.shell:Creating package script '/home/yzy/roverbot_ws/install/roverbot_description/share/roverbot_description/package.bash'
[16.228s] INFO:colcon.colcon_core.shell:Creating package script '/home/yzy/roverbot_ws/install/roverbot_description/share/roverbot_description/package.zsh'
[16.231s] Level 1:colcon.colcon_core.environment:create_file_with_runtime_dependencies(/home/yzy/roverbot_ws/install/roverbot_description/share/colcon-core/packages/roverbot_description)
[21.446s] DEBUG:colcon.colcon_core.event_handler.log_command:Invoked command in '/home/yzy/roverbot_ws/build/astra_camera_msgs' returned '0': CMAKE_PREFIX_PATH=${CMAKE_PREFIX_PATH}:/home/yzy/roverbot_ws/install/roverbot_chassis_driver:/opt/ros/humble /usr/bin/cmake /home/yzy/roverbot_ws/src/ros2_astra_camera/astra_camera_msgs -DAMENT_CMAKE_SYMLINK_INSTALL=1 -DCMAKE_INSTALL_PREFIX=/home/yzy/roverbot_ws/install/astra_camera_msgs
[21.457s] DEBUG:colcon.colcon_core.event_handler.log_command:Invoking command in '/home/yzy/roverbot_ws/build/astra_camera_msgs': CMAKE_PREFIX_PATH=${CMAKE_PREFIX_PATH}:/home/yzy/roverbot_ws/install/roverbot_chassis_driver:/opt/ros/humble /usr/bin/cmake --build /home/yzy/roverbot_ws/build/astra_camera_msgs -- -j4 -l4
[62.683s] DEBUG:colcon.colcon_core.event_handler.log_command:Invoked command in '/home/yzy/roverbot_ws/build/ldlidar_ros2' returned '0': CMAKE_PREFIX_PATH=${CMAKE_PREFIX_PATH}:/home/yzy/roverbot_ws/install/roverbot_chassis_driver:/opt/ros/humble /usr/bin/cmake --build /home/yzy/roverbot_ws/build/ldlidar_ros2 -- -j4 -l4
[62.685s] DEBUG:colcon.colcon_core.event_handler.log_command:Invoking command in '/home/yzy/roverbot_ws/build/ldlidar_ros2': CMAKE_PREFIX_PATH=${CMAKE_PREFIX_PATH}:/home/yzy/roverbot_ws/install/roverbot_chassis_driver:/opt/ros/humble /usr/bin/cmake --install /home/yzy/roverbot_ws/build/ldlidar_ros2
[64.762s] Level 1:colcon.colcon_core.environment:create_environment_scripts_only(ldlidar_ros2)
[64.764s] Level 1:colcon.colcon_core.environment:checking '/home/yzy/roverbot_ws/install/ldlidar_ros2' for CMake module files
[64.768s] Level 1:colcon.colcon_core.environment:checking '/home/yzy/roverbot_ws/install/ldlidar_ros2' for CMake config files
[64.773s] DEBUG:colcon.colcon_core.event_handler.log_command:Invoked command in '/home/yzy/roverbot_ws/build/ldlidar_ros2' returned '0': CMAKE_PREFIX_PATH=${CMAKE_PREFIX_PATH}:/home/yzy/roverbot_ws/install/roverbot_chassis_driver:/opt/ros/humble /usr/bin/cmake --install /home/yzy/roverbot_ws/build/ldlidar_ros2
[64.778s] Level 1:colcon.colcon_core.shell:create_environment_hook('ldlidar_ros2', 'cmake_prefix_path')
[64.780s] INFO:colcon.colcon_core.shell:Creating environment hook '/home/yzy/roverbot_ws/install/ldlidar_ros2/share/ldlidar_ros2/hook/cmake_prefix_path.ps1'
[64.785s] INFO:colcon.colcon_core.shell:Creating environment descriptor '/home/yzy/roverbot_ws/install/ldlidar_ros2/share/ldlidar_ros2/hook/cmake_prefix_path.dsv'
[64.789s] INFO:colcon.colcon_core.shell:Creating environment hook '/home/yzy/roverbot_ws/install/ldlidar_ros2/share/ldlidar_ros2/hook/cmake_prefix_path.sh'
[64.793s] Level 1:colcon.colcon_core.environment:checking '/home/yzy/roverbot_ws/install/ldlidar_ros2/lib'
[64.794s] Level 1:colcon.colcon_core.environment:checking '/home/yzy/roverbot_ws/install/ldlidar_ros2/bin'
[64.794s] Level 1:colcon.colcon_core.environment:checking '/home/yzy/roverbot_ws/install/ldlidar_ros2/lib/pkgconfig/ldlidar_ros2.pc'
[64.796s] Level 1:colcon.colcon_core.environment:checking '/home/yzy/roverbot_ws/install/ldlidar_ros2/lib/python3.10/site-packages'
[64.798s] Level 1:colcon.colcon_core.environment:checking '/home/yzy/roverbot_ws/install/ldlidar_ros2/bin'
[64.802s] INFO:colcon.colcon_core.shell:Creating package script '/home/yzy/roverbot_ws/install/ldlidar_ros2/share/ldlidar_ros2/package.ps1'
[64.806s] INFO:colcon.colcon_core.shell:Creating package descriptor '/home/yzy/roverbot_ws/install/ldlidar_ros2/share/ldlidar_ros2/package.dsv'
[64.810s] INFO:colcon.colcon_core.shell:Creating package script '/home/yzy/roverbot_ws/install/ldlidar_ros2/share/ldlidar_ros2/package.sh'
[64.814s] INFO:colcon.colcon_core.shell:Creating package script '/home/yzy/roverbot_ws/install/ldlidar_ros2/share/ldlidar_ros2/package.bash'
[64.817s] INFO:colcon.colcon_core.shell:Creating package script '/home/yzy/roverbot_ws/install/ldlidar_ros2/share/ldlidar_ros2/package.zsh'
[64.821s] Level 1:colcon.colcon_core.environment:create_file_with_runtime_dependencies(/home/yzy/roverbot_ws/install/ldlidar_ros2/share/colcon-core/packages/ldlidar_ros2)
[64.829s] Level 1:colcon.colcon_core.environment:create_environment_scripts_only(ldlidar_ros2)
[64.831s] Level 1:colcon.colcon_core.environment:checking '/home/yzy/roverbot_ws/install/ldlidar_ros2' for CMake module files
[64.835s] Level 1:colcon.colcon_core.environment:checking '/home/yzy/roverbot_ws/install/ldlidar_ros2' for CMake config files
[64.844s] Level 1:colcon.colcon_core.shell:create_environment_hook('ldlidar_ros2', 'cmake_prefix_path')
[64.870s] INFO:colcon.colcon_core.shell:Creating environment hook '/home/yzy/roverbot_ws/install/ldlidar_ros2/share/ldlidar_ros2/hook/cmake_prefix_path.ps1'
[64.874s] INFO:colcon.colcon_core.shell:Creating environment descriptor '/home/yzy/roverbot_ws/install/ldlidar_ros2/share/ldlidar_ros2/hook/cmake_prefix_path.dsv'
[64.877s] INFO:colcon.colcon_core.shell:Creating environment hook '/home/yzy/roverbot_ws/install/ldlidar_ros2/share/ldlidar_ros2/hook/cmake_prefix_path.sh'
[64.882s] Level 1:colcon.colcon_core.environment:checking '/home/yzy/roverbot_ws/install/ldlidar_ros2/lib'
[64.882s] Level 1:colcon.colcon_core.environment:checking '/home/yzy/roverbot_ws/install/ldlidar_ros2/bin'
[64.883s] Level 1:colcon.colcon_core.environment:checking '/home/yzy/roverbot_ws/install/ldlidar_ros2/lib/pkgconfig/ldlidar_ros2.pc'
[64.885s] Level 1:colcon.colcon_core.environment:checking '/home/yzy/roverbot_ws/install/ldlidar_ros2/lib/python3.10/site-packages'
[64.887s] Level 1:colcon.colcon_core.environment:checking '/home/yzy/roverbot_ws/install/ldlidar_ros2/bin'
[64.889s] INFO:colcon.colcon_core.shell:Creating package script '/home/yzy/roverbot_ws/install/ldlidar_ros2/share/ldlidar_ros2/package.ps1'
[64.893s] INFO:colcon.colcon_core.shell:Creating package descriptor '/home/yzy/roverbot_ws/install/ldlidar_ros2/share/ldlidar_ros2/package.dsv'
[64.897s] INFO:colcon.colcon_core.shell:Creating package script '/home/yzy/roverbot_ws/install/ldlidar_ros2/share/ldlidar_ros2/package.sh'
[64.901s] INFO:colcon.colcon_core.shell:Creating package script '/home/yzy/roverbot_ws/install/ldlidar_ros2/share/ldlidar_ros2/package.bash'
[64.905s] INFO:colcon.colcon_core.shell:Creating package script '/home/yzy/roverbot_ws/install/ldlidar_ros2/share/ldlidar_ros2/package.zsh'
[64.908s] Level 1:colcon.colcon_core.environment:create_file_with_runtime_dependencies(/home/yzy/roverbot_ws/install/ldlidar_ros2/share/colcon-core/packages/ldlidar_ros2)
[75.820s] DEBUG:colcon.colcon_core.event_handler.log_command:Invoked command in '/home/yzy/roverbot_ws/build/astra_camera_msgs' returned '0': CMAKE_PREFIX_PATH=${CMAKE_PREFIX_PATH}:/home/yzy/roverbot_ws/install/roverbot_chassis_driver:/opt/ros/humble /usr/bin/cmake --build /home/yzy/roverbot_ws/build/astra_camera_msgs -- -j4 -l4
[75.831s] DEBUG:colcon.colcon_core.event_handler.log_command:Invoking command in '/home/yzy/roverbot_ws/build/astra_camera_msgs': CMAKE_PREFIX_PATH=${CMAKE_PREFIX_PATH}:/home/yzy/roverbot_ws/install/roverbot_chassis_driver:/opt/ros/humble /usr/bin/cmake --install /home/yzy/roverbot_ws/build/astra_camera_msgs
[83.650s] Level 1:colcon.colcon_core.environment:create_environment_scripts_only(astra_camera_msgs)
[83.651s] Level 1:colcon.colcon_core.environment:checking '/home/yzy/roverbot_ws/install/astra_camera_msgs' for CMake module files
[83.653s] DEBUG:colcon.colcon_core.event_handler.log_command:Invoked command in '/home/yzy/roverbot_ws/build/astra_camera_msgs' returned '0': CMAKE_PREFIX_PATH=${CMAKE_PREFIX_PATH}:/home/yzy/roverbot_ws/install/roverbot_chassis_driver:/opt/ros/humble /usr/bin/cmake --install /home/yzy/roverbot_ws/build/astra_camera_msgs
[83.657s] Level 1:colcon.colcon_core.environment:checking '/home/yzy/roverbot_ws/install/astra_camera_msgs' for CMake config files
[83.675s] Level 1:colcon.colcon_core.shell:create_environment_hook('astra_camera_msgs', 'cmake_prefix_path')
[83.676s] INFO:colcon.colcon_core.shell:Creating environment hook '/home/yzy/roverbot_ws/install/astra_camera_msgs/share/astra_camera_msgs/hook/cmake_prefix_path.ps1'
[83.678s] INFO:colcon.colcon_core.shell:Creating environment descriptor '/home/yzy/roverbot_ws/install/astra_camera_msgs/share/astra_camera_msgs/hook/cmake_prefix_path.dsv'
[83.680s] INFO:colcon.colcon_core.shell:Creating environment hook '/home/yzy/roverbot_ws/install/astra_camera_msgs/share/astra_camera_msgs/hook/cmake_prefix_path.sh'
[83.682s] Level 1:colcon.colcon_core.environment:checking '/home/yzy/roverbot_ws/install/astra_camera_msgs/lib'
[83.683s] Level 1:colcon.colcon_core.shell:create_environment_hook('astra_camera_msgs', 'ld_library_path_lib')
[83.683s] INFO:colcon.colcon_core.shell:Creating environment hook '/home/yzy/roverbot_ws/install/astra_camera_msgs/share/astra_camera_msgs/hook/ld_library_path_lib.ps1'
[83.685s] INFO:colcon.colcon_core.shell:Creating environment descriptor '/home/yzy/roverbot_ws/install/astra_camera_msgs/share/astra_camera_msgs/hook/ld_library_path_lib.dsv'
[83.687s] INFO:colcon.colcon_core.shell:Creating environment hook '/home/yzy/roverbot_ws/install/astra_camera_msgs/share/astra_camera_msgs/hook/ld_library_path_lib.sh'
[83.688s] Level 1:colcon.colcon_core.environment:checking '/home/yzy/roverbot_ws/install/astra_camera_msgs/bin'
[83.689s] Level 1:colcon.colcon_core.environment:checking '/home/yzy/roverbot_ws/install/astra_camera_msgs/lib/pkgconfig/astra_camera_msgs.pc'
[83.689s] Level 1:colcon.colcon_core.environment:checking '/home/yzy/roverbot_ws/install/astra_camera_msgs/lib/python3.10/site-packages'
[83.691s] Level 1:colcon.colcon_core.environment:checking '/home/yzy/roverbot_ws/install/astra_camera_msgs/bin'
[83.692s] INFO:colcon.colcon_core.shell:Creating package script '/home/yzy/roverbot_ws/install/astra_camera_msgs/share/astra_camera_msgs/package.ps1'
[83.695s] INFO:colcon.colcon_core.shell:Creating package descriptor '/home/yzy/roverbot_ws/install/astra_camera_msgs/share/astra_camera_msgs/package.dsv'
[83.697s] INFO:colcon.colcon_core.shell:Creating package script '/home/yzy/roverbot_ws/install/astra_camera_msgs/share/astra_camera_msgs/package.sh'
[83.699s] INFO:colcon.colcon_core.shell:Creating package script '/home/yzy/roverbot_ws/install/astra_camera_msgs/share/astra_camera_msgs/package.bash'
[83.701s] INFO:colcon.colcon_core.shell:Creating package script '/home/yzy/roverbot_ws/install/astra_camera_msgs/share/astra_camera_msgs/package.zsh'
[83.702s] Level 1:colcon.colcon_core.environment:create_file_with_runtime_dependencies(/home/yzy/roverbot_ws/install/astra_camera_msgs/share/colcon-core/packages/astra_camera_msgs)
[83.705s] Level 1:colcon.colcon_core.environment:create_environment_scripts_only(astra_camera_msgs)
[83.706s] Level 1:colcon.colcon_core.environment:checking '/home/yzy/roverbot_ws/install/astra_camera_msgs' for CMake module files
[83.710s] Level 1:colcon.colcon_core.environment:checking '/home/yzy/roverbot_ws/install/astra_camera_msgs' for CMake config files
[83.728s] Level 1:colcon.colcon_core.shell:create_environment_hook('astra_camera_msgs', 'cmake_prefix_path')
[83.729s] INFO:colcon.colcon_core.shell:Creating environment hook '/home/yzy/roverbot_ws/install/astra_camera_msgs/share/astra_camera_msgs/hook/cmake_prefix_path.ps1'
[83.731s] INFO:colcon.colcon_core.shell:Creating environment descriptor '/home/yzy/roverbot_ws/install/astra_camera_msgs/share/astra_camera_msgs/hook/cmake_prefix_path.dsv'
[83.733s] INFO:colcon.colcon_core.shell:Creating environment hook '/home/yzy/roverbot_ws/install/astra_camera_msgs/share/astra_camera_msgs/hook/cmake_prefix_path.sh'
[83.735s] Level 1:colcon.colcon_core.environment:checking '/home/yzy/roverbot_ws/install/astra_camera_msgs/lib'
[83.736s] Level 1:colcon.colcon_core.shell:create_environment_hook('astra_camera_msgs', 'ld_library_path_lib')
[83.736s] INFO:colcon.colcon_core.shell:Creating environment hook '/home/yzy/roverbot_ws/install/astra_camera_msgs/share/astra_camera_msgs/hook/ld_library_path_lib.ps1'
[83.739s] INFO:colcon.colcon_core.shell:Creating environment descriptor '/home/yzy/roverbot_ws/install/astra_camera_msgs/share/astra_camera_msgs/hook/ld_library_path_lib.dsv'
[83.741s] INFO:colcon.colcon_core.shell:Creating environment hook '/home/yzy/roverbot_ws/install/astra_camera_msgs/share/astra_camera_msgs/hook/ld_library_path_lib.sh'
[83.743s] Level 1:colcon.colcon_core.environment:checking '/home/yzy/roverbot_ws/install/astra_camera_msgs/bin'
[83.743s] Level 1:colcon.colcon_core.environment:checking '/home/yzy/roverbot_ws/install/astra_camera_msgs/lib/pkgconfig/astra_camera_msgs.pc'
[83.744s] Level 1:colcon.colcon_core.environment:checking '/home/yzy/roverbot_ws/install/astra_camera_msgs/lib/python3.10/site-packages'
[83.745s] Level 1:colcon.colcon_core.environment:checking '/home/yzy/roverbot_ws/install/astra_camera_msgs/bin'
[83.747s] INFO:colcon.colcon_core.shell:Creating package script '/home/yzy/roverbot_ws/install/astra_camera_msgs/share/astra_camera_msgs/package.ps1'
[83.750s] INFO:colcon.colcon_core.shell:Creating package descriptor '/home/yzy/roverbot_ws/install/astra_camera_msgs/share/astra_camera_msgs/package.dsv'
[83.753s] INFO:colcon.colcon_core.shell:Creating package script '/home/yzy/roverbot_ws/install/astra_camera_msgs/share/astra_camera_msgs/package.sh'
[83.756s] INFO:colcon.colcon_core.shell:Creating package script '/home/yzy/roverbot_ws/install/astra_camera_msgs/share/astra_camera_msgs/package.bash'
[83.758s] INFO:colcon.colcon_core.shell:Creating package script '/home/yzy/roverbot_ws/install/astra_camera_msgs/share/astra_camera_msgs/package.zsh'
[83.761s] Level 1:colcon.colcon_core.environment:create_file_with_runtime_dependencies(/home/yzy/roverbot_ws/install/astra_camera_msgs/share/colcon-core/packages/astra_camera_msgs)
[83.762s] INFO:colcon.colcon_ros.task.ament_cmake.build:Building ROS package in '/home/yzy/roverbot_ws/src/ros2_astra_camera/astra_camera' with build type 'ament_cmake'
[83.763s] INFO:colcon.colcon_cmake.task.cmake.build:Building CMake package in '/home/yzy/roverbot_ws/src/ros2_astra_camera/astra_camera'
[83.764s] INFO:colcon.colcon_core.shell:Skip shell extension 'powershell' for command environment: Not usable outside of PowerShell
[83.764s] DEBUG:colcon.colcon_core.shell:Skip shell extension 'dsv' for command environment
[83.828s] DEBUG:colcon.colcon_core.event_handler.log_command:Invoking command in '/home/yzy/roverbot_ws/build/astra_camera': CMAKE_PREFIX_PATH=/home/yzy/roverbot_ws/install/astra_camera_msgs:/home/yzy/roverbot_ws/install/roverbot_description:/home/yzy/roverbot_ws/install/roverbot_bringup:/home/yzy/roverbot_ws/install/micro_ros_setup:/home/yzy/roverbot_ws/install/micro_ros_agent:/home/yzy/roverbot_ws/install/micro_ros_msgs:/home/yzy/roverbot_ws/install/ldlidar_ros2:/home/yzy/roverbot_ws/install/astra_camera:/home/yzy/roverbot_ws/install/roverbot_chassis_driver:/opt/ros/humble LD_LIBRARY_PATH=/home/yzy/roverbot_ws/install/astra_camera_msgs/lib:/home/yzy/roverbot_ws/install/micro_ros_agent/lib:/home/yzy/roverbot_ws/install/micro_ros_msgs/lib:/home/yzy/roverbot_ws/install/astra_camera/lib:/opt/ros/humble/opt/rviz_ogre_vendor/lib:/opt/ros/humble/lib/aarch64-linux-gnu:/opt/ros/humble/lib /usr/bin/cmake /home/yzy/roverbot_ws/src/ros2_astra_camera/astra_camera -DAMENT_CMAKE_SYMLINK_INSTALL=1 -DCMAKE_INSTALL_PREFIX=/home/yzy/roverbot_ws/install/astra_camera
[94.150s] DEBUG:colcon.colcon_core.event_handler.log_command:Invoked command in '/home/yzy/roverbot_ws/build/astra_camera' returned '0': CMAKE_PREFIX_PATH=/home/yzy/roverbot_ws/install/astra_camera_msgs:/home/yzy/roverbot_ws/install/roverbot_description:/home/yzy/roverbot_ws/install/roverbot_bringup:/home/yzy/roverbot_ws/install/micro_ros_setup:/home/yzy/roverbot_ws/install/micro_ros_agent:/home/yzy/roverbot_ws/install/micro_ros_msgs:/home/yzy/roverbot_ws/install/ldlidar_ros2:/home/yzy/roverbot_ws/install/astra_camera:/home/yzy/roverbot_ws/install/roverbot_chassis_driver:/opt/ros/humble LD_LIBRARY_PATH=/home/yzy/roverbot_ws/install/astra_camera_msgs/lib:/home/yzy/roverbot_ws/install/micro_ros_agent/lib:/home/yzy/roverbot_ws/install/micro_ros_msgs/lib:/home/yzy/roverbot_ws/install/astra_camera/lib:/opt/ros/humble/opt/rviz_ogre_vendor/lib:/opt/ros/humble/lib/aarch64-linux-gnu:/opt/ros/humble/lib /usr/bin/cmake /home/yzy/roverbot_ws/src/ros2_astra_camera/astra_camera -DAMENT_CMAKE_SYMLINK_INSTALL=1 -DCMAKE_INSTALL_PREFIX=/home/yzy/roverbot_ws/install/astra_camera
[94.159s] DEBUG:colcon.colcon_core.event_handler.log_command:Invoking command in '/home/yzy/roverbot_ws/build/astra_camera': CMAKE_PREFIX_PATH=/home/yzy/roverbot_ws/install/astra_camera_msgs:/home/yzy/roverbot_ws/install/roverbot_description:/home/yzy/roverbot_ws/install/roverbot_bringup:/home/yzy/roverbot_ws/install/micro_ros_setup:/home/yzy/roverbot_ws/install/micro_ros_agent:/home/yzy/roverbot_ws/install/micro_ros_msgs:/home/yzy/roverbot_ws/install/ldlidar_ros2:/home/yzy/roverbot_ws/install/astra_camera:/home/yzy/roverbot_ws/install/roverbot_chassis_driver:/opt/ros/humble LD_LIBRARY_PATH=/home/yzy/roverbot_ws/install/astra_camera_msgs/lib:/home/yzy/roverbot_ws/install/micro_ros_agent/lib:/home/yzy/roverbot_ws/install/micro_ros_msgs/lib:/home/yzy/roverbot_ws/install/astra_camera/lib:/opt/ros/humble/opt/rviz_ogre_vendor/lib:/opt/ros/humble/lib/aarch64-linux-gnu:/opt/ros/humble/lib /usr/bin/cmake --build /home/yzy/roverbot_ws/build/astra_camera -- -j4 -l4
[425.799s] DEBUG:colcon.colcon_core.event_handler.log_command:Invoked command in '/home/yzy/roverbot_ws/build/astra_camera' returned '0': CMAKE_PREFIX_PATH=/home/yzy/roverbot_ws/install/astra_camera_msgs:/home/yzy/roverbot_ws/install/roverbot_description:/home/yzy/roverbot_ws/install/roverbot_bringup:/home/yzy/roverbot_ws/install/micro_ros_setup:/home/yzy/roverbot_ws/install/micro_ros_agent:/home/yzy/roverbot_ws/install/micro_ros_msgs:/home/yzy/roverbot_ws/install/ldlidar_ros2:/home/yzy/roverbot_ws/install/astra_camera:/home/yzy/roverbot_ws/install/roverbot_chassis_driver:/opt/ros/humble LD_LIBRARY_PATH=/home/yzy/roverbot_ws/install/astra_camera_msgs/lib:/home/yzy/roverbot_ws/install/micro_ros_agent/lib:/home/yzy/roverbot_ws/install/micro_ros_msgs/lib:/home/yzy/roverbot_ws/install/astra_camera/lib:/opt/ros/humble/opt/rviz_ogre_vendor/lib:/opt/ros/humble/lib/aarch64-linux-gnu:/opt/ros/humble/lib /usr/bin/cmake --build /home/yzy/roverbot_ws/build/astra_camera -- -j4 -l4
[425.810s] DEBUG:colcon.colcon_core.event_handler.log_command:Invoking command in '/home/yzy/roverbot_ws/build/astra_camera': CMAKE_PREFIX_PATH=/home/yzy/roverbot_ws/install/astra_camera_msgs:/home/yzy/roverbot_ws/install/roverbot_description:/home/yzy/roverbot_ws/install/roverbot_bringup:/home/yzy/roverbot_ws/install/micro_ros_setup:/home/yzy/roverbot_ws/install/micro_ros_agent:/home/yzy/roverbot_ws/install/micro_ros_msgs:/home/yzy/roverbot_ws/install/ldlidar_ros2:/home/yzy/roverbot_ws/install/astra_camera:/home/yzy/roverbot_ws/install/roverbot_chassis_driver:/opt/ros/humble LD_LIBRARY_PATH=/home/yzy/roverbot_ws/install/astra_camera_msgs/lib:/home/yzy/roverbot_ws/install/micro_ros_agent/lib:/home/yzy/roverbot_ws/install/micro_ros_msgs/lib:/home/yzy/roverbot_ws/install/astra_camera/lib:/opt/ros/humble/opt/rviz_ogre_vendor/lib:/opt/ros/humble/lib/aarch64-linux-gnu:/opt/ros/humble/lib /usr/bin/cmake --install /home/yzy/roverbot_ws/build/astra_camera
[429.099s] Level 1:colcon.colcon_core.environment:create_environment_scripts_only(astra_camera)
[429.100s] Level 1:colcon.colcon_core.environment:checking '/home/yzy/roverbot_ws/install/astra_camera' for CMake module files
[429.102s] DEBUG:colcon.colcon_core.event_handler.log_command:Invoked command in '/home/yzy/roverbot_ws/build/astra_camera' returned '0': CMAKE_PREFIX_PATH=/home/yzy/roverbot_ws/install/astra_camera_msgs:/home/yzy/roverbot_ws/install/roverbot_description:/home/yzy/roverbot_ws/install/roverbot_bringup:/home/yzy/roverbot_ws/install/micro_ros_setup:/home/yzy/roverbot_ws/install/micro_ros_agent:/home/yzy/roverbot_ws/install/micro_ros_msgs:/home/yzy/roverbot_ws/install/ldlidar_ros2:/home/yzy/roverbot_ws/install/astra_camera:/home/yzy/roverbot_ws/install/roverbot_chassis_driver:/opt/ros/humble LD_LIBRARY_PATH=/home/yzy/roverbot_ws/install/astra_camera_msgs/lib:/home/yzy/roverbot_ws/install/micro_ros_agent/lib:/home/yzy/roverbot_ws/install/micro_ros_msgs/lib:/home/yzy/roverbot_ws/install/astra_camera/lib:/opt/ros/humble/opt/rviz_ogre_vendor/lib:/opt/ros/humble/lib/aarch64-linux-gnu:/opt/ros/humble/lib /usr/bin/cmake --install /home/yzy/roverbot_ws/build/astra_camera
[429.105s] Level 1:colcon.colcon_core.environment:checking '/home/yzy/roverbot_ws/install/astra_camera' for CMake config files
[429.116s] Level 1:colcon.colcon_core.shell:create_environment_hook('astra_camera', 'cmake_prefix_path')
[429.117s] INFO:colcon.colcon_core.shell:Creating environment hook '/home/yzy/roverbot_ws/install/astra_camera/share/astra_camera/hook/cmake_prefix_path.ps1'
[429.119s] INFO:colcon.colcon_core.shell:Creating environment descriptor '/home/yzy/roverbot_ws/install/astra_camera/share/astra_camera/hook/cmake_prefix_path.dsv'
[429.121s] INFO:colcon.colcon_core.shell:Creating environment hook '/home/yzy/roverbot_ws/install/astra_camera/share/astra_camera/hook/cmake_prefix_path.sh'
[429.123s] Level 1:colcon.colcon_core.environment:checking '/home/yzy/roverbot_ws/install/astra_camera/lib'
[429.124s] Level 1:colcon.colcon_core.shell:create_environment_hook('astra_camera', 'ld_library_path_lib')
[429.124s] INFO:colcon.colcon_core.shell:Creating environment hook '/home/yzy/roverbot_ws/install/astra_camera/share/astra_camera/hook/ld_library_path_lib.ps1'
[429.126s] INFO:colcon.colcon_core.shell:Creating environment descriptor '/home/yzy/roverbot_ws/install/astra_camera/share/astra_camera/hook/ld_library_path_lib.dsv'
[429.128s] INFO:colcon.colcon_core.shell:Creating environment hook '/home/yzy/roverbot_ws/install/astra_camera/share/astra_camera/hook/ld_library_path_lib.sh'
[429.129s] Level 1:colcon.colcon_core.environment:checking '/home/yzy/roverbot_ws/install/astra_camera/bin'
[429.130s] Level 1:colcon.colcon_core.environment:checking '/home/yzy/roverbot_ws/install/astra_camera/lib/pkgconfig/astra_camera.pc'
[429.131s] Level 1:colcon.colcon_core.environment:checking '/home/yzy/roverbot_ws/install/astra_camera/lib/python3.10/site-packages'
[429.132s] Level 1:colcon.colcon_core.environment:checking '/home/yzy/roverbot_ws/install/astra_camera/bin'
[429.133s] INFO:colcon.colcon_core.shell:Creating package script '/home/yzy/roverbot_ws/install/astra_camera/share/astra_camera/package.ps1'
[429.136s] INFO:colcon.colcon_core.shell:Creating package descriptor '/home/yzy/roverbot_ws/install/astra_camera/share/astra_camera/package.dsv'
[429.138s] INFO:colcon.colcon_core.shell:Creating package script '/home/yzy/roverbot_ws/install/astra_camera/share/astra_camera/package.sh'
[429.140s] INFO:colcon.colcon_core.shell:Creating package script '/home/yzy/roverbot_ws/install/astra_camera/share/astra_camera/package.bash'
[429.142s] INFO:colcon.colcon_core.shell:Creating package script '/home/yzy/roverbot_ws/install/astra_camera/share/astra_camera/package.zsh'
[429.143s] Level 1:colcon.colcon_core.environment:create_file_with_runtime_dependencies(/home/yzy/roverbot_ws/install/astra_camera/share/colcon-core/packages/astra_camera)
[429.146s] Level 1:colcon.colcon_core.environment:create_environment_scripts_only(astra_camera)
[429.147s] Level 1:colcon.colcon_core.environment:checking '/home/yzy/roverbot_ws/install/astra_camera' for CMake module files
[429.150s] Level 1:colcon.colcon_core.environment:checking '/home/yzy/roverbot_ws/install/astra_camera' for CMake config files
[429.157s] Level 1:colcon.colcon_core.shell:create_environment_hook('astra_camera', 'cmake_prefix_path')
[429.158s] INFO:colcon.colcon_core.shell:Creating environment hook '/home/yzy/roverbot_ws/install/astra_camera/share/astra_camera/hook/cmake_prefix_path.ps1'
[429.160s] INFO:colcon.colcon_core.shell:Creating environment descriptor '/home/yzy/roverbot_ws/install/astra_camera/share/astra_camera/hook/cmake_prefix_path.dsv'
[429.162s] INFO:colcon.colcon_core.shell:Creating environment hook '/home/yzy/roverbot_ws/install/astra_camera/share/astra_camera/hook/cmake_prefix_path.sh'
[429.164s] Level 1:colcon.colcon_core.environment:checking '/home/yzy/roverbot_ws/install/astra_camera/lib'
[429.165s] Level 1:colcon.colcon_core.shell:create_environment_hook('astra_camera', 'ld_library_path_lib')
[429.166s] INFO:colcon.colcon_core.shell:Creating environment hook '/home/yzy/roverbot_ws/install/astra_camera/share/astra_camera/hook/ld_library_path_lib.ps1'
[429.168s] INFO:colcon.colcon_core.shell:Creating environment descriptor '/home/yzy/roverbot_ws/install/astra_camera/share/astra_camera/hook/ld_library_path_lib.dsv'
[429.170s] INFO:colcon.colcon_core.shell:Creating environment hook '/home/yzy/roverbot_ws/install/astra_camera/share/astra_camera/hook/ld_library_path_lib.sh'
[429.172s] Level 1:colcon.colcon_core.environment:checking '/home/yzy/roverbot_ws/install/astra_camera/bin'
[429.172s] Level 1:colcon.colcon_core.environment:checking '/home/yzy/roverbot_ws/install/astra_camera/lib/pkgconfig/astra_camera.pc'
[429.173s] Level 1:colcon.colcon_core.environment:checking '/home/yzy/roverbot_ws/install/astra_camera/lib/python3.10/site-packages'
[429.174s] Level 1:colcon.colcon_core.environment:checking '/home/yzy/roverbot_ws/install/astra_camera/bin'
[429.175s] INFO:colcon.colcon_core.shell:Creating package script '/home/yzy/roverbot_ws/install/astra_camera/share/astra_camera/package.ps1'
[429.178s] INFO:colcon.colcon_core.shell:Creating package descriptor '/home/yzy/roverbot_ws/install/astra_camera/share/astra_camera/package.dsv'
[429.181s] INFO:colcon.colcon_core.shell:Creating package script '/home/yzy/roverbot_ws/install/astra_camera/share/astra_camera/package.sh'
[429.183s] INFO:colcon.colcon_core.shell:Creating package script '/home/yzy/roverbot_ws/install/astra_camera/share/astra_camera/package.bash'
[429.185s] INFO:colcon.colcon_core.shell:Creating package script '/home/yzy/roverbot_ws/install/astra_camera/share/astra_camera/package.zsh'
[429.188s] Level 1:colcon.colcon_core.environment:create_file_with_runtime_dependencies(/home/yzy/roverbot_ws/install/astra_camera/share/colcon-core/packages/astra_camera)
[429.189s] DEBUG:colcon.colcon_parallel_executor.executor.parallel:closing loop
[429.190s] DEBUG:colcon.colcon_parallel_executor.executor.parallel:loop closed
[429.191s] DEBUG:colcon.colcon_parallel_executor.executor.parallel:run_until_complete finished with '0'
[429.191s] DEBUG:colcon.colcon_core.event_reactor:joining thread
[429.194s] DEBUG:colcon.colcon_core.event_reactor:joined thread
[429.195s] INFO:colcon.colcon_core.shell:Creating prefix script '/home/yzy/roverbot_ws/install/local_setup.ps1'
[429.198s] INFO:colcon.colcon_core.shell:Creating prefix util module '/home/yzy/roverbot_ws/install/_local_setup_util_ps1.py'
[429.204s] INFO:colcon.colcon_core.shell:Creating prefix chain script '/home/yzy/roverbot_ws/install/setup.ps1'
[429.210s] INFO:colcon.colcon_core.shell:Creating prefix script '/home/yzy/roverbot_ws/install/local_setup.sh'
[429.213s] INFO:colcon.colcon_core.shell:Creating prefix util module '/home/yzy/roverbot_ws/install/_local_setup_util_sh.py'
[429.215s] INFO:colcon.colcon_core.shell:Creating prefix chain script '/home/yzy/roverbot_ws/install/setup.sh'
[429.221s] INFO:colcon.colcon_core.shell:Creating prefix script '/home/yzy/roverbot_ws/install/local_setup.bash'
[429.224s] INFO:colcon.colcon_core.shell:Creating prefix chain script '/home/yzy/roverbot_ws/install/setup.bash'
[429.229s] INFO:colcon.colcon_core.shell:Creating prefix script '/home/yzy/roverbot_ws/install/local_setup.zsh'
[429.231s] INFO:colcon.colcon_core.shell:Creating prefix chain script '/home/yzy/roverbot_ws/install/setup.zsh'
