[0.143s] Invoking command in '/home/yzy/roverbot_ws/build/astra_camera_msgs': CMAKE_PREFIX_PATH=${CMAKE_PREFIX_PATH}:/home/yzy/roverbot_ws/install/roverbot_chassis_driver:/opt/ros/humble /usr/bin/cmake /home/yzy/roverbot_ws/src/ros2_astra_camera/astra_camera_msgs -DCMAKE_INSTALL_PREFIX=/home/yzy/roverbot_ws/install/astra_camera_msgs
[0.453s] -- Found ament_cmake: 1.3.14 (/opt/ros/humble/share/ament_cmake/cmake)
[1.686s] -- Override CMake install command with custom implementation using symlinks instead of copying resources
[1.783s] -- Found rosidl_default_generators: 1.2.1 (/opt/ros/humble/share/rosidl_default_generators/cmake)
[1.814s] -- Using all available rosidl_typesupport_c: rosidl_typesupport_fastrtps_c;rosidl_typesupport_introspection_c
[1.861s] -- Found rosidl_adapter: 3.1.8 (/opt/ros/humble/share/rosidl_adapter/cmake)
[2.296s] -- Using all available rosidl_typesupport_cpp: rosidl_typesupport_fastrtps_cpp;rosidl_typesupport_introspection_cpp
[2.583s] -- Found sensor_msgs: 4.9.1 (/opt/ros/humble/share/sensor_msgs/cmake)
[6.516s] -- Found ament_cmake_ros: 0.10.0 (/opt/ros/humble/share/ament_cmake_ros/cmake)
[8.236s] -- Using all available rosidl_typesupport_c: rosidl_typesupport_fastrtps_c;rosidl_typesupport_introspection_c
[10.212s] -- Using all available rosidl_typesupport_cpp: rosidl_typesupport_fastrtps_cpp;rosidl_typesupport_introspection_cpp
[10.352s] -- Found python_cmake_module: 0.10.0 (/opt/ros/humble/share/python_cmake_module/cmake)
[10.487s] -- Using PYTHON_EXECUTABLE: /usr/bin/python3
[10.488s] -- Using PYTHON_INCLUDE_DIRS: /usr/include/python3.10
[10.489s] -- Using PYTHON_LIBRARIES: /usr/lib/aarch64-linux-gnu/libpython3.10.so
[11.292s] -- Found ament_lint_auto: 0.12.15 (/opt/ros/humble/share/ament_lint_auto/cmake)
[11.380s] -- Added test 'copyright' to check source files copyright and LICENSE
[11.404s] -- Added test 'lint_cmake' to check CMake code style
[11.415s] -- Added test 'xmllint' to check XML markup files
[11.450s] -- Configuring done
[11.964s] -- Generating done
[12.038s] -- Build files have been written to: /home/yzy/roverbot_ws/build/astra_camera_msgs
[12.078s] Invoked command in '/home/yzy/roverbot_ws/build/astra_camera_msgs' returned '0': CMAKE_PREFIX_PATH=${CMAKE_PREFIX_PATH}:/home/yzy/roverbot_ws/install/roverbot_chassis_driver:/opt/ros/humble /usr/bin/cmake /home/yzy/roverbot_ws/src/ros2_astra_camera/astra_camera_msgs -DCMAKE_INSTALL_PREFIX=/home/yzy/roverbot_ws/install/astra_camera_msgs
[12.088s] Invoking command in '/home/yzy/roverbot_ws/build/astra_camera_msgs': CMAKE_PREFIX_PATH=${CMAKE_PREFIX_PATH}:/home/yzy/roverbot_ws/install/roverbot_chassis_driver:/opt/ros/humble /usr/bin/cmake --build /home/yzy/roverbot_ws/build/astra_camera_msgs -- -j4 -l4
[12.327s] [35m[1mConsolidate compiler generated dependencies of target astra_camera_msgs__rosidl_generator_c[0m
[12.372s] [  1%] Built target astra_camera_msgs__rs
[12.385s] [  2%] Built target astra_camera_msgs__cpp
[12.430s] [  2%] Built target ament_cmake_python_symlink_astra_camera_msgs
[12.474s] [35m[1mConsolidate compiler generated dependencies of target astra_camera_msgs__rosidl_typesupport_fastrtps_cpp[0m
[12.477s] [ 13%] Built target astra_camera_msgs__rosidl_generator_c
[12.499s] [35m[1mConsolidate compiler generated dependencies of target astra_camera_msgs__rosidl_typesupport_introspection_cpp[0m
[12.554s] [35m[1mConsolidate compiler generated dependencies of target astra_camera_msgs__rosidl_typesupport_cpp[0m
[12.641s] [ 25%] Built target astra_camera_msgs__rosidl_typesupport_introspection_cpp
[12.670s] [ 36%] Built target astra_camera_msgs__rosidl_typesupport_fastrtps_cpp
[12.750s] [ 47%] Built target astra_camera_msgs__rosidl_typesupport_cpp
[12.772s] [35m[1mConsolidate compiler generated dependencies of target astra_camera_msgs__rosidl_typesupport_fastrtps_c[0m
[12.823s] [35m[1mConsolidate compiler generated dependencies of target astra_camera_msgs__rosidl_typesupport_introspection_c[0m
[12.865s] [35m[1mConsolidate compiler generated dependencies of target astra_camera_msgs__rosidl_typesupport_c[0m
[12.945s] [ 59%] Built target astra_camera_msgs__rosidl_typesupport_fastrtps_c
[12.964s] [ 70%] Built target astra_camera_msgs__rosidl_typesupport_c
[12.998s] [ 82%] Built target astra_camera_msgs__rosidl_typesupport_introspection_c
[13.111s] [ 82%] Built target astra_camera_msgs
[13.228s] [ 83%] Built target astra_camera_msgs__py
[13.298s] [35m[1mConsolidate compiler generated dependencies of target astra_camera_msgs__rosidl_generator_py[0m
[13.435s] [ 93%] Built target astra_camera_msgs__rosidl_generator_py
[13.527s] [35m[1mConsolidate compiler generated dependencies of target astra_camera_msgs__rosidl_typesupport_introspection_c__pyext[0m
[13.532s] [35m[1mConsolidate compiler generated dependencies of target astra_camera_msgs__rosidl_typesupport_fastrtps_c__pyext[0m
[13.543s] [35m[1mConsolidate compiler generated dependencies of target astra_camera_msgs__rosidl_typesupport_c__pyext[0m
[13.644s] [ 95%] Built target astra_camera_msgs__rosidl_typesupport_introspection_c__pyext
[13.648s] [ 97%] Built target astra_camera_msgs__rosidl_typesupport_fastrtps_c__pyext
[13.722s] [100%] Built target astra_camera_msgs__rosidl_typesupport_c__pyext
[14.136s] running egg_info
[14.139s] writing astra_camera_msgs.egg-info/PKG-INFO
[14.140s] writing dependency_links to astra_camera_msgs.egg-info/dependency_links.txt
[14.142s] writing top-level names to astra_camera_msgs.egg-info/top_level.txt
[14.154s] reading manifest file 'astra_camera_msgs.egg-info/SOURCES.txt'
[14.161s] writing manifest file 'astra_camera_msgs.egg-info/SOURCES.txt'
[14.305s] [100%] Built target ament_cmake_python_build_astra_camera_msgs_egg
[14.358s] Invoked command in '/home/yzy/roverbot_ws/build/astra_camera_msgs' returned '0': CMAKE_PREFIX_PATH=${CMAKE_PREFIX_PATH}:/home/yzy/roverbot_ws/install/roverbot_chassis_driver:/opt/ros/humble /usr/bin/cmake --build /home/yzy/roverbot_ws/build/astra_camera_msgs -- -j4 -l4
[14.376s] Invoking command in '/home/yzy/roverbot_ws/build/astra_camera_msgs': CMAKE_PREFIX_PATH=${CMAKE_PREFIX_PATH}:/home/yzy/roverbot_ws/install/roverbot_chassis_driver:/opt/ros/humble /usr/bin/cmake --install /home/yzy/roverbot_ws/build/astra_camera_msgs
[14.410s] -- Install configuration: ""
[14.413s] -- Execute custom install script
[14.421s] -- Up-to-date symlink: /home/yzy/roverbot_ws/install/astra_camera_msgs/share/ament_index/resource_index/rosidl_interfaces/astra_camera_msgs
[14.429s] -- Up-to-date symlink: /home/yzy/roverbot_ws/install/astra_camera_msgs/include/astra_camera_msgs/astra_camera_msgs/msg/detail/device_info__functions.h
[14.431s] -- Up-to-date symlink: /home/yzy/roverbot_ws/install/astra_camera_msgs/include/astra_camera_msgs/astra_camera_msgs/msg/detail/device_info__struct.h
[14.433s] -- Up-to-date symlink: /home/yzy/roverbot_ws/install/astra_camera_msgs/include/astra_camera_msgs/astra_camera_msgs/msg/detail/device_info__type_support.h
[14.435s] -- Up-to-date symlink: /home/yzy/roverbot_ws/install/astra_camera_msgs/include/astra_camera_msgs/astra_camera_msgs/msg/detail/extrinsics__functions.h
[14.437s] -- Up-to-date symlink: /home/yzy/roverbot_ws/install/astra_camera_msgs/include/astra_camera_msgs/astra_camera_msgs/msg/detail/extrinsics__struct.h
[14.438s] -- Up-to-date symlink: /home/yzy/roverbot_ws/install/astra_camera_msgs/include/astra_camera_msgs/astra_camera_msgs/msg/detail/extrinsics__type_support.h
[14.441s] -- Up-to-date symlink: /home/yzy/roverbot_ws/install/astra_camera_msgs/include/astra_camera_msgs/astra_camera_msgs/msg/detail/metadata__functions.h
[14.442s] -- Up-to-date symlink: /home/yzy/roverbot_ws/install/astra_camera_msgs/include/astra_camera_msgs/astra_camera_msgs/msg/detail/metadata__struct.h
[14.444s] -- Up-to-date symlink: /home/yzy/roverbot_ws/install/astra_camera_msgs/include/astra_camera_msgs/astra_camera_msgs/msg/detail/metadata__type_support.h
[14.446s] -- Up-to-date symlink: /home/yzy/roverbot_ws/install/astra_camera_msgs/include/astra_camera_msgs/astra_camera_msgs/msg/device_info.h
[14.449s] -- Up-to-date symlink: /home/yzy/roverbot_ws/install/astra_camera_msgs/include/astra_camera_msgs/astra_camera_msgs/msg/extrinsics.h
[14.451s] -- Up-to-date symlink: /home/yzy/roverbot_ws/install/astra_camera_msgs/include/astra_camera_msgs/astra_camera_msgs/msg/metadata.h
[14.453s] -- Up-to-date symlink: /home/yzy/roverbot_ws/install/astra_camera_msgs/include/astra_camera_msgs/astra_camera_msgs/msg/rosidl_generator_c__visibility_control.h
[14.455s] -- Up-to-date symlink: /home/yzy/roverbot_ws/install/astra_camera_msgs/include/astra_camera_msgs/astra_camera_msgs/srv/detail/get_camera_info__functions.h
[14.457s] -- Up-to-date symlink: /home/yzy/roverbot_ws/install/astra_camera_msgs/include/astra_camera_msgs/astra_camera_msgs/srv/detail/get_camera_info__struct.h
[14.459s] -- Up-to-date symlink: /home/yzy/roverbot_ws/install/astra_camera_msgs/include/astra_camera_msgs/astra_camera_msgs/srv/detail/get_camera_info__type_support.h
[14.461s] -- Up-to-date symlink: /home/yzy/roverbot_ws/install/astra_camera_msgs/include/astra_camera_msgs/astra_camera_msgs/srv/detail/get_camera_params__functions.h
[14.463s] -- Up-to-date symlink: /home/yzy/roverbot_ws/install/astra_camera_msgs/include/astra_camera_msgs/astra_camera_msgs/srv/detail/get_camera_params__struct.h
[14.465s] -- Up-to-date symlink: /home/yzy/roverbot_ws/install/astra_camera_msgs/include/astra_camera_msgs/astra_camera_msgs/srv/detail/get_camera_params__type_support.h
[14.467s] -- Up-to-date symlink: /home/yzy/roverbot_ws/install/astra_camera_msgs/include/astra_camera_msgs/astra_camera_msgs/srv/detail/get_device_info__functions.h
[14.470s] -- Up-to-date symlink: /home/yzy/roverbot_ws/install/astra_camera_msgs/include/astra_camera_msgs/astra_camera_msgs/srv/detail/get_device_info__struct.h
[14.472s] -- Up-to-date symlink: /home/yzy/roverbot_ws/install/astra_camera_msgs/include/astra_camera_msgs/astra_camera_msgs/srv/detail/get_device_info__type_support.h
[14.474s] -- Up-to-date symlink: /home/yzy/roverbot_ws/install/astra_camera_msgs/include/astra_camera_msgs/astra_camera_msgs/srv/detail/get_int32__functions.h
[14.476s] -- Up-to-date symlink: /home/yzy/roverbot_ws/install/astra_camera_msgs/include/astra_camera_msgs/astra_camera_msgs/srv/detail/get_int32__struct.h
[14.479s] -- Up-to-date symlink: /home/yzy/roverbot_ws/install/astra_camera_msgs/include/astra_camera_msgs/astra_camera_msgs/srv/detail/get_int32__type_support.h
[14.481s] -- Up-to-date symlink: /home/yzy/roverbot_ws/install/astra_camera_msgs/include/astra_camera_msgs/astra_camera_msgs/srv/detail/get_string__functions.h
[14.484s] -- Up-to-date symlink: /home/yzy/roverbot_ws/install/astra_camera_msgs/include/astra_camera_msgs/astra_camera_msgs/srv/detail/get_string__struct.h
[14.486s] -- Up-to-date symlink: /home/yzy/roverbot_ws/install/astra_camera_msgs/include/astra_camera_msgs/astra_camera_msgs/srv/detail/get_string__type_support.h
[14.487s] -- Up-to-date symlink: /home/yzy/roverbot_ws/install/astra_camera_msgs/include/astra_camera_msgs/astra_camera_msgs/srv/detail/set_int32__functions.h
[14.489s] -- Up-to-date symlink: /home/yzy/roverbot_ws/install/astra_camera_msgs/include/astra_camera_msgs/astra_camera_msgs/srv/detail/set_int32__struct.h
[14.494s] -- Up-to-date symlink: /home/yzy/roverbot_ws/install/astra_camera_msgs/include/astra_camera_msgs/astra_camera_msgs/srv/detail/set_int32__type_support.h
[14.495s] -- Up-to-date symlink: /home/yzy/roverbot_ws/install/astra_camera_msgs/include/astra_camera_msgs/astra_camera_msgs/srv/get_camera_info.h
[14.495s] -- Up-to-date symlink: /home/yzy/roverbot_ws/install/astra_camera_msgs/include/astra_camera_msgs/astra_camera_msgs/srv/get_camera_params.h
[14.496s] -- Up-to-date symlink: /home/yzy/roverbot_ws/install/astra_camera_msgs/include/astra_camera_msgs/astra_camera_msgs/srv/get_device_info.h
[14.499s] -- Up-to-date symlink: /home/yzy/roverbot_ws/install/astra_camera_msgs/include/astra_camera_msgs/astra_camera_msgs/srv/get_int32.h
[14.501s] -- Up-to-date symlink: /home/yzy/roverbot_ws/install/astra_camera_msgs/include/astra_camera_msgs/astra_camera_msgs/srv/get_string.h
[14.502s] -- Up-to-date symlink: /home/yzy/roverbot_ws/install/astra_camera_msgs/include/astra_camera_msgs/astra_camera_msgs/srv/set_int32.h
[14.504s] -- Up-to-date symlink: /home/yzy/roverbot_ws/install/astra_camera_msgs/share/astra_camera_msgs/environment/library_path.sh
[14.505s] -- Up-to-date symlink: /home/yzy/roverbot_ws/install/astra_camera_msgs/share/astra_camera_msgs/environment/library_path.dsv
[14.514s] -- Up-to-date symlink: /home/yzy/roverbot_ws/install/astra_camera_msgs/include/astra_camera_msgs/astra_camera_msgs/msg/detail/device_info__rosidl_typesupport_fastrtps_c.h
[14.516s] -- Up-to-date symlink: /home/yzy/roverbot_ws/install/astra_camera_msgs/include/astra_camera_msgs/astra_camera_msgs/msg/detail/extrinsics__rosidl_typesupport_fastrtps_c.h
[14.518s] -- Up-to-date symlink: /home/yzy/roverbot_ws/install/astra_camera_msgs/include/astra_camera_msgs/astra_camera_msgs/msg/detail/metadata__rosidl_typesupport_fastrtps_c.h
[14.522s] -- Up-to-date symlink: /home/yzy/roverbot_ws/install/astra_camera_msgs/include/astra_camera_msgs/astra_camera_msgs/msg/rosidl_typesupport_fastrtps_c__visibility_control.h
[14.522s] -- Up-to-date symlink: /home/yzy/roverbot_ws/install/astra_camera_msgs/include/astra_camera_msgs/astra_camera_msgs/srv/detail/get_camera_info__rosidl_typesupport_fastrtps_c.h
[14.523s] -- Up-to-date symlink: /home/yzy/roverbot_ws/install/astra_camera_msgs/include/astra_camera_msgs/astra_camera_msgs/srv/detail/get_camera_params__rosidl_typesupport_fastrtps_c.h
[14.525s] -- Up-to-date symlink: /home/yzy/roverbot_ws/install/astra_camera_msgs/include/astra_camera_msgs/astra_camera_msgs/srv/detail/get_device_info__rosidl_typesupport_fastrtps_c.h
[14.527s] -- Up-to-date symlink: /home/yzy/roverbot_ws/install/astra_camera_msgs/include/astra_camera_msgs/astra_camera_msgs/srv/detail/get_int32__rosidl_typesupport_fastrtps_c.h
[14.529s] -- Up-to-date symlink: /home/yzy/roverbot_ws/install/astra_camera_msgs/include/astra_camera_msgs/astra_camera_msgs/srv/detail/get_string__rosidl_typesupport_fastrtps_c.h
[14.531s] -- Up-to-date symlink: /home/yzy/roverbot_ws/install/astra_camera_msgs/include/astra_camera_msgs/astra_camera_msgs/srv/detail/set_int32__rosidl_typesupport_fastrtps_c.h
[14.536s] -- Up-to-date symlink: /home/yzy/roverbot_ws/install/astra_camera_msgs/include/astra_camera_msgs/astra_camera_msgs/msg/detail/device_info__rosidl_typesupport_introspection_c.h
[14.538s] -- Up-to-date symlink: /home/yzy/roverbot_ws/install/astra_camera_msgs/include/astra_camera_msgs/astra_camera_msgs/msg/detail/extrinsics__rosidl_typesupport_introspection_c.h
[14.540s] -- Up-to-date symlink: /home/yzy/roverbot_ws/install/astra_camera_msgs/include/astra_camera_msgs/astra_camera_msgs/msg/detail/metadata__rosidl_typesupport_introspection_c.h
[14.542s] -- Up-to-date symlink: /home/yzy/roverbot_ws/install/astra_camera_msgs/include/astra_camera_msgs/astra_camera_msgs/msg/rosidl_typesupport_introspection_c__visibility_control.h
[14.544s] -- Up-to-date symlink: /home/yzy/roverbot_ws/install/astra_camera_msgs/include/astra_camera_msgs/astra_camera_msgs/srv/detail/get_camera_info__rosidl_typesupport_introspection_c.h
[14.545s] -- Up-to-date symlink: /home/yzy/roverbot_ws/install/astra_camera_msgs/include/astra_camera_msgs/astra_camera_msgs/srv/detail/get_camera_params__rosidl_typesupport_introspection_c.h
[14.547s] -- Up-to-date symlink: /home/yzy/roverbot_ws/install/astra_camera_msgs/include/astra_camera_msgs/astra_camera_msgs/srv/detail/get_device_info__rosidl_typesupport_introspection_c.h
[14.549s] -- Up-to-date symlink: /home/yzy/roverbot_ws/install/astra_camera_msgs/include/astra_camera_msgs/astra_camera_msgs/srv/detail/get_int32__rosidl_typesupport_introspection_c.h
[14.551s] -- Up-to-date symlink: /home/yzy/roverbot_ws/install/astra_camera_msgs/include/astra_camera_msgs/astra_camera_msgs/srv/detail/get_string__rosidl_typesupport_introspection_c.h
[14.553s] -- Up-to-date symlink: /home/yzy/roverbot_ws/install/astra_camera_msgs/include/astra_camera_msgs/astra_camera_msgs/srv/detail/set_int32__rosidl_typesupport_introspection_c.h
[14.567s] -- Up-to-date symlink: /home/yzy/roverbot_ws/install/astra_camera_msgs/include/astra_camera_msgs/astra_camera_msgs/msg/detail/device_info__builder.hpp
[14.568s] -- Up-to-date symlink: /home/yzy/roverbot_ws/install/astra_camera_msgs/include/astra_camera_msgs/astra_camera_msgs/msg/detail/device_info__struct.hpp
[14.570s] -- Up-to-date symlink: /home/yzy/roverbot_ws/install/astra_camera_msgs/include/astra_camera_msgs/astra_camera_msgs/msg/detail/device_info__traits.hpp
[14.573s] -- Up-to-date symlink: /home/yzy/roverbot_ws/install/astra_camera_msgs/include/astra_camera_msgs/astra_camera_msgs/msg/detail/device_info__type_support.hpp
[14.576s] -- Up-to-date symlink: /home/yzy/roverbot_ws/install/astra_camera_msgs/include/astra_camera_msgs/astra_camera_msgs/msg/detail/extrinsics__builder.hpp
[14.578s] -- Up-to-date symlink: /home/yzy/roverbot_ws/install/astra_camera_msgs/include/astra_camera_msgs/astra_camera_msgs/msg/detail/extrinsics__struct.hpp
[14.580s] -- Up-to-date symlink: /home/yzy/roverbot_ws/install/astra_camera_msgs/include/astra_camera_msgs/astra_camera_msgs/msg/detail/extrinsics__traits.hpp
[14.584s] -- Up-to-date symlink: /home/yzy/roverbot_ws/install/astra_camera_msgs/include/astra_camera_msgs/astra_camera_msgs/msg/detail/extrinsics__type_support.hpp
[14.585s] -- Up-to-date symlink: /home/yzy/roverbot_ws/install/astra_camera_msgs/include/astra_camera_msgs/astra_camera_msgs/msg/detail/metadata__builder.hpp
[14.587s] -- Up-to-date symlink: /home/yzy/roverbot_ws/install/astra_camera_msgs/include/astra_camera_msgs/astra_camera_msgs/msg/detail/metadata__struct.hpp
[14.590s] -- Up-to-date symlink: /home/yzy/roverbot_ws/install/astra_camera_msgs/include/astra_camera_msgs/astra_camera_msgs/msg/detail/metadata__traits.hpp
[14.593s] -- Up-to-date symlink: /home/yzy/roverbot_ws/install/astra_camera_msgs/include/astra_camera_msgs/astra_camera_msgs/msg/detail/metadata__type_support.hpp
[14.595s] -- Up-to-date symlink: /home/yzy/roverbot_ws/install/astra_camera_msgs/include/astra_camera_msgs/astra_camera_msgs/msg/device_info.hpp
[14.597s] -- Up-to-date symlink: /home/yzy/roverbot_ws/install/astra_camera_msgs/include/astra_camera_msgs/astra_camera_msgs/msg/extrinsics.hpp
[14.598s] -- Up-to-date symlink: /home/yzy/roverbot_ws/install/astra_camera_msgs/include/astra_camera_msgs/astra_camera_msgs/msg/metadata.hpp
[14.600s] -- Up-to-date symlink: /home/yzy/roverbot_ws/install/astra_camera_msgs/include/astra_camera_msgs/astra_camera_msgs/msg/rosidl_generator_cpp__visibility_control.hpp
[14.602s] -- Up-to-date symlink: /home/yzy/roverbot_ws/install/astra_camera_msgs/include/astra_camera_msgs/astra_camera_msgs/srv/detail/get_camera_info__builder.hpp
[14.604s] -- Up-to-date symlink: /home/yzy/roverbot_ws/install/astra_camera_msgs/include/astra_camera_msgs/astra_camera_msgs/srv/detail/get_camera_info__struct.hpp
[14.606s] -- Up-to-date symlink: /home/yzy/roverbot_ws/install/astra_camera_msgs/include/astra_camera_msgs/astra_camera_msgs/srv/detail/get_camera_info__traits.hpp
[14.608s] -- Up-to-date symlink: /home/yzy/roverbot_ws/install/astra_camera_msgs/include/astra_camera_msgs/astra_camera_msgs/srv/detail/get_camera_info__type_support.hpp
[14.610s] -- Up-to-date symlink: /home/yzy/roverbot_ws/install/astra_camera_msgs/include/astra_camera_msgs/astra_camera_msgs/srv/detail/get_camera_params__builder.hpp
[14.612s] -- Up-to-date symlink: /home/yzy/roverbot_ws/install/astra_camera_msgs/include/astra_camera_msgs/astra_camera_msgs/srv/detail/get_camera_params__struct.hpp
[14.614s] -- Up-to-date symlink: /home/yzy/roverbot_ws/install/astra_camera_msgs/include/astra_camera_msgs/astra_camera_msgs/srv/detail/get_camera_params__traits.hpp
[14.616s] -- Up-to-date symlink: /home/yzy/roverbot_ws/install/astra_camera_msgs/include/astra_camera_msgs/astra_camera_msgs/srv/detail/get_camera_params__type_support.hpp
[14.618s] -- Up-to-date symlink: /home/yzy/roverbot_ws/install/astra_camera_msgs/include/astra_camera_msgs/astra_camera_msgs/srv/detail/get_device_info__builder.hpp
[14.620s] -- Up-to-date symlink: /home/yzy/roverbot_ws/install/astra_camera_msgs/include/astra_camera_msgs/astra_camera_msgs/srv/detail/get_device_info__struct.hpp
[14.623s] -- Up-to-date symlink: /home/yzy/roverbot_ws/install/astra_camera_msgs/include/astra_camera_msgs/astra_camera_msgs/srv/detail/get_device_info__traits.hpp
[14.627s] -- Up-to-date symlink: /home/yzy/roverbot_ws/install/astra_camera_msgs/include/astra_camera_msgs/astra_camera_msgs/srv/detail/get_device_info__type_support.hpp
[14.628s] -- Up-to-date symlink: /home/yzy/roverbot_ws/install/astra_camera_msgs/include/astra_camera_msgs/astra_camera_msgs/srv/detail/get_int32__builder.hpp
[14.628s] -- Up-to-date symlink: /home/yzy/roverbot_ws/install/astra_camera_msgs/include/astra_camera_msgs/astra_camera_msgs/srv/detail/get_int32__struct.hpp
[14.631s] -- Up-to-date symlink: /home/yzy/roverbot_ws/install/astra_camera_msgs/include/astra_camera_msgs/astra_camera_msgs/srv/detail/get_int32__traits.hpp
[14.632s] -- Up-to-date symlink: /home/yzy/roverbot_ws/install/astra_camera_msgs/include/astra_camera_msgs/astra_camera_msgs/srv/detail/get_int32__type_support.hpp
[14.633s] -- Up-to-date symlink: /home/yzy/roverbot_ws/install/astra_camera_msgs/include/astra_camera_msgs/astra_camera_msgs/srv/detail/get_string__builder.hpp
[14.635s] -- Up-to-date symlink: /home/yzy/roverbot_ws/install/astra_camera_msgs/include/astra_camera_msgs/astra_camera_msgs/srv/detail/get_string__struct.hpp
[14.637s] -- Up-to-date symlink: /home/yzy/roverbot_ws/install/astra_camera_msgs/include/astra_camera_msgs/astra_camera_msgs/srv/detail/get_string__traits.hpp
[14.638s] -- Up-to-date symlink: /home/yzy/roverbot_ws/install/astra_camera_msgs/include/astra_camera_msgs/astra_camera_msgs/srv/detail/get_string__type_support.hpp
[14.640s] -- Up-to-date symlink: /home/yzy/roverbot_ws/install/astra_camera_msgs/include/astra_camera_msgs/astra_camera_msgs/srv/detail/set_int32__builder.hpp
[14.642s] -- Up-to-date symlink: /home/yzy/roverbot_ws/install/astra_camera_msgs/include/astra_camera_msgs/astra_camera_msgs/srv/detail/set_int32__struct.hpp
[14.644s] -- Up-to-date symlink: /home/yzy/roverbot_ws/install/astra_camera_msgs/include/astra_camera_msgs/astra_camera_msgs/srv/detail/set_int32__traits.hpp
[14.645s] -- Up-to-date symlink: /home/yzy/roverbot_ws/install/astra_camera_msgs/include/astra_camera_msgs/astra_camera_msgs/srv/detail/set_int32__type_support.hpp
[14.648s] -- Up-to-date symlink: /home/yzy/roverbot_ws/install/astra_camera_msgs/include/astra_camera_msgs/astra_camera_msgs/srv/get_camera_info.hpp
[14.649s] -- Up-to-date symlink: /home/yzy/roverbot_ws/install/astra_camera_msgs/include/astra_camera_msgs/astra_camera_msgs/srv/get_camera_params.hpp
[14.650s] -- Up-to-date symlink: /home/yzy/roverbot_ws/install/astra_camera_msgs/include/astra_camera_msgs/astra_camera_msgs/srv/get_device_info.hpp
[14.652s] -- Up-to-date symlink: /home/yzy/roverbot_ws/install/astra_camera_msgs/include/astra_camera_msgs/astra_camera_msgs/srv/get_int32.hpp
[14.654s] -- Up-to-date symlink: /home/yzy/roverbot_ws/install/astra_camera_msgs/include/astra_camera_msgs/astra_camera_msgs/srv/get_string.hpp
[14.655s] -- Up-to-date symlink: /home/yzy/roverbot_ws/install/astra_camera_msgs/include/astra_camera_msgs/astra_camera_msgs/srv/set_int32.hpp
[14.670s] -- Up-to-date symlink: /home/yzy/roverbot_ws/install/astra_camera_msgs/include/astra_camera_msgs/astra_camera_msgs/msg/detail/device_info__rosidl_typesupport_fastrtps_cpp.hpp
[14.672s] -- Up-to-date symlink: /home/yzy/roverbot_ws/install/astra_camera_msgs/include/astra_camera_msgs/astra_camera_msgs/msg/detail/extrinsics__rosidl_typesupport_fastrtps_cpp.hpp
[14.674s] -- Up-to-date symlink: /home/yzy/roverbot_ws/install/astra_camera_msgs/include/astra_camera_msgs/astra_camera_msgs/msg/detail/metadata__rosidl_typesupport_fastrtps_cpp.hpp
[14.677s] -- Up-to-date symlink: /home/yzy/roverbot_ws/install/astra_camera_msgs/include/astra_camera_msgs/astra_camera_msgs/msg/rosidl_typesupport_fastrtps_cpp__visibility_control.h
[14.680s] -- Up-to-date symlink: /home/yzy/roverbot_ws/install/astra_camera_msgs/include/astra_camera_msgs/astra_camera_msgs/srv/detail/get_camera_info__rosidl_typesupport_fastrtps_cpp.hpp
[14.686s] -- Up-to-date symlink: /home/yzy/roverbot_ws/install/astra_camera_msgs/include/astra_camera_msgs/astra_camera_msgs/srv/detail/get_camera_params__rosidl_typesupport_fastrtps_cpp.hpp
[14.706s] -- Up-to-date symlink: /home/yzy/roverbot_ws/install/astra_camera_msgs/include/astra_camera_msgs/astra_camera_msgs/srv/detail/get_device_info__rosidl_typesupport_fastrtps_cpp.hpp
[14.708s] -- Up-to-date symlink: /home/yzy/roverbot_ws/install/astra_camera_msgs/include/astra_camera_msgs/astra_camera_msgs/srv/detail/get_int32__rosidl_typesupport_fastrtps_cpp.hpp
[14.718s] -- Up-to-date symlink: /home/yzy/roverbot_ws/install/astra_camera_msgs/include/astra_camera_msgs/astra_camera_msgs/srv/detail/get_string__rosidl_typesupport_fastrtps_cpp.hpp
[14.721s] -- Up-to-date symlink: /home/yzy/roverbot_ws/install/astra_camera_msgs/include/astra_camera_msgs/astra_camera_msgs/srv/detail/set_int32__rosidl_typesupport_fastrtps_cpp.hpp
[14.729s] -- Up-to-date symlink: /home/yzy/roverbot_ws/install/astra_camera_msgs/include/astra_camera_msgs/astra_camera_msgs/msg/detail/device_info__rosidl_typesupport_introspection_cpp.hpp
[14.732s] -- Up-to-date symlink: /home/yzy/roverbot_ws/install/astra_camera_msgs/include/astra_camera_msgs/astra_camera_msgs/msg/detail/extrinsics__rosidl_typesupport_introspection_cpp.hpp
[14.734s] -- Up-to-date symlink: /home/yzy/roverbot_ws/install/astra_camera_msgs/include/astra_camera_msgs/astra_camera_msgs/msg/detail/metadata__rosidl_typesupport_introspection_cpp.hpp
[14.737s] -- Up-to-date symlink: /home/yzy/roverbot_ws/install/astra_camera_msgs/include/astra_camera_msgs/astra_camera_msgs/srv/detail/get_camera_info__rosidl_typesupport_introspection_cpp.hpp
[14.742s] -- Up-to-date symlink: /home/yzy/roverbot_ws/install/astra_camera_msgs/include/astra_camera_msgs/astra_camera_msgs/srv/detail/get_camera_params__rosidl_typesupport_introspection_cpp.hpp
[14.743s] -- Up-to-date symlink: /home/yzy/roverbot_ws/install/astra_camera_msgs/include/astra_camera_msgs/astra_camera_msgs/srv/detail/get_device_info__rosidl_typesupport_introspection_cpp.hpp
[14.745s] -- Up-to-date symlink: /home/yzy/roverbot_ws/install/astra_camera_msgs/include/astra_camera_msgs/astra_camera_msgs/srv/detail/get_int32__rosidl_typesupport_introspection_cpp.hpp
[14.747s] -- Up-to-date symlink: /home/yzy/roverbot_ws/install/astra_camera_msgs/include/astra_camera_msgs/astra_camera_msgs/srv/detail/get_string__rosidl_typesupport_introspection_cpp.hpp
[14.749s] -- Up-to-date symlink: /home/yzy/roverbot_ws/install/astra_camera_msgs/include/astra_camera_msgs/astra_camera_msgs/srv/detail/set_int32__rosidl_typesupport_introspection_cpp.hpp
[14.751s] -- Up-to-date symlink: /home/yzy/roverbot_ws/install/astra_camera_msgs/share/astra_camera_msgs/environment/pythonpath.sh
[14.753s] -- Up-to-date symlink: /home/yzy/roverbot_ws/install/astra_camera_msgs/share/astra_camera_msgs/environment/pythonpath.dsv
[14.755s] -- Up-to-date symlink: /home/yzy/roverbot_ws/install/astra_camera_msgs/local/lib/python3.10/dist-packages/astra_camera_msgs-1.0.1-py3.10.egg-info/PKG-INFO
[14.758s] -- Up-to-date symlink: /home/yzy/roverbot_ws/install/astra_camera_msgs/local/lib/python3.10/dist-packages/astra_camera_msgs-1.0.1-py3.10.egg-info/SOURCES.txt
[14.760s] -- Up-to-date symlink: /home/yzy/roverbot_ws/install/astra_camera_msgs/local/lib/python3.10/dist-packages/astra_camera_msgs-1.0.1-py3.10.egg-info/dependency_links.txt
[14.762s] -- Up-to-date symlink: /home/yzy/roverbot_ws/install/astra_camera_msgs/local/lib/python3.10/dist-packages/astra_camera_msgs-1.0.1-py3.10.egg-info/top_level.txt
[14.774s] -- Up-to-date symlink: /home/yzy/roverbot_ws/install/astra_camera_msgs/local/lib/python3.10/dist-packages/astra_camera_msgs/__init__.py
[14.776s] -- Up-to-date symlink: /home/yzy/roverbot_ws/install/astra_camera_msgs/local/lib/python3.10/dist-packages/astra_camera_msgs/_astra_camera_msgs_s.ep.rosidl_typesupport_c.c
[14.778s] -- Up-to-date symlink: /home/yzy/roverbot_ws/install/astra_camera_msgs/local/lib/python3.10/dist-packages/astra_camera_msgs/_astra_camera_msgs_s.ep.rosidl_typesupport_fastrtps_c.c
[14.781s] -- Up-to-date symlink: /home/yzy/roverbot_ws/install/astra_camera_msgs/local/lib/python3.10/dist-packages/astra_camera_msgs/_astra_camera_msgs_s.ep.rosidl_typesupport_introspection_c.c
[14.783s] -- Up-to-date symlink: /home/yzy/roverbot_ws/install/astra_camera_msgs/local/lib/python3.10/dist-packages/astra_camera_msgs/astra_camera_msgs_s__rosidl_typesupport_c.cpython-310-aarch64-linux-gnu.so
[14.786s] -- Up-to-date symlink: /home/yzy/roverbot_ws/install/astra_camera_msgs/local/lib/python3.10/dist-packages/astra_camera_msgs/astra_camera_msgs_s__rosidl_typesupport_fastrtps_c.cpython-310-aarch64-linux-gnu.so
[14.788s] -- Up-to-date symlink: /home/yzy/roverbot_ws/install/astra_camera_msgs/local/lib/python3.10/dist-packages/astra_camera_msgs/astra_camera_msgs_s__rosidl_typesupport_introspection_c.cpython-310-aarch64-linux-gnu.so
[14.790s] -- Up-to-date symlink: /home/yzy/roverbot_ws/install/astra_camera_msgs/local/lib/python3.10/dist-packages/astra_camera_msgs/libastra_camera_msgs__rosidl_generator_py.so
[14.794s] -- Up-to-date symlink: /home/yzy/roverbot_ws/install/astra_camera_msgs/local/lib/python3.10/dist-packages/astra_camera_msgs/msg/__init__.py
[14.795s] -- Up-to-date symlink: /home/yzy/roverbot_ws/install/astra_camera_msgs/local/lib/python3.10/dist-packages/astra_camera_msgs/msg/_device_info.py
[14.797s] -- Up-to-date symlink: /home/yzy/roverbot_ws/install/astra_camera_msgs/local/lib/python3.10/dist-packages/astra_camera_msgs/msg/_device_info_s.c
[14.800s] -- Up-to-date symlink: /home/yzy/roverbot_ws/install/astra_camera_msgs/local/lib/python3.10/dist-packages/astra_camera_msgs/msg/_extrinsics.py
[14.802s] -- Up-to-date symlink: /home/yzy/roverbot_ws/install/astra_camera_msgs/local/lib/python3.10/dist-packages/astra_camera_msgs/msg/_extrinsics_s.c
[14.805s] -- Up-to-date symlink: /home/yzy/roverbot_ws/install/astra_camera_msgs/local/lib/python3.10/dist-packages/astra_camera_msgs/msg/_metadata.py
[14.807s] -- Up-to-date symlink: /home/yzy/roverbot_ws/install/astra_camera_msgs/local/lib/python3.10/dist-packages/astra_camera_msgs/msg/_metadata_s.c
[14.809s] -- Up-to-date symlink: /home/yzy/roverbot_ws/install/astra_camera_msgs/local/lib/python3.10/dist-packages/astra_camera_msgs/srv/__init__.py
[14.812s] -- Up-to-date symlink: /home/yzy/roverbot_ws/install/astra_camera_msgs/local/lib/python3.10/dist-packages/astra_camera_msgs/srv/_get_camera_info.py
[14.814s] -- Up-to-date symlink: /home/yzy/roverbot_ws/install/astra_camera_msgs/local/lib/python3.10/dist-packages/astra_camera_msgs/srv/_get_camera_info_s.c
[14.816s] -- Up-to-date symlink: /home/yzy/roverbot_ws/install/astra_camera_msgs/local/lib/python3.10/dist-packages/astra_camera_msgs/srv/_get_camera_params.py
[14.818s] -- Up-to-date symlink: /home/yzy/roverbot_ws/install/astra_camera_msgs/local/lib/python3.10/dist-packages/astra_camera_msgs/srv/_get_camera_params_s.c
[14.821s] -- Up-to-date symlink: /home/yzy/roverbot_ws/install/astra_camera_msgs/local/lib/python3.10/dist-packages/astra_camera_msgs/srv/_get_device_info.py
[14.823s] -- Up-to-date symlink: /home/yzy/roverbot_ws/install/astra_camera_msgs/local/lib/python3.10/dist-packages/astra_camera_msgs/srv/_get_device_info_s.c
[14.827s] -- Up-to-date symlink: /home/yzy/roverbot_ws/install/astra_camera_msgs/local/lib/python3.10/dist-packages/astra_camera_msgs/srv/_get_int32.py
[14.830s] -- Up-to-date symlink: /home/yzy/roverbot_ws/install/astra_camera_msgs/local/lib/python3.10/dist-packages/astra_camera_msgs/srv/_get_int32_s.c
[14.834s] -- Up-to-date symlink: /home/yzy/roverbot_ws/install/astra_camera_msgs/local/lib/python3.10/dist-packages/astra_camera_msgs/srv/_get_string.py
[14.837s] -- Up-to-date symlink: /home/yzy/roverbot_ws/install/astra_camera_msgs/local/lib/python3.10/dist-packages/astra_camera_msgs/srv/_get_string_s.c
[14.839s] -- Up-to-date symlink: /home/yzy/roverbot_ws/install/astra_camera_msgs/local/lib/python3.10/dist-packages/astra_camera_msgs/srv/_set_int32.py
[14.842s] -- Up-to-date symlink: /home/yzy/roverbot_ws/install/astra_camera_msgs/local/lib/python3.10/dist-packages/astra_camera_msgs/srv/_set_int32_s.c
[14.844s] -- Up-to-date symlink: /home/yzy/roverbot_ws/install/astra_camera_msgs/local/lib/python3.10/dist-packages/astra_camera_msgs/astra_camera_msgs_s__rosidl_typesupport_fastrtps_c.cpython-310-aarch64-linux-gnu.so
[14.847s] -- Up-to-date symlink: /home/yzy/roverbot_ws/install/astra_camera_msgs/local/lib/python3.10/dist-packages/astra_camera_msgs/astra_camera_msgs_s__rosidl_typesupport_introspection_c.cpython-310-aarch64-linux-gnu.so
[14.849s] -- Up-to-date symlink: /home/yzy/roverbot_ws/install/astra_camera_msgs/local/lib/python3.10/dist-packages/astra_camera_msgs/astra_camera_msgs_s__rosidl_typesupport_c.cpython-310-aarch64-linux-gnu.so
[14.851s] -- Up-to-date symlink: /home/yzy/roverbot_ws/install/astra_camera_msgs/share/ament_index/resource_index/rust_packages/astra_camera_msgs
[14.855s] -- Up-to-date symlink: /home/yzy/roverbot_ws/install/astra_camera_msgs/share/astra_camera_msgs/rust/Cargo.toml
[14.856s] -- Up-to-date symlink: /home/yzy/roverbot_ws/install/astra_camera_msgs/share/astra_camera_msgs/rust/build.rs
[14.858s] -- Up-to-date symlink: /home/yzy/roverbot_ws/install/astra_camera_msgs/share/astra_camera_msgs/rust/src/lib.rs
[14.862s] -- Up-to-date symlink: /home/yzy/roverbot_ws/install/astra_camera_msgs/share/astra_camera_msgs/rust/src/msg.rs
[14.865s] -- Up-to-date symlink: /home/yzy/roverbot_ws/install/astra_camera_msgs/share/astra_camera_msgs/rust/src/msg/rmw.rs
[14.866s] -- Up-to-date symlink: /home/yzy/roverbot_ws/install/astra_camera_msgs/share/astra_camera_msgs/rust/src/srv.rs
[14.868s] -- Up-to-date symlink: /home/yzy/roverbot_ws/install/astra_camera_msgs/share/astra_camera_msgs/rust/src/srv/rmw.rs
[14.870s] -- Up-to-date symlink: /home/yzy/roverbot_ws/install/astra_camera_msgs/share/astra_camera_msgs/msg/DeviceInfo.idl
[14.872s] -- Up-to-date symlink: /home/yzy/roverbot_ws/install/astra_camera_msgs/share/astra_camera_msgs/msg/Extrinsics.idl
[14.874s] -- Up-to-date symlink: /home/yzy/roverbot_ws/install/astra_camera_msgs/share/astra_camera_msgs/msg/Metadata.idl
[14.876s] -- Up-to-date symlink: /home/yzy/roverbot_ws/install/astra_camera_msgs/share/astra_camera_msgs/srv/GetDeviceInfo.idl
[14.878s] -- Up-to-date symlink: /home/yzy/roverbot_ws/install/astra_camera_msgs/share/astra_camera_msgs/srv/GetCameraInfo.idl
[14.880s] -- Up-to-date symlink: /home/yzy/roverbot_ws/install/astra_camera_msgs/share/astra_camera_msgs/srv/GetCameraParams.idl
[14.882s] -- Up-to-date symlink: /home/yzy/roverbot_ws/install/astra_camera_msgs/share/astra_camera_msgs/srv/GetInt32.idl
[14.884s] -- Up-to-date symlink: /home/yzy/roverbot_ws/install/astra_camera_msgs/share/astra_camera_msgs/srv/GetString.idl
[14.886s] -- Up-to-date symlink: /home/yzy/roverbot_ws/install/astra_camera_msgs/share/astra_camera_msgs/srv/SetInt32.idl
[14.888s] -- Up-to-date symlink: /home/yzy/roverbot_ws/install/astra_camera_msgs/share/astra_camera_msgs/msg/DeviceInfo.msg
[14.889s] -- Up-to-date symlink: /home/yzy/roverbot_ws/install/astra_camera_msgs/share/astra_camera_msgs/msg/Extrinsics.msg
[14.892s] -- Up-to-date symlink: /home/yzy/roverbot_ws/install/astra_camera_msgs/share/astra_camera_msgs/msg/Metadata.msg
[14.894s] -- Up-to-date symlink: /home/yzy/roverbot_ws/install/astra_camera_msgs/share/astra_camera_msgs/srv/GetDeviceInfo.srv
[14.895s] -- Up-to-date symlink: /home/yzy/roverbot_ws/install/astra_camera_msgs/share/astra_camera_msgs/srv/GetDeviceInfo_Request.msg
[14.897s] -- Up-to-date symlink: /home/yzy/roverbot_ws/install/astra_camera_msgs/share/astra_camera_msgs/srv/GetDeviceInfo_Response.msg
[14.899s] -- Up-to-date symlink: /home/yzy/roverbot_ws/install/astra_camera_msgs/share/astra_camera_msgs/srv/GetCameraInfo.srv
[14.901s] -- Up-to-date symlink: /home/yzy/roverbot_ws/install/astra_camera_msgs/share/astra_camera_msgs/srv/GetCameraInfo_Request.msg
[14.903s] -- Up-to-date symlink: /home/yzy/roverbot_ws/install/astra_camera_msgs/share/astra_camera_msgs/srv/GetCameraInfo_Response.msg
[14.905s] -- Up-to-date symlink: /home/yzy/roverbot_ws/install/astra_camera_msgs/share/astra_camera_msgs/srv/GetCameraParams.srv
[14.906s] -- Up-to-date symlink: /home/yzy/roverbot_ws/install/astra_camera_msgs/share/astra_camera_msgs/srv/GetCameraParams_Request.msg
[14.908s] -- Up-to-date symlink: /home/yzy/roverbot_ws/install/astra_camera_msgs/share/astra_camera_msgs/srv/GetCameraParams_Response.msg
[14.910s] -- Up-to-date symlink: /home/yzy/roverbot_ws/install/astra_camera_msgs/share/astra_camera_msgs/srv/GetInt32.srv
[14.912s] -- Up-to-date symlink: /home/yzy/roverbot_ws/install/astra_camera_msgs/share/astra_camera_msgs/srv/GetInt32_Request.msg
[14.914s] -- Up-to-date symlink: /home/yzy/roverbot_ws/install/astra_camera_msgs/share/astra_camera_msgs/srv/GetInt32_Response.msg
[14.916s] -- Up-to-date symlink: /home/yzy/roverbot_ws/install/astra_camera_msgs/share/astra_camera_msgs/srv/GetString.srv
[14.918s] -- Up-to-date symlink: /home/yzy/roverbot_ws/install/astra_camera_msgs/share/astra_camera_msgs/srv/GetString_Request.msg
[14.920s] -- Up-to-date symlink: /home/yzy/roverbot_ws/install/astra_camera_msgs/share/astra_camera_msgs/srv/GetString_Response.msg
[14.922s] -- Up-to-date symlink: /home/yzy/roverbot_ws/install/astra_camera_msgs/share/astra_camera_msgs/srv/SetInt32.srv
[14.924s] -- Up-to-date symlink: /home/yzy/roverbot_ws/install/astra_camera_msgs/share/astra_camera_msgs/srv/SetInt32_Request.msg
[14.926s] -- Up-to-date symlink: /home/yzy/roverbot_ws/install/astra_camera_msgs/share/astra_camera_msgs/srv/SetInt32_Response.msg
[14.928s] -- Up-to-date symlink: /home/yzy/roverbot_ws/install/astra_camera_msgs/share/ament_index/resource_index/package_run_dependencies/astra_camera_msgs
[14.931s] -- Up-to-date symlink: /home/yzy/roverbot_ws/install/astra_camera_msgs/share/ament_index/resource_index/parent_prefix_path/astra_camera_msgs
[14.932s] -- Up-to-date symlink: /home/yzy/roverbot_ws/install/astra_camera_msgs/share/astra_camera_msgs/environment/ament_prefix_path.sh
[14.934s] -- Up-to-date symlink: /home/yzy/roverbot_ws/install/astra_camera_msgs/share/astra_camera_msgs/environment/ament_prefix_path.dsv
[14.937s] -- Up-to-date symlink: /home/yzy/roverbot_ws/install/astra_camera_msgs/share/astra_camera_msgs/environment/path.sh
[14.937s] -- Up-to-date symlink: /home/yzy/roverbot_ws/install/astra_camera_msgs/share/astra_camera_msgs/environment/path.dsv
[14.939s] -- Up-to-date symlink: /home/yzy/roverbot_ws/install/astra_camera_msgs/share/astra_camera_msgs/local_setup.bash
[14.941s] -- Up-to-date symlink: /home/yzy/roverbot_ws/install/astra_camera_msgs/share/astra_camera_msgs/local_setup.sh
[14.942s] -- Up-to-date symlink: /home/yzy/roverbot_ws/install/astra_camera_msgs/share/astra_camera_msgs/local_setup.zsh
[14.945s] -- Up-to-date symlink: /home/yzy/roverbot_ws/install/astra_camera_msgs/share/astra_camera_msgs/local_setup.dsv
[14.945s] -- Symlinking: /home/yzy/roverbot_ws/install/astra_camera_msgs/share/astra_camera_msgs/package.dsv
[14.987s] -- Up-to-date symlink: /home/yzy/roverbot_ws/install/astra_camera_msgs/share/ament_index/resource_index/packages/astra_camera_msgs
[14.990s] -- Up-to-date symlink: /home/yzy/roverbot_ws/install/astra_camera_msgs/share/astra_camera_msgs/cmake/rosidl_cmake-extras.cmake
[14.992s] -- Up-to-date symlink: /home/yzy/roverbot_ws/install/astra_camera_msgs/share/astra_camera_msgs/cmake/ament_cmake_export_dependencies-extras.cmake
[14.995s] -- Up-to-date symlink: /home/yzy/roverbot_ws/install/astra_camera_msgs/share/astra_camera_msgs/cmake/ament_cmake_export_include_directories-extras.cmake
[14.997s] -- Up-to-date symlink: /home/yzy/roverbot_ws/install/astra_camera_msgs/share/astra_camera_msgs/cmake/ament_cmake_export_libraries-extras.cmake
[15.000s] -- Up-to-date symlink: /home/yzy/roverbot_ws/install/astra_camera_msgs/share/astra_camera_msgs/cmake/ament_cmake_export_targets-extras.cmake
[15.001s] -- Up-to-date symlink: /home/yzy/roverbot_ws/install/astra_camera_msgs/share/astra_camera_msgs/cmake/rosidl_cmake_export_typesupport_targets-extras.cmake
[15.003s] -- Up-to-date symlink: /home/yzy/roverbot_ws/install/astra_camera_msgs/share/astra_camera_msgs/cmake/rosidl_cmake_export_typesupport_libraries-extras.cmake
[15.005s] -- Up-to-date symlink: /home/yzy/roverbot_ws/install/astra_camera_msgs/share/astra_camera_msgs/cmake/astra_camera_msgsConfig.cmake
[15.007s] -- Up-to-date symlink: /home/yzy/roverbot_ws/install/astra_camera_msgs/share/astra_camera_msgs/cmake/astra_camera_msgsConfig-version.cmake
[15.009s] -- Up-to-date symlink: /home/yzy/roverbot_ws/install/astra_camera_msgs/share/astra_camera_msgs/package.xml
[15.013s] -- Up-to-date: /home/yzy/roverbot_ws/install/astra_camera_msgs/lib/libastra_camera_msgs__rosidl_generator_c.so
[15.018s] -- Up-to-date: /home/yzy/roverbot_ws/install/astra_camera_msgs/lib/libastra_camera_msgs__rosidl_typesupport_fastrtps_c.so
[15.024s] -- Up-to-date: /home/yzy/roverbot_ws/install/astra_camera_msgs/lib/libastra_camera_msgs__rosidl_typesupport_introspection_c.so
[15.029s] -- Up-to-date: /home/yzy/roverbot_ws/install/astra_camera_msgs/lib/libastra_camera_msgs__rosidl_typesupport_c.so
[15.034s] -- Up-to-date: /home/yzy/roverbot_ws/install/astra_camera_msgs/lib/libastra_camera_msgs__rosidl_typesupport_fastrtps_cpp.so
[15.040s] -- Up-to-date: /home/yzy/roverbot_ws/install/astra_camera_msgs/lib/libastra_camera_msgs__rosidl_typesupport_introspection_cpp.so
[15.043s] -- Up-to-date: /home/yzy/roverbot_ws/install/astra_camera_msgs/lib/libastra_camera_msgs__rosidl_typesupport_cpp.so
[15.256s] Listing '/home/yzy/roverbot_ws/install/astra_camera_msgs/local/lib/python3.10/dist-packages/astra_camera_msgs'...
[15.258s] Compiling '/home/yzy/roverbot_ws/install/astra_camera_msgs/local/lib/python3.10/dist-packages/astra_camera_msgs/__init__.py'...
[15.259s] Listing '/home/yzy/roverbot_ws/install/astra_camera_msgs/local/lib/python3.10/dist-packages/astra_camera_msgs/msg'...
[15.261s] Listing '/home/yzy/roverbot_ws/install/astra_camera_msgs/local/lib/python3.10/dist-packages/astra_camera_msgs/srv'...
[15.297s] -- Up-to-date: /home/yzy/roverbot_ws/install/astra_camera_msgs/lib/libastra_camera_msgs__rosidl_generator_py.so
[15.301s] -- Up-to-date: /home/yzy/roverbot_ws/install/astra_camera_msgs/share/astra_camera_msgs/cmake/export_astra_camera_msgs__rosidl_generator_cExport.cmake
[15.302s] -- Up-to-date: /home/yzy/roverbot_ws/install/astra_camera_msgs/share/astra_camera_msgs/cmake/export_astra_camera_msgs__rosidl_generator_cExport-noconfig.cmake
[15.304s] -- Up-to-date: /home/yzy/roverbot_ws/install/astra_camera_msgs/share/astra_camera_msgs/cmake/export_astra_camera_msgs__rosidl_typesupport_fastrtps_cExport.cmake
[15.304s] -- Up-to-date: /home/yzy/roverbot_ws/install/astra_camera_msgs/share/astra_camera_msgs/cmake/export_astra_camera_msgs__rosidl_typesupport_fastrtps_cExport-noconfig.cmake
[15.306s] -- Up-to-date: /home/yzy/roverbot_ws/install/astra_camera_msgs/share/astra_camera_msgs/cmake/astra_camera_msgs__rosidl_typesupport_introspection_cExport.cmake
[15.307s] -- Up-to-date: /home/yzy/roverbot_ws/install/astra_camera_msgs/share/astra_camera_msgs/cmake/astra_camera_msgs__rosidl_typesupport_introspection_cExport-noconfig.cmake
[15.309s] -- Up-to-date: /home/yzy/roverbot_ws/install/astra_camera_msgs/share/astra_camera_msgs/cmake/astra_camera_msgs__rosidl_typesupport_cExport.cmake
[15.310s] -- Up-to-date: /home/yzy/roverbot_ws/install/astra_camera_msgs/share/astra_camera_msgs/cmake/astra_camera_msgs__rosidl_typesupport_cExport-noconfig.cmake
[15.311s] -- Up-to-date: /home/yzy/roverbot_ws/install/astra_camera_msgs/share/astra_camera_msgs/cmake/export_astra_camera_msgs__rosidl_generator_cppExport.cmake
[15.313s] -- Up-to-date: /home/yzy/roverbot_ws/install/astra_camera_msgs/share/astra_camera_msgs/cmake/export_astra_camera_msgs__rosidl_typesupport_fastrtps_cppExport.cmake
[15.314s] -- Up-to-date: /home/yzy/roverbot_ws/install/astra_camera_msgs/share/astra_camera_msgs/cmake/export_astra_camera_msgs__rosidl_typesupport_fastrtps_cppExport-noconfig.cmake
[15.316s] -- Up-to-date: /home/yzy/roverbot_ws/install/astra_camera_msgs/share/astra_camera_msgs/cmake/astra_camera_msgs__rosidl_typesupport_introspection_cppExport.cmake
[15.317s] -- Up-to-date: /home/yzy/roverbot_ws/install/astra_camera_msgs/share/astra_camera_msgs/cmake/astra_camera_msgs__rosidl_typesupport_introspection_cppExport-noconfig.cmake
[15.321s] -- Up-to-date: /home/yzy/roverbot_ws/install/astra_camera_msgs/share/astra_camera_msgs/cmake/astra_camera_msgs__rosidl_typesupport_cppExport.cmake
[15.321s] -- Up-to-date: /home/yzy/roverbot_ws/install/astra_camera_msgs/share/astra_camera_msgs/cmake/astra_camera_msgs__rosidl_typesupport_cppExport-noconfig.cmake
[15.323s] -- Up-to-date: /home/yzy/roverbot_ws/install/astra_camera_msgs/share/astra_camera_msgs/cmake/export_astra_camera_msgs__rosidl_generator_pyExport.cmake
[15.324s] -- Up-to-date: /home/yzy/roverbot_ws/install/astra_camera_msgs/share/astra_camera_msgs/cmake/export_astra_camera_msgs__rosidl_generator_pyExport-noconfig.cmake
[15.335s] Invoked command in '/home/yzy/roverbot_ws/build/astra_camera_msgs' returned '0': CMAKE_PREFIX_PATH=${CMAKE_PREFIX_PATH}:/home/yzy/roverbot_ws/install/roverbot_chassis_driver:/opt/ros/humble /usr/bin/cmake --install /home/yzy/roverbot_ws/build/astra_camera_msgs
