[0.801s] DEBUG:colcon:Command line arguments: ['/usr/bin/colcon', 'build', '--symlink-install', '--packages-select', 'roverbot_bringup']
[0.801s] DEBUG:colcon:Parsed command line arguments: Namespace(log_base=None, log_level=None, verb_name='build', build_base='build', install_base='install', merge_install=False, symlink_install=True, test_result_base=None, continue_on_error=False, executor='parallel', parallel_workers=4, event_handlers=None, ignore_user_meta=False, metas=['./colcon.meta'], base_paths=['.'], packages_ignore=None, packages_ignore_regex=None, paths=None, packages_up_to=None, packages_up_to_regex=None, packages_above=None, packages_above_and_dependencies=None, packages_above_depth=None, packages_select_by_dep=None, packages_skip_by_dep=None, packages_skip_up_to=None, packages_select_build_failed=False, packages_skip_build_finished=False, packages_select_test_failures=False, packages_skip_test_passed=False, packages_select=['roverbot_bringup'], packages_skip=None, packages_select_regex=None, packages_skip_regex=None, packages_start=None, packages_end=None, allow_overriding=[], cmake_args=None, cmake_target=None, cmake_target_skip_unavailable=False, cmake_clean_cache=False, cmake_clean_first=False, cmake_force_configure=False, ament_cmake_args=None, catkin_cmake_args=None, catkin_skip_building_tests=False, verb_parser=<colcon_defaults.argument_parser.defaults.DefaultArgumentsDecorator object at 0xffff896fc190>, verb_extension=<colcon_core.verb.build.BuildVerb object at 0xffff89899660>, main=<bound method BuildVerb.main of <colcon_core.verb.build.BuildVerb object at 0xffff89899660>>)
[2.348s] Level 1:colcon.colcon_core.package_discovery:discover_packages(colcon_meta) check parameters
[2.348s] Level 1:colcon.colcon_core.package_discovery:discover_packages(recursive) check parameters
[2.348s] Level 1:colcon.colcon_core.package_discovery:discover_packages(ignore) check parameters
[2.349s] Level 1:colcon.colcon_core.package_discovery:discover_packages(path) check parameters
[2.349s] Level 1:colcon.colcon_core.package_discovery:discover_packages(colcon_meta) discover
[2.349s] Level 1:colcon.colcon_core.package_discovery:discover_packages(recursive) discover
[2.349s] INFO:colcon.colcon_core.package_discovery:Crawling recursively for packages in '/home/yzy/roverbot_ws'
[2.350s] Level 1:colcon.colcon_core.package_identification:_identify(.) by extensions ['ignore', 'ignore_ament_install']
[2.351s] Level 1:colcon.colcon_core.package_identification:_identify(.) by extension 'ignore'
[2.351s] Level 1:colcon.colcon_core.package_identification:_identify(.) by extension 'ignore_ament_install'
[2.352s] Level 1:colcon.colcon_core.package_identification:_identify(.) by extensions ['colcon_pkg']
[2.352s] Level 1:colcon.colcon_core.package_identification:_identify(.) by extension 'colcon_pkg'
[2.352s] Level 1:colcon.colcon_core.package_identification:_identify(.) by extensions ['colcon_meta']
[2.353s] Level 1:colcon.colcon_core.package_identification:_identify(.) by extension 'colcon_meta'
[2.353s] Level 1:colcon.colcon_core.package_identification:_identify(.) by extensions ['ros']
[2.353s] Level 1:colcon.colcon_core.package_identification:_identify(.) by extension 'ros'
[2.422s] Level 1:colcon.colcon_core.package_identification:_identify(.) by extensions ['cmake', 'python']
[2.423s] Level 1:colcon.colcon_core.package_identification:_identify(.) by extension 'cmake'
[2.423s] Level 1:colcon.colcon_core.package_identification:_identify(.) by extension 'python'
[2.424s] Level 1:colcon.colcon_core.package_identification:_identify(.) by extensions ['python_setup_py']
[2.424s] Level 1:colcon.colcon_core.package_identification:_identify(.) by extension 'python_setup_py'
[2.424s] Level 1:colcon.colcon_core.package_identification:_identify(build) by extensions ['ignore', 'ignore_ament_install']
[2.427s] Level 1:colcon.colcon_core.package_identification:_identify(build) by extension 'ignore'
[2.427s] Level 1:colcon.colcon_core.package_identification:_identify(build) ignored
[2.428s] Level 1:colcon.colcon_core.package_identification:_identify(install) by extensions ['ignore', 'ignore_ament_install']
[2.429s] Level 1:colcon.colcon_core.package_identification:_identify(install) by extension 'ignore'
[2.429s] Level 1:colcon.colcon_core.package_identification:_identify(install) ignored
[2.430s] Level 1:colcon.colcon_core.package_identification:_identify(log) by extensions ['ignore', 'ignore_ament_install']
[2.430s] Level 1:colcon.colcon_core.package_identification:_identify(log) by extension 'ignore'
[2.430s] Level 1:colcon.colcon_core.package_identification:_identify(log) ignored
[2.431s] Level 1:colcon.colcon_core.package_identification:_identify(src) by extensions ['ignore', 'ignore_ament_install']
[2.431s] Level 1:colcon.colcon_core.package_identification:_identify(src) by extension 'ignore'
[2.432s] Level 1:colcon.colcon_core.package_identification:_identify(src) by extension 'ignore_ament_install'
[2.432s] Level 1:colcon.colcon_core.package_identification:_identify(src) by extensions ['colcon_pkg']
[2.432s] Level 1:colcon.colcon_core.package_identification:_identify(src) by extension 'colcon_pkg'
[2.432s] Level 1:colcon.colcon_core.package_identification:_identify(src) by extensions ['colcon_meta']
[2.433s] Level 1:colcon.colcon_core.package_identification:_identify(src) by extension 'colcon_meta'
[2.433s] Level 1:colcon.colcon_core.package_identification:_identify(src) by extensions ['ros']
[2.433s] Level 1:colcon.colcon_core.package_identification:_identify(src) by extension 'ros'
[2.433s] Level 1:colcon.colcon_core.package_identification:_identify(src) by extensions ['cmake', 'python']
[2.434s] Level 1:colcon.colcon_core.package_identification:_identify(src) by extension 'cmake'
[2.434s] Level 1:colcon.colcon_core.package_identification:_identify(src) by extension 'python'
[2.434s] Level 1:colcon.colcon_core.package_identification:_identify(src) by extensions ['python_setup_py']
[2.434s] Level 1:colcon.colcon_core.package_identification:_identify(src) by extension 'python_setup_py'
[2.435s] Level 1:colcon.colcon_core.package_identification:_identify(src/ldlidar_ros2) by extensions ['ignore', 'ignore_ament_install']
[2.435s] Level 1:colcon.colcon_core.package_identification:_identify(src/ldlidar_ros2) by extension 'ignore'
[2.436s] Level 1:colcon.colcon_core.package_identification:_identify(src/ldlidar_ros2) by extension 'ignore_ament_install'
[2.436s] Level 1:colcon.colcon_core.package_identification:_identify(src/ldlidar_ros2) by extensions ['colcon_pkg']
[2.436s] Level 1:colcon.colcon_core.package_identification:_identify(src/ldlidar_ros2) by extension 'colcon_pkg'
[2.436s] Level 1:colcon.colcon_core.package_identification:_identify(src/ldlidar_ros2) by extensions ['colcon_meta']
[2.436s] Level 1:colcon.colcon_core.package_identification:_identify(src/ldlidar_ros2) by extension 'colcon_meta'
[2.437s] Level 1:colcon.colcon_core.package_identification:_identify(src/ldlidar_ros2) by extensions ['ros']
[2.437s] Level 1:colcon.colcon_core.package_identification:_identify(src/ldlidar_ros2) by extension 'ros'
[2.457s] DEBUG:colcon.colcon_core.package_identification:Package 'src/ldlidar_ros2' with type 'ros.ament_cmake' and name 'ldlidar_ros2'
[2.458s] Level 1:colcon.colcon_core.package_identification:_identify(src/ros2_astra_camera) by extensions ['ignore', 'ignore_ament_install']
[2.458s] Level 1:colcon.colcon_core.package_identification:_identify(src/ros2_astra_camera) by extension 'ignore'
[2.459s] Level 1:colcon.colcon_core.package_identification:_identify(src/ros2_astra_camera) by extension 'ignore_ament_install'
[2.459s] Level 1:colcon.colcon_core.package_identification:_identify(src/ros2_astra_camera) by extensions ['colcon_pkg']
[2.459s] Level 1:colcon.colcon_core.package_identification:_identify(src/ros2_astra_camera) by extension 'colcon_pkg'
[2.460s] Level 1:colcon.colcon_core.package_identification:_identify(src/ros2_astra_camera) by extensions ['colcon_meta']
[2.460s] Level 1:colcon.colcon_core.package_identification:_identify(src/ros2_astra_camera) by extension 'colcon_meta'
[2.460s] Level 1:colcon.colcon_core.package_identification:_identify(src/ros2_astra_camera) by extensions ['ros']
[2.460s] Level 1:colcon.colcon_core.package_identification:_identify(src/ros2_astra_camera) by extension 'ros'
[2.461s] Level 1:colcon.colcon_core.package_identification:_identify(src/ros2_astra_camera) by extensions ['cmake', 'python']
[2.461s] Level 1:colcon.colcon_core.package_identification:_identify(src/ros2_astra_camera) by extension 'cmake'
[2.462s] Level 1:colcon.colcon_core.package_identification:_identify(src/ros2_astra_camera) by extension 'python'
[2.462s] Level 1:colcon.colcon_core.package_identification:_identify(src/ros2_astra_camera) by extensions ['python_setup_py']
[2.462s] Level 1:colcon.colcon_core.package_identification:_identify(src/ros2_astra_camera) by extension 'python_setup_py'
[2.463s] Level 1:colcon.colcon_core.package_identification:_identify(src/ros2_astra_camera/astra_camera) by extensions ['ignore', 'ignore_ament_install']
[2.463s] Level 1:colcon.colcon_core.package_identification:_identify(src/ros2_astra_camera/astra_camera) by extension 'ignore'
[2.463s] Level 1:colcon.colcon_core.package_identification:_identify(src/ros2_astra_camera/astra_camera) by extension 'ignore_ament_install'
[2.464s] Level 1:colcon.colcon_core.package_identification:_identify(src/ros2_astra_camera/astra_camera) by extensions ['colcon_pkg']
[2.464s] Level 1:colcon.colcon_core.package_identification:_identify(src/ros2_astra_camera/astra_camera) by extension 'colcon_pkg'
[2.464s] Level 1:colcon.colcon_core.package_identification:_identify(src/ros2_astra_camera/astra_camera) by extensions ['colcon_meta']
[2.464s] Level 1:colcon.colcon_core.package_identification:_identify(src/ros2_astra_camera/astra_camera) by extension 'colcon_meta'
[2.465s] Level 1:colcon.colcon_core.package_identification:_identify(src/ros2_astra_camera/astra_camera) by extensions ['ros']
[2.465s] Level 1:colcon.colcon_core.package_identification:_identify(src/ros2_astra_camera/astra_camera) by extension 'ros'
[2.482s] DEBUG:colcon.colcon_core.package_identification:Package 'src/ros2_astra_camera/astra_camera' with type 'ros.ament_cmake' and name 'astra_camera'
[2.483s] Level 1:colcon.colcon_core.package_identification:_identify(src/ros2_astra_camera/astra_camera_msgs) by extensions ['ignore', 'ignore_ament_install']
[2.484s] Level 1:colcon.colcon_core.package_identification:_identify(src/ros2_astra_camera/astra_camera_msgs) by extension 'ignore'
[2.484s] Level 1:colcon.colcon_core.package_identification:_identify(src/ros2_astra_camera/astra_camera_msgs) by extension 'ignore_ament_install'
[2.485s] Level 1:colcon.colcon_core.package_identification:_identify(src/ros2_astra_camera/astra_camera_msgs) by extensions ['colcon_pkg']
[2.485s] Level 1:colcon.colcon_core.package_identification:_identify(src/ros2_astra_camera/astra_camera_msgs) by extension 'colcon_pkg'
[2.486s] Level 1:colcon.colcon_core.package_identification:_identify(src/ros2_astra_camera/astra_camera_msgs) by extensions ['colcon_meta']
[2.486s] Level 1:colcon.colcon_core.package_identification:_identify(src/ros2_astra_camera/astra_camera_msgs) by extension 'colcon_meta'
[2.487s] Level 1:colcon.colcon_core.package_identification:_identify(src/ros2_astra_camera/astra_camera_msgs) by extensions ['ros']
[2.487s] Level 1:colcon.colcon_core.package_identification:_identify(src/ros2_astra_camera/astra_camera_msgs) by extension 'ros'
[2.496s] DEBUG:colcon.colcon_core.package_identification:Package 'src/ros2_astra_camera/astra_camera_msgs' with type 'ros.ament_cmake' and name 'astra_camera_msgs'
[2.497s] Level 1:colcon.colcon_core.package_identification:_identify(src/roverbot_bringup) by extensions ['ignore', 'ignore_ament_install']
[2.497s] Level 1:colcon.colcon_core.package_identification:_identify(src/roverbot_bringup) by extension 'ignore'
[2.497s] Level 1:colcon.colcon_core.package_identification:_identify(src/roverbot_bringup) by extension 'ignore_ament_install'
[2.498s] Level 1:colcon.colcon_core.package_identification:_identify(src/roverbot_bringup) by extensions ['colcon_pkg']
[2.498s] Level 1:colcon.colcon_core.package_identification:_identify(src/roverbot_bringup) by extension 'colcon_pkg'
[2.498s] Level 1:colcon.colcon_core.package_identification:_identify(src/roverbot_bringup) by extensions ['colcon_meta']
[2.499s] Level 1:colcon.colcon_core.package_identification:_identify(src/roverbot_bringup) by extension 'colcon_meta'
[2.499s] Level 1:colcon.colcon_core.package_identification:_identify(src/roverbot_bringup) by extensions ['ros']
[2.499s] Level 1:colcon.colcon_core.package_identification:_identify(src/roverbot_bringup) by extension 'ros'
[2.502s] DEBUG:colcon.colcon_core.package_identification:Package 'src/roverbot_bringup' with type 'ros.ament_cmake' and name 'roverbot_bringup'
[2.503s] Level 1:colcon.colcon_core.package_identification:_identify(src/roverbot_chassis_driver) by extensions ['ignore', 'ignore_ament_install']
[2.504s] Level 1:colcon.colcon_core.package_identification:_identify(src/roverbot_chassis_driver) by extension 'ignore'
[2.504s] Level 1:colcon.colcon_core.package_identification:_identify(src/roverbot_chassis_driver) by extension 'ignore_ament_install'
[2.505s] Level 1:colcon.colcon_core.package_identification:_identify(src/roverbot_chassis_driver) by extensions ['colcon_pkg']
[2.505s] Level 1:colcon.colcon_core.package_identification:_identify(src/roverbot_chassis_driver) by extension 'colcon_pkg'
[2.505s] Level 1:colcon.colcon_core.package_identification:_identify(src/roverbot_chassis_driver) by extensions ['colcon_meta']
[2.505s] Level 1:colcon.colcon_core.package_identification:_identify(src/roverbot_chassis_driver) by extension 'colcon_meta'
[2.506s] Level 1:colcon.colcon_core.package_identification:_identify(src/roverbot_chassis_driver) by extensions ['ros']
[2.506s] Level 1:colcon.colcon_core.package_identification:_identify(src/roverbot_chassis_driver) by extension 'ros'
[2.510s] DEBUG:colcon.colcon_core.package_identification:Package 'src/roverbot_chassis_driver' with type 'ros.ament_python' and name 'roverbot_chassis_driver'
[2.511s] Level 1:colcon.colcon_core.package_identification:_identify(src/roverbot_description) by extensions ['ignore', 'ignore_ament_install']
[2.511s] Level 1:colcon.colcon_core.package_identification:_identify(src/roverbot_description) by extension 'ignore'
[2.512s] Level 1:colcon.colcon_core.package_identification:_identify(src/roverbot_description) by extension 'ignore_ament_install'
[2.512s] Level 1:colcon.colcon_core.package_identification:_identify(src/roverbot_description) by extensions ['colcon_pkg']
[2.512s] Level 1:colcon.colcon_core.package_identification:_identify(src/roverbot_description) by extension 'colcon_pkg'
[2.513s] Level 1:colcon.colcon_core.package_identification:_identify(src/roverbot_description) by extensions ['colcon_meta']
[2.513s] Level 1:colcon.colcon_core.package_identification:_identify(src/roverbot_description) by extension 'colcon_meta'
[2.513s] Level 1:colcon.colcon_core.package_identification:_identify(src/roverbot_description) by extensions ['ros']
[2.513s] Level 1:colcon.colcon_core.package_identification:_identify(src/roverbot_description) by extension 'ros'
[2.521s] DEBUG:colcon.colcon_core.package_identification:Package 'src/roverbot_description' with type 'ros.ament_cmake' and name 'roverbot_description'
[2.522s] Level 1:colcon.colcon_core.package_discovery:discover_packages(recursive) using defaults
[2.523s] Level 1:colcon.colcon_core.package_discovery:discover_packages(ignore) discover
[2.523s] Level 1:colcon.colcon_core.package_discovery:discover_packages(ignore) using defaults
[2.523s] Level 1:colcon.colcon_core.package_discovery:discover_packages(path) discover
[2.523s] Level 1:colcon.colcon_core.package_discovery:discover_packages(path) using defaults
[2.701s] INFO:colcon.colcon_core.package_selection:Skipping not selected package 'astra_camera_msgs' in 'src/ros2_astra_camera/astra_camera_msgs'
[2.701s] INFO:colcon.colcon_core.package_selection:Skipping not selected package 'ldlidar_ros2' in 'src/ldlidar_ros2'
[2.701s] INFO:colcon.colcon_core.package_selection:Skipping not selected package 'roverbot_chassis_driver' in 'src/roverbot_chassis_driver'
[2.701s] INFO:colcon.colcon_core.package_selection:Skipping not selected package 'roverbot_description' in 'src/roverbot_description'
[2.702s] INFO:colcon.colcon_core.package_selection:Skipping not selected package 'astra_camera' in 'src/ros2_astra_camera/astra_camera'
[2.710s] Level 1:colcon.colcon_core.package_discovery:discover_packages(prefix_path) check parameters
[2.710s] Level 1:colcon.colcon_core.package_discovery:discover_packages(prefix_path) discover
[2.738s] DEBUG:colcon.colcon_installed_package_information.package_discovery:Found 324 installed packages in /opt/ros/humble
[2.746s] Level 1:colcon.colcon_core.package_discovery:discover_packages(prefix_path) using defaults
[2.966s] Level 5:colcon.colcon_core.verb:set package 'roverbot_bringup' build argument 'cmake_args' from command line to 'None'
[2.967s] Level 5:colcon.colcon_core.verb:set package 'roverbot_bringup' build argument 'cmake_target' from command line to 'None'
[2.967s] Level 5:colcon.colcon_core.verb:set package 'roverbot_bringup' build argument 'cmake_target_skip_unavailable' from command line to 'False'
[2.967s] Level 5:colcon.colcon_core.verb:set package 'roverbot_bringup' build argument 'cmake_clean_cache' from command line to 'False'
[2.967s] Level 5:colcon.colcon_core.verb:set package 'roverbot_bringup' build argument 'cmake_clean_first' from command line to 'False'
[2.967s] Level 5:colcon.colcon_core.verb:set package 'roverbot_bringup' build argument 'cmake_force_configure' from command line to 'False'
[2.967s] Level 5:colcon.colcon_core.verb:set package 'roverbot_bringup' build argument 'ament_cmake_args' from command line to 'None'
[2.967s] Level 5:colcon.colcon_core.verb:set package 'roverbot_bringup' build argument 'catkin_cmake_args' from command line to 'None'
[2.968s] Level 5:colcon.colcon_core.verb:set package 'roverbot_bringup' build argument 'catkin_skip_building_tests' from command line to 'False'
[2.968s] DEBUG:colcon.colcon_core.verb:Building package 'roverbot_bringup' with the following arguments: {'ament_cmake_args': None, 'build_base': '/home/yzy/roverbot_ws/build/roverbot_bringup', 'catkin_cmake_args': None, 'catkin_skip_building_tests': False, 'cmake_args': None, 'cmake_clean_cache': False, 'cmake_clean_first': False, 'cmake_force_configure': False, 'cmake_target': None, 'cmake_target_skip_unavailable': False, 'install_base': '/home/yzy/roverbot_ws/install/roverbot_bringup', 'merge_install': False, 'path': '/home/yzy/roverbot_ws/src/roverbot_bringup', 'symlink_install': True, 'test_result_base': None}
[2.968s] INFO:colcon.colcon_core.executor:Executing jobs using 'parallel' executor
[2.972s] DEBUG:colcon.colcon_parallel_executor.executor.parallel:run_until_complete
[2.973s] INFO:colcon.colcon_ros.task.ament_cmake.build:Building ROS package in '/home/yzy/roverbot_ws/src/roverbot_bringup' with build type 'ament_cmake'
[2.974s] INFO:colcon.colcon_cmake.task.cmake.build:Building CMake package in '/home/yzy/roverbot_ws/src/roverbot_bringup'
[3.004s] INFO:colcon.colcon_core.plugin_system:Skipping extension 'colcon_core.shell.bat': Not used on non-Windows systems
[3.005s] INFO:colcon.colcon_core.shell:Skip shell extension 'powershell' for command environment: Not usable outside of PowerShell
[3.005s] DEBUG:colcon.colcon_core.shell:Skip shell extension 'dsv' for command environment
[3.065s] DEBUG:colcon.colcon_core.event_handler.log_command:Invoking command in '/home/yzy/roverbot_ws/build/roverbot_bringup': CMAKE_PREFIX_PATH=/opt/ros/humble /usr/bin/cmake --build /home/yzy/roverbot_ws/build/roverbot_bringup -- -j4 -l4
[4.732s] DEBUG:colcon.colcon_core.event_handler.log_command:Invoked command in '/home/yzy/roverbot_ws/build/roverbot_bringup' returned '0': CMAKE_PREFIX_PATH=/opt/ros/humble /usr/bin/cmake --build /home/yzy/roverbot_ws/build/roverbot_bringup -- -j4 -l4
[4.777s] DEBUG:colcon.colcon_core.event_handler.log_command:Invoking command in '/home/yzy/roverbot_ws/build/roverbot_bringup': CMAKE_PREFIX_PATH=/opt/ros/humble /usr/bin/cmake --install /home/yzy/roverbot_ws/build/roverbot_bringup
[4.951s] Level 1:colcon.colcon_core.environment:create_environment_scripts_only(roverbot_bringup)
[4.954s] DEBUG:colcon.colcon_core.event_handler.log_command:Invoked command in '/home/yzy/roverbot_ws/build/roverbot_bringup' returned '0': CMAKE_PREFIX_PATH=/opt/ros/humble /usr/bin/cmake --install /home/yzy/roverbot_ws/build/roverbot_bringup
[4.992s] Level 1:colcon.colcon_core.environment:checking '/home/yzy/roverbot_ws/install/roverbot_bringup' for CMake module files
[4.996s] Level 1:colcon.colcon_core.environment:checking '/home/yzy/roverbot_ws/install/roverbot_bringup' for CMake config files
[5.000s] Level 1:colcon.colcon_core.shell:create_environment_hook('roverbot_bringup', 'cmake_prefix_path')
[5.002s] INFO:colcon.colcon_core.shell:Creating environment hook '/home/yzy/roverbot_ws/install/roverbot_bringup/share/roverbot_bringup/hook/cmake_prefix_path.ps1'
[5.006s] INFO:colcon.colcon_core.shell:Creating environment descriptor '/home/yzy/roverbot_ws/install/roverbot_bringup/share/roverbot_bringup/hook/cmake_prefix_path.dsv'
[5.010s] INFO:colcon.colcon_core.shell:Creating environment hook '/home/yzy/roverbot_ws/install/roverbot_bringup/share/roverbot_bringup/hook/cmake_prefix_path.sh'
[5.017s] Level 1:colcon.colcon_core.environment:checking '/home/yzy/roverbot_ws/install/roverbot_bringup/lib'
[5.018s] Level 1:colcon.colcon_core.environment:checking '/home/yzy/roverbot_ws/install/roverbot_bringup/bin'
[5.018s] Level 1:colcon.colcon_core.environment:checking '/home/yzy/roverbot_ws/install/roverbot_bringup/lib/pkgconfig/roverbot_bringup.pc'
[5.020s] Level 1:colcon.colcon_core.environment:checking '/home/yzy/roverbot_ws/install/roverbot_bringup/lib/python3.10/site-packages'
[5.022s] Level 1:colcon.colcon_core.environment:checking '/home/yzy/roverbot_ws/install/roverbot_bringup/bin'
[5.024s] INFO:colcon.colcon_core.shell:Creating package script '/home/yzy/roverbot_ws/install/roverbot_bringup/share/roverbot_bringup/package.ps1'
[5.030s] INFO:colcon.colcon_core.shell:Creating package descriptor '/home/yzy/roverbot_ws/install/roverbot_bringup/share/roverbot_bringup/package.dsv'
[5.034s] INFO:colcon.colcon_core.shell:Creating package script '/home/yzy/roverbot_ws/install/roverbot_bringup/share/roverbot_bringup/package.sh'
[5.038s] INFO:colcon.colcon_core.shell:Creating package script '/home/yzy/roverbot_ws/install/roverbot_bringup/share/roverbot_bringup/package.bash'
[5.042s] INFO:colcon.colcon_core.shell:Creating package script '/home/yzy/roverbot_ws/install/roverbot_bringup/share/roverbot_bringup/package.zsh'
[5.049s] Level 1:colcon.colcon_core.environment:create_file_with_runtime_dependencies(/home/yzy/roverbot_ws/install/roverbot_bringup/share/colcon-core/packages/roverbot_bringup)
[5.052s] Level 1:colcon.colcon_core.environment:create_environment_scripts_only(roverbot_bringup)
[5.054s] Level 1:colcon.colcon_core.environment:checking '/home/yzy/roverbot_ws/install/roverbot_bringup' for CMake module files
[5.058s] Level 1:colcon.colcon_core.environment:checking '/home/yzy/roverbot_ws/install/roverbot_bringup' for CMake config files
[5.062s] Level 1:colcon.colcon_core.shell:create_environment_hook('roverbot_bringup', 'cmake_prefix_path')
[5.063s] INFO:colcon.colcon_core.shell:Creating environment hook '/home/yzy/roverbot_ws/install/roverbot_bringup/share/roverbot_bringup/hook/cmake_prefix_path.ps1'
[5.065s] INFO:colcon.colcon_core.shell:Creating environment descriptor '/home/yzy/roverbot_ws/install/roverbot_bringup/share/roverbot_bringup/hook/cmake_prefix_path.dsv'
[5.067s] INFO:colcon.colcon_core.shell:Creating environment hook '/home/yzy/roverbot_ws/install/roverbot_bringup/share/roverbot_bringup/hook/cmake_prefix_path.sh'
[5.070s] Level 1:colcon.colcon_core.environment:checking '/home/yzy/roverbot_ws/install/roverbot_bringup/lib'
[5.070s] Level 1:colcon.colcon_core.environment:checking '/home/yzy/roverbot_ws/install/roverbot_bringup/bin'
[5.070s] Level 1:colcon.colcon_core.environment:checking '/home/yzy/roverbot_ws/install/roverbot_bringup/lib/pkgconfig/roverbot_bringup.pc'
[5.072s] Level 1:colcon.colcon_core.environment:checking '/home/yzy/roverbot_ws/install/roverbot_bringup/lib/python3.10/site-packages'
[5.073s] Level 1:colcon.colcon_core.environment:checking '/home/yzy/roverbot_ws/install/roverbot_bringup/bin'
[5.075s] INFO:colcon.colcon_core.shell:Creating package script '/home/yzy/roverbot_ws/install/roverbot_bringup/share/roverbot_bringup/package.ps1'
[5.078s] INFO:colcon.colcon_core.shell:Creating package descriptor '/home/yzy/roverbot_ws/install/roverbot_bringup/share/roverbot_bringup/package.dsv'
[5.080s] INFO:colcon.colcon_core.shell:Creating package script '/home/yzy/roverbot_ws/install/roverbot_bringup/share/roverbot_bringup/package.sh'
[5.083s] INFO:colcon.colcon_core.shell:Creating package script '/home/yzy/roverbot_ws/install/roverbot_bringup/share/roverbot_bringup/package.bash'
[5.085s] INFO:colcon.colcon_core.shell:Creating package script '/home/yzy/roverbot_ws/install/roverbot_bringup/share/roverbot_bringup/package.zsh'
[5.088s] Level 1:colcon.colcon_core.environment:create_file_with_runtime_dependencies(/home/yzy/roverbot_ws/install/roverbot_bringup/share/colcon-core/packages/roverbot_bringup)
[5.089s] DEBUG:colcon.colcon_parallel_executor.executor.parallel:closing loop
[5.090s] DEBUG:colcon.colcon_parallel_executor.executor.parallel:loop closed
[5.091s] DEBUG:colcon.colcon_parallel_executor.executor.parallel:run_until_complete finished with '0'
[5.091s] DEBUG:colcon.colcon_core.event_reactor:joining thread
[5.093s] DEBUG:colcon.colcon_core.event_reactor:joined thread
[5.094s] INFO:colcon.colcon_core.shell:Creating prefix script '/home/yzy/roverbot_ws/install/local_setup.ps1'
[5.099s] INFO:colcon.colcon_core.shell:Creating prefix util module '/home/yzy/roverbot_ws/install/_local_setup_util_ps1.py'
[5.108s] INFO:colcon.colcon_core.shell:Creating prefix chain script '/home/yzy/roverbot_ws/install/setup.ps1'
[5.114s] INFO:colcon.colcon_core.shell:Creating prefix script '/home/yzy/roverbot_ws/install/local_setup.sh'
[5.118s] INFO:colcon.colcon_core.shell:Creating prefix util module '/home/yzy/roverbot_ws/install/_local_setup_util_sh.py'
[5.122s] INFO:colcon.colcon_core.shell:Creating prefix chain script '/home/yzy/roverbot_ws/install/setup.sh'
[5.127s] INFO:colcon.colcon_core.shell:Creating prefix script '/home/yzy/roverbot_ws/install/local_setup.bash'
[5.131s] INFO:colcon.colcon_core.shell:Creating prefix chain script '/home/yzy/roverbot_ws/install/setup.bash'
[5.136s] INFO:colcon.colcon_core.shell:Creating prefix script '/home/yzy/roverbot_ws/install/local_setup.zsh'
[5.139s] INFO:colcon.colcon_core.shell:Creating prefix chain script '/home/yzy/roverbot_ws/install/setup.zsh'
