[0.089s] Invoking command in '/home/yzy/roverbot_ws/build/roverbot_bringup': CMAKE_PREFIX_PATH=/opt/ros/humble /usr/bin/cmake --build /home/yzy/roverbot_ws/build/roverbot_bringup -- -j4 -l4
[0.453s] -- Found ament_cmake: 1.3.14 (/opt/ros/humble/share/ament_cmake/cmake)
[1.112s] -- Override CMake install command with custom implementation using symlinks instead of copying resources
[1.197s] -- Found ament_lint_auto: 0.12.15 (/opt/ros/humble/share/ament_lint_auto/cmake)
[1.585s] -- Added test 'cppcheck' to perform static code analysis on C / C++ code
[1.585s] -- Configured cppcheck include dirs: 
[1.586s] -- Configured cppcheck exclude dirs and/or files: 
[1.593s] -- Added test 'flake8' to check Python code syntax and style conventions
[1.597s] -- Added test 'lint_cmake' to check CMake code style
[1.601s] -- Added test 'pep257' to check Python code against some of the docstring style conventions in PEP 257
[1.612s] -- Added test 'uncrustify' to check C / C++ code style
[1.613s] -- Configured uncrustify additional arguments: 
[1.615s] -- Added test 'xmllint' to check XML markup files
[1.624s] -- Configuring done
[1.660s] -- Generating done
[1.673s] -- Build files have been written to: /home/yzy/roverbot_ws/build/roverbot_bringup
[1.757s] Invoked command in '/home/yzy/roverbot_ws/build/roverbot_bringup' returned '0': CMAKE_PREFIX_PATH=/opt/ros/humble /usr/bin/cmake --build /home/yzy/roverbot_ws/build/roverbot_bringup -- -j4 -l4
[1.802s] Invoking command in '/home/yzy/roverbot_ws/build/roverbot_bringup': CMAKE_PREFIX_PATH=/opt/ros/humble /usr/bin/cmake --install /home/yzy/roverbot_ws/build/roverbot_bringup
[1.835s] -- Install configuration: ""
[1.837s] -- Execute custom install script
[1.839s] -- Up-to-date symlink: /home/yzy/roverbot_ws/install/roverbot_bringup/share/roverbot_bringup/launch/bringup.launch.py
[1.840s] -- Symlinking: /home/yzy/roverbot_ws/install/roverbot_bringup/share/roverbot_bringup/launch/nav2.launch.py
[1.873s] -- Up-to-date symlink: /home/yzy/roverbot_ws/install/roverbot_bringup/share/roverbot_bringup/launch/urdf2tf.launch.py
[1.875s] -- Symlinking: /home/yzy/roverbot_ws/install/roverbot_bringup/share/roverbot_bringup/config/roverbot_nav2_params.yaml
[1.908s] -- Up-to-date symlink: /home/yzy/roverbot_ws/install/roverbot_bringup/lib/roverbot_bringup/odom_calculator.py
[1.915s] -- Up-to-date symlink: /home/yzy/roverbot_ws/install/roverbot_bringup/share/ament_index/resource_index/package_run_dependencies/roverbot_bringup
[1.922s] -- Up-to-date symlink: /home/yzy/roverbot_ws/install/roverbot_bringup/share/ament_index/resource_index/parent_prefix_path/roverbot_bringup
[1.924s] -- Up-to-date symlink: /home/yzy/roverbot_ws/install/roverbot_bringup/share/roverbot_bringup/environment/ament_prefix_path.sh
[1.925s] -- Up-to-date symlink: /home/yzy/roverbot_ws/install/roverbot_bringup/share/roverbot_bringup/environment/ament_prefix_path.dsv
[1.926s] -- Up-to-date symlink: /home/yzy/roverbot_ws/install/roverbot_bringup/share/roverbot_bringup/environment/path.sh
[1.928s] -- Up-to-date symlink: /home/yzy/roverbot_ws/install/roverbot_bringup/share/roverbot_bringup/environment/path.dsv
[1.929s] -- Up-to-date symlink: /home/yzy/roverbot_ws/install/roverbot_bringup/share/roverbot_bringup/local_setup.bash
[1.930s] -- Up-to-date symlink: /home/yzy/roverbot_ws/install/roverbot_bringup/share/roverbot_bringup/local_setup.sh
[1.931s] -- Up-to-date symlink: /home/yzy/roverbot_ws/install/roverbot_bringup/share/roverbot_bringup/local_setup.zsh
[1.932s] -- Up-to-date symlink: /home/yzy/roverbot_ws/install/roverbot_bringup/share/roverbot_bringup/local_setup.dsv
[1.935s] -- Symlinking: /home/yzy/roverbot_ws/install/roverbot_bringup/share/roverbot_bringup/package.dsv
[1.968s] -- Up-to-date symlink: /home/yzy/roverbot_ws/install/roverbot_bringup/share/ament_index/resource_index/packages/roverbot_bringup
[1.969s] -- Up-to-date symlink: /home/yzy/roverbot_ws/install/roverbot_bringup/share/roverbot_bringup/cmake/roverbot_bringupConfig.cmake
[1.970s] -- Up-to-date symlink: /home/yzy/roverbot_ws/install/roverbot_bringup/share/roverbot_bringup/cmake/roverbot_bringupConfig-version.cmake
[1.971s] -- Up-to-date symlink: /home/yzy/roverbot_ws/install/roverbot_bringup/share/roverbot_bringup/package.xml
[1.978s] Invoked command in '/home/yzy/roverbot_ws/build/roverbot_bringup' returned '0': CMAKE_PREFIX_PATH=/opt/ros/humble /usr/bin/cmake --install /home/yzy/roverbot_ws/build/roverbot_bringup
