[0.437s] DEBUG:colcon:Command line arguments: ['/usr/bin/colcon', 'build', '--packages-select', 'roverbot_bringup']
[0.438s] DEBUG:colcon:Parsed command line arguments: Namespace(log_base=None, log_level=None, verb_name='build', build_base='build', install_base='install', merge_install=False, symlink_install=False, test_result_base=None, continue_on_error=False, executor='parallel', parallel_workers=4, event_handlers=None, ignore_user_meta=False, metas=['./colcon.meta'], base_paths=['.'], packages_ignore=None, packages_ignore_regex=None, paths=None, packages_up_to=None, packages_up_to_regex=None, packages_above=None, packages_above_and_dependencies=None, packages_above_depth=None, packages_select_by_dep=None, packages_skip_by_dep=None, packages_skip_up_to=None, packages_select_build_failed=False, packages_skip_build_finished=False, packages_select_test_failures=False, packages_skip_test_passed=False, packages_select=['roverbot_bringup'], packages_skip=None, packages_select_regex=None, packages_skip_regex=None, packages_start=None, packages_end=None, allow_overriding=[], cmake_args=None, cmake_target=None, cmake_target_skip_unavailable=False, cmake_clean_cache=False, cmake_clean_first=False, cmake_force_configure=False, ament_cmake_args=None, catkin_cmake_args=None, catkin_skip_building_tests=False, verb_parser=<colcon_defaults.argument_parser.defaults.DefaultArgumentsDecorator object at 0xffff7ee4c0a0>, verb_extension=<colcon_core.verb.build.BuildVerb object at 0xffff7efe9570>, main=<bound method BuildVerb.main of <colcon_core.verb.build.BuildVerb object at 0xffff7efe9570>>)
[1.251s] Level 1:colcon.colcon_core.package_discovery:discover_packages(colcon_meta) check parameters
[1.252s] Level 1:colcon.colcon_core.package_discovery:discover_packages(recursive) check parameters
[1.252s] Level 1:colcon.colcon_core.package_discovery:discover_packages(ignore) check parameters
[1.252s] Level 1:colcon.colcon_core.package_discovery:discover_packages(path) check parameters
[1.252s] Level 1:colcon.colcon_core.package_discovery:discover_packages(colcon_meta) discover
[1.252s] Level 1:colcon.colcon_core.package_discovery:discover_packages(recursive) discover
[1.253s] INFO:colcon.colcon_core.package_discovery:Crawling recursively for packages in '/home/yzy/roverbot_ws'
[1.253s] Level 1:colcon.colcon_core.package_identification:_identify(.) by extensions ['ignore', 'ignore_ament_install']
[1.253s] Level 1:colcon.colcon_core.package_identification:_identify(.) by extension 'ignore'
[1.254s] Level 1:colcon.colcon_core.package_identification:_identify(.) by extension 'ignore_ament_install'
[1.254s] Level 1:colcon.colcon_core.package_identification:_identify(.) by extensions ['colcon_pkg']
[1.254s] Level 1:colcon.colcon_core.package_identification:_identify(.) by extension 'colcon_pkg'
[1.254s] Level 1:colcon.colcon_core.package_identification:_identify(.) by extensions ['colcon_meta']
[1.254s] Level 1:colcon.colcon_core.package_identification:_identify(.) by extension 'colcon_meta'
[1.254s] Level 1:colcon.colcon_core.package_identification:_identify(.) by extensions ['ros']
[1.254s] Level 1:colcon.colcon_core.package_identification:_identify(.) by extension 'ros'
[1.301s] Level 1:colcon.colcon_core.package_identification:_identify(.) by extensions ['cmake', 'python']
[1.301s] Level 1:colcon.colcon_core.package_identification:_identify(.) by extension 'cmake'
[1.301s] Level 1:colcon.colcon_core.package_identification:_identify(.) by extension 'python'
[1.301s] Level 1:colcon.colcon_core.package_identification:_identify(.) by extensions ['python_setup_py']
[1.301s] Level 1:colcon.colcon_core.package_identification:_identify(.) by extension 'python_setup_py'
[1.302s] Level 1:colcon.colcon_core.package_identification:_identify(build) by extensions ['ignore', 'ignore_ament_install']
[1.302s] Level 1:colcon.colcon_core.package_identification:_identify(build) by extension 'ignore'
[1.302s] Level 1:colcon.colcon_core.package_identification:_identify(build) ignored
[1.303s] Level 1:colcon.colcon_core.package_identification:_identify(install) by extensions ['ignore', 'ignore_ament_install']
[1.303s] Level 1:colcon.colcon_core.package_identification:_identify(install) by extension 'ignore'
[1.304s] Level 1:colcon.colcon_core.package_identification:_identify(install) ignored
[1.304s] Level 1:colcon.colcon_core.package_identification:_identify(log) by extensions ['ignore', 'ignore_ament_install']
[1.304s] Level 1:colcon.colcon_core.package_identification:_identify(log) by extension 'ignore'
[1.305s] Level 1:colcon.colcon_core.package_identification:_identify(log) ignored
[1.305s] Level 1:colcon.colcon_core.package_identification:_identify(src) by extensions ['ignore', 'ignore_ament_install']
[1.305s] Level 1:colcon.colcon_core.package_identification:_identify(src) by extension 'ignore'
[1.305s] Level 1:colcon.colcon_core.package_identification:_identify(src) by extension 'ignore_ament_install'
[1.306s] Level 1:colcon.colcon_core.package_identification:_identify(src) by extensions ['colcon_pkg']
[1.306s] Level 1:colcon.colcon_core.package_identification:_identify(src) by extension 'colcon_pkg'
[1.306s] Level 1:colcon.colcon_core.package_identification:_identify(src) by extensions ['colcon_meta']
[1.306s] Level 1:colcon.colcon_core.package_identification:_identify(src) by extension 'colcon_meta'
[1.306s] Level 1:colcon.colcon_core.package_identification:_identify(src) by extensions ['ros']
[1.306s] Level 1:colcon.colcon_core.package_identification:_identify(src) by extension 'ros'
[1.307s] Level 1:colcon.colcon_core.package_identification:_identify(src) by extensions ['cmake', 'python']
[1.307s] Level 1:colcon.colcon_core.package_identification:_identify(src) by extension 'cmake'
[1.307s] Level 1:colcon.colcon_core.package_identification:_identify(src) by extension 'python'
[1.307s] Level 1:colcon.colcon_core.package_identification:_identify(src) by extensions ['python_setup_py']
[1.307s] Level 1:colcon.colcon_core.package_identification:_identify(src) by extension 'python_setup_py'
[1.308s] Level 1:colcon.colcon_core.package_identification:_identify(src/ldlidar_ros2) by extensions ['ignore', 'ignore_ament_install']
[1.308s] Level 1:colcon.colcon_core.package_identification:_identify(src/ldlidar_ros2) by extension 'ignore'
[1.308s] Level 1:colcon.colcon_core.package_identification:_identify(src/ldlidar_ros2) by extension 'ignore_ament_install'
[1.309s] Level 1:colcon.colcon_core.package_identification:_identify(src/ldlidar_ros2) by extensions ['colcon_pkg']
[1.309s] Level 1:colcon.colcon_core.package_identification:_identify(src/ldlidar_ros2) by extension 'colcon_pkg'
[1.309s] Level 1:colcon.colcon_core.package_identification:_identify(src/ldlidar_ros2) by extensions ['colcon_meta']
[1.309s] Level 1:colcon.colcon_core.package_identification:_identify(src/ldlidar_ros2) by extension 'colcon_meta'
[1.309s] Level 1:colcon.colcon_core.package_identification:_identify(src/ldlidar_ros2) by extensions ['ros']
[1.309s] Level 1:colcon.colcon_core.package_identification:_identify(src/ldlidar_ros2) by extension 'ros'
[1.319s] DEBUG:colcon.colcon_core.package_identification:Package 'src/ldlidar_ros2' with type 'ros.ament_cmake' and name 'ldlidar_ros2'
[1.319s] Level 1:colcon.colcon_core.package_identification:_identify(src/ros2_astra_camera) by extensions ['ignore', 'ignore_ament_install']
[1.320s] Level 1:colcon.colcon_core.package_identification:_identify(src/ros2_astra_camera) by extension 'ignore'
[1.320s] Level 1:colcon.colcon_core.package_identification:_identify(src/ros2_astra_camera) by extension 'ignore_ament_install'
[1.320s] Level 1:colcon.colcon_core.package_identification:_identify(src/ros2_astra_camera) by extensions ['colcon_pkg']
[1.320s] Level 1:colcon.colcon_core.package_identification:_identify(src/ros2_astra_camera) by extension 'colcon_pkg'
[1.320s] Level 1:colcon.colcon_core.package_identification:_identify(src/ros2_astra_camera) by extensions ['colcon_meta']
[1.321s] Level 1:colcon.colcon_core.package_identification:_identify(src/ros2_astra_camera) by extension 'colcon_meta'
[1.321s] Level 1:colcon.colcon_core.package_identification:_identify(src/ros2_astra_camera) by extensions ['ros']
[1.321s] Level 1:colcon.colcon_core.package_identification:_identify(src/ros2_astra_camera) by extension 'ros'
[1.321s] Level 1:colcon.colcon_core.package_identification:_identify(src/ros2_astra_camera) by extensions ['cmake', 'python']
[1.321s] Level 1:colcon.colcon_core.package_identification:_identify(src/ros2_astra_camera) by extension 'cmake'
[1.322s] Level 1:colcon.colcon_core.package_identification:_identify(src/ros2_astra_camera) by extension 'python'
[1.322s] Level 1:colcon.colcon_core.package_identification:_identify(src/ros2_astra_camera) by extensions ['python_setup_py']
[1.322s] Level 1:colcon.colcon_core.package_identification:_identify(src/ros2_astra_camera) by extension 'python_setup_py'
[1.322s] Level 1:colcon.colcon_core.package_identification:_identify(src/ros2_astra_camera/astra_camera) by extensions ['ignore', 'ignore_ament_install']
[1.323s] Level 1:colcon.colcon_core.package_identification:_identify(src/ros2_astra_camera/astra_camera) by extension 'ignore'
[1.323s] Level 1:colcon.colcon_core.package_identification:_identify(src/ros2_astra_camera/astra_camera) by extension 'ignore_ament_install'
[1.323s] Level 1:colcon.colcon_core.package_identification:_identify(src/ros2_astra_camera/astra_camera) by extensions ['colcon_pkg']
[1.323s] Level 1:colcon.colcon_core.package_identification:_identify(src/ros2_astra_camera/astra_camera) by extension 'colcon_pkg'
[1.323s] Level 1:colcon.colcon_core.package_identification:_identify(src/ros2_astra_camera/astra_camera) by extensions ['colcon_meta']
[1.323s] Level 1:colcon.colcon_core.package_identification:_identify(src/ros2_astra_camera/astra_camera) by extension 'colcon_meta'
[1.324s] Level 1:colcon.colcon_core.package_identification:_identify(src/ros2_astra_camera/astra_camera) by extensions ['ros']
[1.324s] Level 1:colcon.colcon_core.package_identification:_identify(src/ros2_astra_camera/astra_camera) by extension 'ros'
[1.332s] DEBUG:colcon.colcon_core.package_identification:Package 'src/ros2_astra_camera/astra_camera' with type 'ros.ament_cmake' and name 'astra_camera'
[1.333s] Level 1:colcon.colcon_core.package_identification:_identify(src/ros2_astra_camera/astra_camera_msgs) by extensions ['ignore', 'ignore_ament_install']
[1.333s] Level 1:colcon.colcon_core.package_identification:_identify(src/ros2_astra_camera/astra_camera_msgs) by extension 'ignore'
[1.334s] Level 1:colcon.colcon_core.package_identification:_identify(src/ros2_astra_camera/astra_camera_msgs) by extension 'ignore_ament_install'
[1.334s] Level 1:colcon.colcon_core.package_identification:_identify(src/ros2_astra_camera/astra_camera_msgs) by extensions ['colcon_pkg']
[1.334s] Level 1:colcon.colcon_core.package_identification:_identify(src/ros2_astra_camera/astra_camera_msgs) by extension 'colcon_pkg'
[1.334s] Level 1:colcon.colcon_core.package_identification:_identify(src/ros2_astra_camera/astra_camera_msgs) by extensions ['colcon_meta']
[1.334s] Level 1:colcon.colcon_core.package_identification:_identify(src/ros2_astra_camera/astra_camera_msgs) by extension 'colcon_meta'
[1.335s] Level 1:colcon.colcon_core.package_identification:_identify(src/ros2_astra_camera/astra_camera_msgs) by extensions ['ros']
[1.335s] Level 1:colcon.colcon_core.package_identification:_identify(src/ros2_astra_camera/astra_camera_msgs) by extension 'ros'
[1.337s] DEBUG:colcon.colcon_core.package_identification:Package 'src/ros2_astra_camera/astra_camera_msgs' with type 'ros.ament_cmake' and name 'astra_camera_msgs'
[1.338s] Level 1:colcon.colcon_core.package_identification:_identify(src/roverbot_bringup) by extensions ['ignore', 'ignore_ament_install']
[1.338s] Level 1:colcon.colcon_core.package_identification:_identify(src/roverbot_bringup) by extension 'ignore'
[1.338s] Level 1:colcon.colcon_core.package_identification:_identify(src/roverbot_bringup) by extension 'ignore_ament_install'
[1.338s] Level 1:colcon.colcon_core.package_identification:_identify(src/roverbot_bringup) by extensions ['colcon_pkg']
[1.338s] Level 1:colcon.colcon_core.package_identification:_identify(src/roverbot_bringup) by extension 'colcon_pkg'
[1.339s] Level 1:colcon.colcon_core.package_identification:_identify(src/roverbot_bringup) by extensions ['colcon_meta']
[1.339s] Level 1:colcon.colcon_core.package_identification:_identify(src/roverbot_bringup) by extension 'colcon_meta'
[1.339s] Level 1:colcon.colcon_core.package_identification:_identify(src/roverbot_bringup) by extensions ['ros']
[1.339s] Level 1:colcon.colcon_core.package_identification:_identify(src/roverbot_bringup) by extension 'ros'
[1.341s] DEBUG:colcon.colcon_core.package_identification:Package 'src/roverbot_bringup' with type 'ros.ament_cmake' and name 'roverbot_bringup'
[1.342s] Level 1:colcon.colcon_core.package_identification:_identify(src/roverbot_chassis_driver) by extensions ['ignore', 'ignore_ament_install']
[1.342s] Level 1:colcon.colcon_core.package_identification:_identify(src/roverbot_chassis_driver) by extension 'ignore'
[1.342s] Level 1:colcon.colcon_core.package_identification:_identify(src/roverbot_chassis_driver) by extension 'ignore_ament_install'
[1.342s] Level 1:colcon.colcon_core.package_identification:_identify(src/roverbot_chassis_driver) by extensions ['colcon_pkg']
[1.342s] Level 1:colcon.colcon_core.package_identification:_identify(src/roverbot_chassis_driver) by extension 'colcon_pkg'
[1.343s] Level 1:colcon.colcon_core.package_identification:_identify(src/roverbot_chassis_driver) by extensions ['colcon_meta']
[1.343s] Level 1:colcon.colcon_core.package_identification:_identify(src/roverbot_chassis_driver) by extension 'colcon_meta'
[1.343s] Level 1:colcon.colcon_core.package_identification:_identify(src/roverbot_chassis_driver) by extensions ['ros']
[1.343s] Level 1:colcon.colcon_core.package_identification:_identify(src/roverbot_chassis_driver) by extension 'ros'
[1.346s] DEBUG:colcon.colcon_core.package_identification:Package 'src/roverbot_chassis_driver' with type 'ros.ament_python' and name 'roverbot_chassis_driver'
[1.347s] Level 1:colcon.colcon_core.package_identification:_identify(src/roverbot_description) by extensions ['ignore', 'ignore_ament_install']
[1.347s] Level 1:colcon.colcon_core.package_identification:_identify(src/roverbot_description) by extension 'ignore'
[1.347s] Level 1:colcon.colcon_core.package_identification:_identify(src/roverbot_description) by extension 'ignore_ament_install'
[1.347s] Level 1:colcon.colcon_core.package_identification:_identify(src/roverbot_description) by extensions ['colcon_pkg']
[1.347s] Level 1:colcon.colcon_core.package_identification:_identify(src/roverbot_description) by extension 'colcon_pkg'
[1.348s] Level 1:colcon.colcon_core.package_identification:_identify(src/roverbot_description) by extensions ['colcon_meta']
[1.348s] Level 1:colcon.colcon_core.package_identification:_identify(src/roverbot_description) by extension 'colcon_meta'
[1.348s] Level 1:colcon.colcon_core.package_identification:_identify(src/roverbot_description) by extensions ['ros']
[1.348s] Level 1:colcon.colcon_core.package_identification:_identify(src/roverbot_description) by extension 'ros'
[1.350s] DEBUG:colcon.colcon_core.package_identification:Package 'src/roverbot_description' with type 'ros.ament_cmake' and name 'roverbot_description'
[1.350s] Level 1:colcon.colcon_core.package_discovery:discover_packages(recursive) using defaults
[1.350s] Level 1:colcon.colcon_core.package_discovery:discover_packages(ignore) discover
[1.350s] Level 1:colcon.colcon_core.package_discovery:discover_packages(ignore) using defaults
[1.351s] Level 1:colcon.colcon_core.package_discovery:discover_packages(path) discover
[1.351s] Level 1:colcon.colcon_core.package_discovery:discover_packages(path) using defaults
[1.467s] INFO:colcon.colcon_core.package_selection:Skipping not selected package 'astra_camera_msgs' in 'src/ros2_astra_camera/astra_camera_msgs'
[1.467s] INFO:colcon.colcon_core.package_selection:Skipping not selected package 'ldlidar_ros2' in 'src/ldlidar_ros2'
[1.467s] INFO:colcon.colcon_core.package_selection:Skipping not selected package 'roverbot_chassis_driver' in 'src/roverbot_chassis_driver'
[1.467s] INFO:colcon.colcon_core.package_selection:Skipping not selected package 'roverbot_description' in 'src/roverbot_description'
[1.467s] INFO:colcon.colcon_core.package_selection:Skipping not selected package 'astra_camera' in 'src/ros2_astra_camera/astra_camera'
[1.469s] Level 1:colcon.colcon_core.package_discovery:discover_packages(prefix_path) check parameters
[1.469s] Level 1:colcon.colcon_core.package_discovery:discover_packages(prefix_path) discover
[1.485s] DEBUG:colcon.colcon_installed_package_information.package_discovery:Found 324 installed packages in /opt/ros/humble
[1.492s] Level 1:colcon.colcon_core.package_discovery:discover_packages(prefix_path) using defaults
[1.680s] Level 5:colcon.colcon_core.verb:set package 'roverbot_bringup' build argument 'cmake_args' from command line to 'None'
[1.680s] Level 5:colcon.colcon_core.verb:set package 'roverbot_bringup' build argument 'cmake_target' from command line to 'None'
[1.680s] Level 5:colcon.colcon_core.verb:set package 'roverbot_bringup' build argument 'cmake_target_skip_unavailable' from command line to 'False'
[1.680s] Level 5:colcon.colcon_core.verb:set package 'roverbot_bringup' build argument 'cmake_clean_cache' from command line to 'False'
[1.681s] Level 5:colcon.colcon_core.verb:set package 'roverbot_bringup' build argument 'cmake_clean_first' from command line to 'False'
[1.681s] Level 5:colcon.colcon_core.verb:set package 'roverbot_bringup' build argument 'cmake_force_configure' from command line to 'False'
[1.681s] Level 5:colcon.colcon_core.verb:set package 'roverbot_bringup' build argument 'ament_cmake_args' from command line to 'None'
[1.681s] Level 5:colcon.colcon_core.verb:set package 'roverbot_bringup' build argument 'catkin_cmake_args' from command line to 'None'
[1.681s] Level 5:colcon.colcon_core.verb:set package 'roverbot_bringup' build argument 'catkin_skip_building_tests' from command line to 'False'
[1.681s] DEBUG:colcon.colcon_core.verb:Building package 'roverbot_bringup' with the following arguments: {'ament_cmake_args': None, 'build_base': '/home/yzy/roverbot_ws/build/roverbot_bringup', 'catkin_cmake_args': None, 'catkin_skip_building_tests': False, 'cmake_args': None, 'cmake_clean_cache': False, 'cmake_clean_first': False, 'cmake_force_configure': False, 'cmake_target': None, 'cmake_target_skip_unavailable': False, 'install_base': '/home/yzy/roverbot_ws/install/roverbot_bringup', 'merge_install': False, 'path': '/home/yzy/roverbot_ws/src/roverbot_bringup', 'symlink_install': False, 'test_result_base': None}
[1.682s] INFO:colcon.colcon_core.executor:Executing jobs using 'parallel' executor
[1.685s] DEBUG:colcon.colcon_parallel_executor.executor.parallel:run_until_complete
[1.686s] INFO:colcon.colcon_ros.task.ament_cmake.build:Building ROS package in '/home/yzy/roverbot_ws/src/roverbot_bringup' with build type 'ament_cmake'
[1.687s] INFO:colcon.colcon_cmake.task.cmake.build:Building CMake package in '/home/yzy/roverbot_ws/src/roverbot_bringup'
[1.695s] INFO:colcon.colcon_core.plugin_system:Skipping extension 'colcon_core.shell.bat': Not used on non-Windows systems
[1.696s] INFO:colcon.colcon_core.shell:Skip shell extension 'powershell' for command environment: Not usable outside of PowerShell
[1.696s] DEBUG:colcon.colcon_core.shell:Skip shell extension 'dsv' for command environment
[1.730s] DEBUG:colcon.colcon_core.event_handler.log_command:Invoking command in '/home/yzy/roverbot_ws/build/roverbot_bringup': CMAKE_PREFIX_PATH=/opt/ros/humble /usr/bin/cmake --build /home/yzy/roverbot_ws/build/roverbot_bringup -- -j4 -l4
[1.864s] DEBUG:colcon.colcon_core.event_handler.log_command:Invoked command in '/home/yzy/roverbot_ws/build/roverbot_bringup' returned '0': CMAKE_PREFIX_PATH=/opt/ros/humble /usr/bin/cmake --build /home/yzy/roverbot_ws/build/roverbot_bringup -- -j4 -l4
[1.903s] DEBUG:colcon.colcon_core.event_handler.log_command:Invoking command in '/home/yzy/roverbot_ws/build/roverbot_bringup': CMAKE_PREFIX_PATH=/opt/ros/humble /usr/bin/cmake --install /home/yzy/roverbot_ws/build/roverbot_bringup
[2.016s] Level 1:colcon.colcon_core.environment:create_environment_scripts_only(roverbot_bringup)
[2.018s] DEBUG:colcon.colcon_core.event_handler.log_command:Invoked command in '/home/yzy/roverbot_ws/build/roverbot_bringup' returned '0': CMAKE_PREFIX_PATH=/opt/ros/humble /usr/bin/cmake --install /home/yzy/roverbot_ws/build/roverbot_bringup
[2.029s] Level 1:colcon.colcon_core.environment:checking '/home/yzy/roverbot_ws/install/roverbot_bringup' for CMake module files
[2.033s] Level 1:colcon.colcon_core.environment:checking '/home/yzy/roverbot_ws/install/roverbot_bringup' for CMake config files
[2.037s] Level 1:colcon.colcon_core.shell:create_environment_hook('roverbot_bringup', 'cmake_prefix_path')
[2.038s] INFO:colcon.colcon_core.shell:Creating environment hook '/home/yzy/roverbot_ws/install/roverbot_bringup/share/roverbot_bringup/hook/cmake_prefix_path.ps1'
[2.041s] INFO:colcon.colcon_core.shell:Creating environment descriptor '/home/yzy/roverbot_ws/install/roverbot_bringup/share/roverbot_bringup/hook/cmake_prefix_path.dsv'
[2.043s] INFO:colcon.colcon_core.shell:Creating environment hook '/home/yzy/roverbot_ws/install/roverbot_bringup/share/roverbot_bringup/hook/cmake_prefix_path.sh'
[2.046s] Level 1:colcon.colcon_core.environment:checking '/home/yzy/roverbot_ws/install/roverbot_bringup/lib'
[2.048s] Level 1:colcon.colcon_core.environment:checking '/home/yzy/roverbot_ws/install/roverbot_bringup/bin'
[2.048s] Level 1:colcon.colcon_core.environment:checking '/home/yzy/roverbot_ws/install/roverbot_bringup/lib/pkgconfig/roverbot_bringup.pc'
[2.049s] Level 1:colcon.colcon_core.environment:checking '/home/yzy/roverbot_ws/install/roverbot_bringup/lib/python3.10/site-packages'
[2.051s] Level 1:colcon.colcon_core.environment:checking '/home/yzy/roverbot_ws/install/roverbot_bringup/bin'
[2.052s] INFO:colcon.colcon_core.shell:Creating package script '/home/yzy/roverbot_ws/install/roverbot_bringup/share/roverbot_bringup/package.ps1'
[2.056s] INFO:colcon.colcon_core.shell:Creating package descriptor '/home/yzy/roverbot_ws/install/roverbot_bringup/share/roverbot_bringup/package.dsv'
[2.059s] INFO:colcon.colcon_core.shell:Creating package script '/home/yzy/roverbot_ws/install/roverbot_bringup/share/roverbot_bringup/package.sh'
[2.062s] INFO:colcon.colcon_core.shell:Creating package script '/home/yzy/roverbot_ws/install/roverbot_bringup/share/roverbot_bringup/package.bash'
[2.065s] INFO:colcon.colcon_core.shell:Creating package script '/home/yzy/roverbot_ws/install/roverbot_bringup/share/roverbot_bringup/package.zsh'
[2.068s] Level 1:colcon.colcon_core.environment:create_file_with_runtime_dependencies(/home/yzy/roverbot_ws/install/roverbot_bringup/share/colcon-core/packages/roverbot_bringup)
[2.071s] Level 1:colcon.colcon_core.environment:create_environment_scripts_only(roverbot_bringup)
[2.071s] Level 1:colcon.colcon_core.environment:checking '/home/yzy/roverbot_ws/install/roverbot_bringup' for CMake module files
[2.074s] Level 1:colcon.colcon_core.environment:checking '/home/yzy/roverbot_ws/install/roverbot_bringup' for CMake config files
[2.078s] Level 1:colcon.colcon_core.shell:create_environment_hook('roverbot_bringup', 'cmake_prefix_path')
[2.078s] INFO:colcon.colcon_core.shell:Creating environment hook '/home/yzy/roverbot_ws/install/roverbot_bringup/share/roverbot_bringup/hook/cmake_prefix_path.ps1'
[2.080s] INFO:colcon.colcon_core.shell:Creating environment descriptor '/home/yzy/roverbot_ws/install/roverbot_bringup/share/roverbot_bringup/hook/cmake_prefix_path.dsv'
[2.082s] INFO:colcon.colcon_core.shell:Creating environment hook '/home/yzy/roverbot_ws/install/roverbot_bringup/share/roverbot_bringup/hook/cmake_prefix_path.sh'
[2.085s] Level 1:colcon.colcon_core.environment:checking '/home/yzy/roverbot_ws/install/roverbot_bringup/lib'
[2.085s] Level 1:colcon.colcon_core.environment:checking '/home/yzy/roverbot_ws/install/roverbot_bringup/bin'
[2.086s] Level 1:colcon.colcon_core.environment:checking '/home/yzy/roverbot_ws/install/roverbot_bringup/lib/pkgconfig/roverbot_bringup.pc'
[2.086s] Level 1:colcon.colcon_core.environment:checking '/home/yzy/roverbot_ws/install/roverbot_bringup/lib/python3.10/site-packages'
[2.088s] Level 1:colcon.colcon_core.environment:checking '/home/yzy/roverbot_ws/install/roverbot_bringup/bin'
[2.089s] INFO:colcon.colcon_core.shell:Creating package script '/home/yzy/roverbot_ws/install/roverbot_bringup/share/roverbot_bringup/package.ps1'
[2.092s] INFO:colcon.colcon_core.shell:Creating package descriptor '/home/yzy/roverbot_ws/install/roverbot_bringup/share/roverbot_bringup/package.dsv'
[2.094s] INFO:colcon.colcon_core.shell:Creating package script '/home/yzy/roverbot_ws/install/roverbot_bringup/share/roverbot_bringup/package.sh'
[2.096s] INFO:colcon.colcon_core.shell:Creating package script '/home/yzy/roverbot_ws/install/roverbot_bringup/share/roverbot_bringup/package.bash'
[2.098s] INFO:colcon.colcon_core.shell:Creating package script '/home/yzy/roverbot_ws/install/roverbot_bringup/share/roverbot_bringup/package.zsh'
[2.100s] Level 1:colcon.colcon_core.environment:create_file_with_runtime_dependencies(/home/yzy/roverbot_ws/install/roverbot_bringup/share/colcon-core/packages/roverbot_bringup)
[2.101s] DEBUG:colcon.colcon_parallel_executor.executor.parallel:closing loop
[2.102s] DEBUG:colcon.colcon_parallel_executor.executor.parallel:loop closed
[2.103s] DEBUG:colcon.colcon_parallel_executor.executor.parallel:run_until_complete finished with '0'
[2.103s] DEBUG:colcon.colcon_core.event_reactor:joining thread
[2.105s] DEBUG:colcon.colcon_core.event_reactor:joined thread
[2.106s] INFO:colcon.colcon_core.shell:Creating prefix script '/home/yzy/roverbot_ws/install/local_setup.ps1'
[2.110s] INFO:colcon.colcon_core.shell:Creating prefix util module '/home/yzy/roverbot_ws/install/_local_setup_util_ps1.py'
[2.117s] INFO:colcon.colcon_core.shell:Creating prefix chain script '/home/yzy/roverbot_ws/install/setup.ps1'
[2.121s] INFO:colcon.colcon_core.shell:Creating prefix script '/home/yzy/roverbot_ws/install/local_setup.sh'
[2.124s] INFO:colcon.colcon_core.shell:Creating prefix util module '/home/yzy/roverbot_ws/install/_local_setup_util_sh.py'
[2.127s] INFO:colcon.colcon_core.shell:Creating prefix chain script '/home/yzy/roverbot_ws/install/setup.sh'
[2.131s] INFO:colcon.colcon_core.shell:Creating prefix script '/home/yzy/roverbot_ws/install/local_setup.bash'
[2.133s] INFO:colcon.colcon_core.shell:Creating prefix chain script '/home/yzy/roverbot_ws/install/setup.bash'
[2.137s] INFO:colcon.colcon_core.shell:Creating prefix script '/home/yzy/roverbot_ws/install/local_setup.zsh'
[2.139s] INFO:colcon.colcon_core.shell:Creating prefix chain script '/home/yzy/roverbot_ws/install/setup.zsh'
