[0.867s] DEBUG:colcon:Command line arguments: ['/usr/bin/colcon', 'build', '--packages-select', 'roverbot_bringup']
[0.867s] DEBUG:colcon:Parsed command line arguments: Namespace(log_base=None, log_level=None, verb_name='build', build_base='build', install_base='install', merge_install=False, symlink_install=False, test_result_base=None, continue_on_error=False, executor='parallel', parallel_workers=4, event_handlers=None, ignore_user_meta=False, metas=['./colcon.meta'], base_paths=['.'], packages_ignore=None, packages_ignore_regex=None, paths=None, packages_up_to=None, packages_up_to_regex=None, packages_above=None, packages_above_and_dependencies=None, packages_above_depth=None, packages_select_by_dep=None, packages_skip_by_dep=None, packages_skip_up_to=None, packages_select_build_failed=False, packages_skip_build_finished=False, packages_select_test_failures=False, packages_skip_test_passed=False, packages_select=['roverbot_bringup'], packages_skip=None, packages_select_regex=None, packages_skip_regex=None, packages_start=None, packages_end=None, allow_overriding=[], cmake_args=None, cmake_target=None, cmake_target_skip_unavailable=False, cmake_clean_cache=False, cmake_clean_first=False, cmake_force_configure=False, ament_cmake_args=None, catkin_cmake_args=None, catkin_skip_building_tests=False, verb_parser=<colcon_defaults.argument_parser.defaults.DefaultArgumentsDecorator object at 0xffffb70ac100>, verb_extension=<colcon_core.verb.build.BuildVerb object at 0xffffb72495d0>, main=<bound method BuildVerb.main of <colcon_core.verb.build.BuildVerb object at 0xffffb72495d0>>)
[2.417s] Level 1:colcon.colcon_core.package_discovery:discover_packages(colcon_meta) check parameters
[2.417s] Level 1:colcon.colcon_core.package_discovery:discover_packages(recursive) check parameters
[2.418s] Level 1:colcon.colcon_core.package_discovery:discover_packages(ignore) check parameters
[2.418s] Level 1:colcon.colcon_core.package_discovery:discover_packages(path) check parameters
[2.418s] Level 1:colcon.colcon_core.package_discovery:discover_packages(colcon_meta) discover
[2.418s] Level 1:colcon.colcon_core.package_discovery:discover_packages(recursive) discover
[2.418s] INFO:colcon.colcon_core.package_discovery:Crawling recursively for packages in '/home/yzy/roverbot_ws'
[2.419s] Level 1:colcon.colcon_core.package_identification:_identify(.) by extensions ['ignore', 'ignore_ament_install']
[2.419s] Level 1:colcon.colcon_core.package_identification:_identify(.) by extension 'ignore'
[2.420s] Level 1:colcon.colcon_core.package_identification:_identify(.) by extension 'ignore_ament_install'
[2.420s] Level 1:colcon.colcon_core.package_identification:_identify(.) by extensions ['colcon_pkg']
[2.420s] Level 1:colcon.colcon_core.package_identification:_identify(.) by extension 'colcon_pkg'
[2.420s] Level 1:colcon.colcon_core.package_identification:_identify(.) by extensions ['colcon_meta']
[2.421s] Level 1:colcon.colcon_core.package_identification:_identify(.) by extension 'colcon_meta'
[2.421s] Level 1:colcon.colcon_core.package_identification:_identify(.) by extensions ['ros']
[2.421s] Level 1:colcon.colcon_core.package_identification:_identify(.) by extension 'ros'
[2.485s] Level 1:colcon.colcon_core.package_identification:_identify(.) by extensions ['cmake', 'python']
[2.485s] Level 1:colcon.colcon_core.package_identification:_identify(.) by extension 'cmake'
[2.485s] Level 1:colcon.colcon_core.package_identification:_identify(.) by extension 'python'
[2.485s] Level 1:colcon.colcon_core.package_identification:_identify(.) by extensions ['python_setup_py']
[2.485s] Level 1:colcon.colcon_core.package_identification:_identify(.) by extension 'python_setup_py'
[2.486s] Level 1:colcon.colcon_core.package_identification:_identify(build) by extensions ['ignore', 'ignore_ament_install']
[2.486s] Level 1:colcon.colcon_core.package_identification:_identify(build) by extension 'ignore'
[2.487s] Level 1:colcon.colcon_core.package_identification:_identify(build) ignored
[2.487s] Level 1:colcon.colcon_core.package_identification:_identify(install) by extensions ['ignore', 'ignore_ament_install']
[2.488s] Level 1:colcon.colcon_core.package_identification:_identify(install) by extension 'ignore'
[2.488s] Level 1:colcon.colcon_core.package_identification:_identify(install) ignored
[2.489s] Level 1:colcon.colcon_core.package_identification:_identify(log) by extensions ['ignore', 'ignore_ament_install']
[2.490s] Level 1:colcon.colcon_core.package_identification:_identify(log) by extension 'ignore'
[2.490s] Level 1:colcon.colcon_core.package_identification:_identify(log) ignored
[2.491s] Level 1:colcon.colcon_core.package_identification:_identify(src) by extensions ['ignore', 'ignore_ament_install']
[2.491s] Level 1:colcon.colcon_core.package_identification:_identify(src) by extension 'ignore'
[2.492s] Level 1:colcon.colcon_core.package_identification:_identify(src) by extension 'ignore_ament_install'
[2.492s] Level 1:colcon.colcon_core.package_identification:_identify(src) by extensions ['colcon_pkg']
[2.492s] Level 1:colcon.colcon_core.package_identification:_identify(src) by extension 'colcon_pkg'
[2.492s] Level 1:colcon.colcon_core.package_identification:_identify(src) by extensions ['colcon_meta']
[2.492s] Level 1:colcon.colcon_core.package_identification:_identify(src) by extension 'colcon_meta'
[2.493s] Level 1:colcon.colcon_core.package_identification:_identify(src) by extensions ['ros']
[2.493s] Level 1:colcon.colcon_core.package_identification:_identify(src) by extension 'ros'
[2.493s] Level 1:colcon.colcon_core.package_identification:_identify(src) by extensions ['cmake', 'python']
[2.493s] Level 1:colcon.colcon_core.package_identification:_identify(src) by extension 'cmake'
[2.493s] Level 1:colcon.colcon_core.package_identification:_identify(src) by extension 'python'
[2.494s] Level 1:colcon.colcon_core.package_identification:_identify(src) by extensions ['python_setup_py']
[2.494s] Level 1:colcon.colcon_core.package_identification:_identify(src) by extension 'python_setup_py'
[2.494s] Level 1:colcon.colcon_core.package_identification:_identify(src/ldlidar_ros2) by extensions ['ignore', 'ignore_ament_install']
[2.495s] Level 1:colcon.colcon_core.package_identification:_identify(src/ldlidar_ros2) by extension 'ignore'
[2.495s] Level 1:colcon.colcon_core.package_identification:_identify(src/ldlidar_ros2) by extension 'ignore_ament_install'
[2.495s] Level 1:colcon.colcon_core.package_identification:_identify(src/ldlidar_ros2) by extensions ['colcon_pkg']
[2.495s] Level 1:colcon.colcon_core.package_identification:_identify(src/ldlidar_ros2) by extension 'colcon_pkg'
[2.495s] Level 1:colcon.colcon_core.package_identification:_identify(src/ldlidar_ros2) by extensions ['colcon_meta']
[2.496s] Level 1:colcon.colcon_core.package_identification:_identify(src/ldlidar_ros2) by extension 'colcon_meta'
[2.496s] Level 1:colcon.colcon_core.package_identification:_identify(src/ldlidar_ros2) by extensions ['ros']
[2.496s] Level 1:colcon.colcon_core.package_identification:_identify(src/ldlidar_ros2) by extension 'ros'
[2.518s] DEBUG:colcon.colcon_core.package_identification:Package 'src/ldlidar_ros2' with type 'ros.ament_cmake' and name 'ldlidar_ros2'
[2.519s] Level 1:colcon.colcon_core.package_identification:_identify(src/ros2_astra_camera) by extensions ['ignore', 'ignore_ament_install']
[2.519s] Level 1:colcon.colcon_core.package_identification:_identify(src/ros2_astra_camera) by extension 'ignore'
[2.520s] Level 1:colcon.colcon_core.package_identification:_identify(src/ros2_astra_camera) by extension 'ignore_ament_install'
[2.520s] Level 1:colcon.colcon_core.package_identification:_identify(src/ros2_astra_camera) by extensions ['colcon_pkg']
[2.520s] Level 1:colcon.colcon_core.package_identification:_identify(src/ros2_astra_camera) by extension 'colcon_pkg'
[2.520s] Level 1:colcon.colcon_core.package_identification:_identify(src/ros2_astra_camera) by extensions ['colcon_meta']
[2.520s] Level 1:colcon.colcon_core.package_identification:_identify(src/ros2_astra_camera) by extension 'colcon_meta'
[2.521s] Level 1:colcon.colcon_core.package_identification:_identify(src/ros2_astra_camera) by extensions ['ros']
[2.521s] Level 1:colcon.colcon_core.package_identification:_identify(src/ros2_astra_camera) by extension 'ros'
[2.521s] Level 1:colcon.colcon_core.package_identification:_identify(src/ros2_astra_camera) by extensions ['cmake', 'python']
[2.522s] Level 1:colcon.colcon_core.package_identification:_identify(src/ros2_astra_camera) by extension 'cmake'
[2.522s] Level 1:colcon.colcon_core.package_identification:_identify(src/ros2_astra_camera) by extension 'python'
[2.522s] Level 1:colcon.colcon_core.package_identification:_identify(src/ros2_astra_camera) by extensions ['python_setup_py']
[2.523s] Level 1:colcon.colcon_core.package_identification:_identify(src/ros2_astra_camera) by extension 'python_setup_py'
[2.524s] Level 1:colcon.colcon_core.package_identification:_identify(src/ros2_astra_camera/astra_camera) by extensions ['ignore', 'ignore_ament_install']
[2.525s] Level 1:colcon.colcon_core.package_identification:_identify(src/ros2_astra_camera/astra_camera) by extension 'ignore'
[2.525s] Level 1:colcon.colcon_core.package_identification:_identify(src/ros2_astra_camera/astra_camera) by extension 'ignore_ament_install'
[2.526s] Level 1:colcon.colcon_core.package_identification:_identify(src/ros2_astra_camera/astra_camera) by extensions ['colcon_pkg']
[2.526s] Level 1:colcon.colcon_core.package_identification:_identify(src/ros2_astra_camera/astra_camera) by extension 'colcon_pkg'
[2.526s] Level 1:colcon.colcon_core.package_identification:_identify(src/ros2_astra_camera/astra_camera) by extensions ['colcon_meta']
[2.526s] Level 1:colcon.colcon_core.package_identification:_identify(src/ros2_astra_camera/astra_camera) by extension 'colcon_meta'
[2.527s] Level 1:colcon.colcon_core.package_identification:_identify(src/ros2_astra_camera/astra_camera) by extensions ['ros']
[2.527s] Level 1:colcon.colcon_core.package_identification:_identify(src/ros2_astra_camera/astra_camera) by extension 'ros'
[2.546s] DEBUG:colcon.colcon_core.package_identification:Package 'src/ros2_astra_camera/astra_camera' with type 'ros.ament_cmake' and name 'astra_camera'
[2.547s] Level 1:colcon.colcon_core.package_identification:_identify(src/ros2_astra_camera/astra_camera_msgs) by extensions ['ignore', 'ignore_ament_install']
[2.548s] Level 1:colcon.colcon_core.package_identification:_identify(src/ros2_astra_camera/astra_camera_msgs) by extension 'ignore'
[2.548s] Level 1:colcon.colcon_core.package_identification:_identify(src/ros2_astra_camera/astra_camera_msgs) by extension 'ignore_ament_install'
[2.549s] Level 1:colcon.colcon_core.package_identification:_identify(src/ros2_astra_camera/astra_camera_msgs) by extensions ['colcon_pkg']
[2.549s] Level 1:colcon.colcon_core.package_identification:_identify(src/ros2_astra_camera/astra_camera_msgs) by extension 'colcon_pkg'
[2.550s] Level 1:colcon.colcon_core.package_identification:_identify(src/ros2_astra_camera/astra_camera_msgs) by extensions ['colcon_meta']
[2.550s] Level 1:colcon.colcon_core.package_identification:_identify(src/ros2_astra_camera/astra_camera_msgs) by extension 'colcon_meta'
[2.551s] Level 1:colcon.colcon_core.package_identification:_identify(src/ros2_astra_camera/astra_camera_msgs) by extensions ['ros']
[2.551s] Level 1:colcon.colcon_core.package_identification:_identify(src/ros2_astra_camera/astra_camera_msgs) by extension 'ros'
[2.554s] DEBUG:colcon.colcon_core.package_identification:Package 'src/ros2_astra_camera/astra_camera_msgs' with type 'ros.ament_cmake' and name 'astra_camera_msgs'
[2.555s] Level 1:colcon.colcon_core.package_identification:_identify(src/roverbot_bringup) by extensions ['ignore', 'ignore_ament_install']
[2.556s] Level 1:colcon.colcon_core.package_identification:_identify(src/roverbot_bringup) by extension 'ignore'
[2.556s] Level 1:colcon.colcon_core.package_identification:_identify(src/roverbot_bringup) by extension 'ignore_ament_install'
[2.557s] Level 1:colcon.colcon_core.package_identification:_identify(src/roverbot_bringup) by extensions ['colcon_pkg']
[2.557s] Level 1:colcon.colcon_core.package_identification:_identify(src/roverbot_bringup) by extension 'colcon_pkg'
[2.558s] Level 1:colcon.colcon_core.package_identification:_identify(src/roverbot_bringup) by extensions ['colcon_meta']
[2.558s] Level 1:colcon.colcon_core.package_identification:_identify(src/roverbot_bringup) by extension 'colcon_meta'
[2.558s] Level 1:colcon.colcon_core.package_identification:_identify(src/roverbot_bringup) by extensions ['ros']
[2.558s] Level 1:colcon.colcon_core.package_identification:_identify(src/roverbot_bringup) by extension 'ros'
[2.561s] DEBUG:colcon.colcon_core.package_identification:Package 'src/roverbot_bringup' with type 'ros.ament_cmake' and name 'roverbot_bringup'
[2.567s] Level 1:colcon.colcon_core.package_identification:_identify(src/roverbot_chassis_driver) by extensions ['ignore', 'ignore_ament_install']
[2.568s] Level 1:colcon.colcon_core.package_identification:_identify(src/roverbot_chassis_driver) by extension 'ignore'
[2.568s] Level 1:colcon.colcon_core.package_identification:_identify(src/roverbot_chassis_driver) by extension 'ignore_ament_install'
[2.569s] Level 1:colcon.colcon_core.package_identification:_identify(src/roverbot_chassis_driver) by extensions ['colcon_pkg']
[2.569s] Level 1:colcon.colcon_core.package_identification:_identify(src/roverbot_chassis_driver) by extension 'colcon_pkg'
[2.569s] Level 1:colcon.colcon_core.package_identification:_identify(src/roverbot_chassis_driver) by extensions ['colcon_meta']
[2.569s] Level 1:colcon.colcon_core.package_identification:_identify(src/roverbot_chassis_driver) by extension 'colcon_meta'
[2.570s] Level 1:colcon.colcon_core.package_identification:_identify(src/roverbot_chassis_driver) by extensions ['ros']
[2.570s] Level 1:colcon.colcon_core.package_identification:_identify(src/roverbot_chassis_driver) by extension 'ros'
[2.575s] DEBUG:colcon.colcon_core.package_identification:Package 'src/roverbot_chassis_driver' with type 'ros.ament_python' and name 'roverbot_chassis_driver'
[2.576s] Level 1:colcon.colcon_core.package_identification:_identify(src/roverbot_description) by extensions ['ignore', 'ignore_ament_install']
[2.576s] Level 1:colcon.colcon_core.package_identification:_identify(src/roverbot_description) by extension 'ignore'
[2.577s] Level 1:colcon.colcon_core.package_identification:_identify(src/roverbot_description) by extension 'ignore_ament_install'
[2.577s] Level 1:colcon.colcon_core.package_identification:_identify(src/roverbot_description) by extensions ['colcon_pkg']
[2.577s] Level 1:colcon.colcon_core.package_identification:_identify(src/roverbot_description) by extension 'colcon_pkg'
[2.577s] Level 1:colcon.colcon_core.package_identification:_identify(src/roverbot_description) by extensions ['colcon_meta']
[2.578s] Level 1:colcon.colcon_core.package_identification:_identify(src/roverbot_description) by extension 'colcon_meta'
[2.578s] Level 1:colcon.colcon_core.package_identification:_identify(src/roverbot_description) by extensions ['ros']
[2.578s] Level 1:colcon.colcon_core.package_identification:_identify(src/roverbot_description) by extension 'ros'
[2.581s] DEBUG:colcon.colcon_core.package_identification:Package 'src/roverbot_description' with type 'ros.ament_cmake' and name 'roverbot_description'
[2.581s] Level 1:colcon.colcon_core.package_discovery:discover_packages(recursive) using defaults
[2.581s] Level 1:colcon.colcon_core.package_discovery:discover_packages(ignore) discover
[2.582s] Level 1:colcon.colcon_core.package_discovery:discover_packages(ignore) using defaults
[2.582s] Level 1:colcon.colcon_core.package_discovery:discover_packages(path) discover
[2.582s] Level 1:colcon.colcon_core.package_discovery:discover_packages(path) using defaults
[2.803s] INFO:colcon.colcon_core.package_selection:Skipping not selected package 'astra_camera_msgs' in 'src/ros2_astra_camera/astra_camera_msgs'
[2.803s] INFO:colcon.colcon_core.package_selection:Skipping not selected package 'ldlidar_ros2' in 'src/ldlidar_ros2'
[2.804s] INFO:colcon.colcon_core.package_selection:Skipping not selected package 'roverbot_chassis_driver' in 'src/roverbot_chassis_driver'
[2.804s] INFO:colcon.colcon_core.package_selection:Skipping not selected package 'roverbot_description' in 'src/roverbot_description'
[2.804s] INFO:colcon.colcon_core.package_selection:Skipping not selected package 'astra_camera' in 'src/ros2_astra_camera/astra_camera'
[2.807s] Level 1:colcon.colcon_core.package_discovery:discover_packages(prefix_path) check parameters
[2.807s] Level 1:colcon.colcon_core.package_discovery:discover_packages(prefix_path) discover
[2.833s] DEBUG:colcon.colcon_installed_package_information.package_discovery:Found 324 installed packages in /opt/ros/humble
[2.841s] Level 1:colcon.colcon_core.package_discovery:discover_packages(prefix_path) using defaults
[3.085s] Level 5:colcon.colcon_core.verb:set package 'roverbot_bringup' build argument 'cmake_args' from command line to 'None'
[3.085s] Level 5:colcon.colcon_core.verb:set package 'roverbot_bringup' build argument 'cmake_target' from command line to 'None'
[3.085s] Level 5:colcon.colcon_core.verb:set package 'roverbot_bringup' build argument 'cmake_target_skip_unavailable' from command line to 'False'
[3.085s] Level 5:colcon.colcon_core.verb:set package 'roverbot_bringup' build argument 'cmake_clean_cache' from command line to 'False'
[3.085s] Level 5:colcon.colcon_core.verb:set package 'roverbot_bringup' build argument 'cmake_clean_first' from command line to 'False'
[3.085s] Level 5:colcon.colcon_core.verb:set package 'roverbot_bringup' build argument 'cmake_force_configure' from command line to 'False'
[3.086s] Level 5:colcon.colcon_core.verb:set package 'roverbot_bringup' build argument 'ament_cmake_args' from command line to 'None'
[3.086s] Level 5:colcon.colcon_core.verb:set package 'roverbot_bringup' build argument 'catkin_cmake_args' from command line to 'None'
[3.086s] Level 5:colcon.colcon_core.verb:set package 'roverbot_bringup' build argument 'catkin_skip_building_tests' from command line to 'False'
[3.086s] DEBUG:colcon.colcon_core.verb:Building package 'roverbot_bringup' with the following arguments: {'ament_cmake_args': None, 'build_base': '/home/yzy/roverbot_ws/build/roverbot_bringup', 'catkin_cmake_args': None, 'catkin_skip_building_tests': False, 'cmake_args': None, 'cmake_clean_cache': False, 'cmake_clean_first': False, 'cmake_force_configure': False, 'cmake_target': None, 'cmake_target_skip_unavailable': False, 'install_base': '/home/yzy/roverbot_ws/install/roverbot_bringup', 'merge_install': False, 'path': '/home/yzy/roverbot_ws/src/roverbot_bringup', 'symlink_install': False, 'test_result_base': None}
[3.086s] INFO:colcon.colcon_core.executor:Executing jobs using 'parallel' executor
[3.091s] DEBUG:colcon.colcon_parallel_executor.executor.parallel:run_until_complete
[3.092s] INFO:colcon.colcon_ros.task.ament_cmake.build:Building ROS package in '/home/yzy/roverbot_ws/src/roverbot_bringup' with build type 'ament_cmake'
[3.093s] INFO:colcon.colcon_cmake.task.cmake.build:Building CMake package in '/home/yzy/roverbot_ws/src/roverbot_bringup'
[3.124s] INFO:colcon.colcon_core.plugin_system:Skipping extension 'colcon_core.shell.bat': Not used on non-Windows systems
[3.126s] INFO:colcon.colcon_core.shell:Skip shell extension 'powershell' for command environment: Not usable outside of PowerShell
[3.127s] DEBUG:colcon.colcon_core.shell:Skip shell extension 'dsv' for command environment
[3.185s] DEBUG:colcon.colcon_core.event_handler.log_command:Invoking command in '/home/yzy/roverbot_ws/build/roverbot_bringup': CMAKE_PREFIX_PATH=/opt/ros/humble /usr/bin/cmake --build /home/yzy/roverbot_ws/build/roverbot_bringup -- -j4 -l4
[3.641s] DEBUG:colcon.colcon_core.event_handler.log_command:Invoked command in '/home/yzy/roverbot_ws/build/roverbot_bringup' returned '0': CMAKE_PREFIX_PATH=/opt/ros/humble /usr/bin/cmake --build /home/yzy/roverbot_ws/build/roverbot_bringup -- -j4 -l4
[3.690s] DEBUG:colcon.colcon_core.event_handler.log_command:Invoking command in '/home/yzy/roverbot_ws/build/roverbot_bringup': CMAKE_PREFIX_PATH=/opt/ros/humble /usr/bin/cmake --install /home/yzy/roverbot_ws/build/roverbot_bringup
[3.806s] Level 1:colcon.colcon_core.environment:create_environment_scripts_only(roverbot_bringup)
[3.808s] DEBUG:colcon.colcon_core.event_handler.log_command:Invoked command in '/home/yzy/roverbot_ws/build/roverbot_bringup' returned '0': CMAKE_PREFIX_PATH=/opt/ros/humble /usr/bin/cmake --install /home/yzy/roverbot_ws/build/roverbot_bringup
[3.838s] Level 1:colcon.colcon_core.environment:checking '/home/yzy/roverbot_ws/install/roverbot_bringup' for CMake module files
[3.842s] Level 1:colcon.colcon_core.environment:checking '/home/yzy/roverbot_ws/install/roverbot_bringup' for CMake config files
[3.846s] Level 1:colcon.colcon_core.shell:create_environment_hook('roverbot_bringup', 'cmake_prefix_path')
[3.848s] INFO:colcon.colcon_core.shell:Creating environment hook '/home/yzy/roverbot_ws/install/roverbot_bringup/share/roverbot_bringup/hook/cmake_prefix_path.ps1'
[3.860s] INFO:colcon.colcon_core.shell:Creating environment descriptor '/home/yzy/roverbot_ws/install/roverbot_bringup/share/roverbot_bringup/hook/cmake_prefix_path.dsv'
[3.865s] INFO:colcon.colcon_core.shell:Creating environment hook '/home/yzy/roverbot_ws/install/roverbot_bringup/share/roverbot_bringup/hook/cmake_prefix_path.sh'
[3.872s] Level 1:colcon.colcon_core.environment:checking '/home/yzy/roverbot_ws/install/roverbot_bringup/lib'
[3.873s] Level 1:colcon.colcon_core.environment:checking '/home/yzy/roverbot_ws/install/roverbot_bringup/bin'
[3.873s] Level 1:colcon.colcon_core.environment:checking '/home/yzy/roverbot_ws/install/roverbot_bringup/lib/pkgconfig/roverbot_bringup.pc'
[3.874s] Level 1:colcon.colcon_core.environment:checking '/home/yzy/roverbot_ws/install/roverbot_bringup/lib/python3.10/site-packages'
[3.876s] Level 1:colcon.colcon_core.environment:checking '/home/yzy/roverbot_ws/install/roverbot_bringup/bin'
[3.877s] INFO:colcon.colcon_core.shell:Creating package script '/home/yzy/roverbot_ws/install/roverbot_bringup/share/roverbot_bringup/package.ps1'
[3.883s] INFO:colcon.colcon_core.shell:Creating package descriptor '/home/yzy/roverbot_ws/install/roverbot_bringup/share/roverbot_bringup/package.dsv'
[3.886s] INFO:colcon.colcon_core.shell:Creating package script '/home/yzy/roverbot_ws/install/roverbot_bringup/share/roverbot_bringup/package.sh'
[3.890s] INFO:colcon.colcon_core.shell:Creating package script '/home/yzy/roverbot_ws/install/roverbot_bringup/share/roverbot_bringup/package.bash'
[3.895s] INFO:colcon.colcon_core.shell:Creating package script '/home/yzy/roverbot_ws/install/roverbot_bringup/share/roverbot_bringup/package.zsh'
[3.899s] Level 1:colcon.colcon_core.environment:create_file_with_runtime_dependencies(/home/yzy/roverbot_ws/install/roverbot_bringup/share/colcon-core/packages/roverbot_bringup)
[3.902s] Level 1:colcon.colcon_core.environment:create_environment_scripts_only(roverbot_bringup)
[3.903s] Level 1:colcon.colcon_core.environment:checking '/home/yzy/roverbot_ws/install/roverbot_bringup' for CMake module files
[3.907s] Level 1:colcon.colcon_core.environment:checking '/home/yzy/roverbot_ws/install/roverbot_bringup' for CMake config files
[3.911s] Level 1:colcon.colcon_core.shell:create_environment_hook('roverbot_bringup', 'cmake_prefix_path')
[3.912s] INFO:colcon.colcon_core.shell:Creating environment hook '/home/yzy/roverbot_ws/install/roverbot_bringup/share/roverbot_bringup/hook/cmake_prefix_path.ps1'
[3.914s] INFO:colcon.colcon_core.shell:Creating environment descriptor '/home/yzy/roverbot_ws/install/roverbot_bringup/share/roverbot_bringup/hook/cmake_prefix_path.dsv'
[3.916s] INFO:colcon.colcon_core.shell:Creating environment hook '/home/yzy/roverbot_ws/install/roverbot_bringup/share/roverbot_bringup/hook/cmake_prefix_path.sh'
[3.919s] Level 1:colcon.colcon_core.environment:checking '/home/yzy/roverbot_ws/install/roverbot_bringup/lib'
[3.919s] Level 1:colcon.colcon_core.environment:checking '/home/yzy/roverbot_ws/install/roverbot_bringup/bin'
[3.920s] Level 1:colcon.colcon_core.environment:checking '/home/yzy/roverbot_ws/install/roverbot_bringup/lib/pkgconfig/roverbot_bringup.pc'
[3.921s] Level 1:colcon.colcon_core.environment:checking '/home/yzy/roverbot_ws/install/roverbot_bringup/lib/python3.10/site-packages'
[3.923s] Level 1:colcon.colcon_core.environment:checking '/home/yzy/roverbot_ws/install/roverbot_bringup/bin'
[3.925s] INFO:colcon.colcon_core.shell:Creating package script '/home/yzy/roverbot_ws/install/roverbot_bringup/share/roverbot_bringup/package.ps1'
[3.929s] INFO:colcon.colcon_core.shell:Creating package descriptor '/home/yzy/roverbot_ws/install/roverbot_bringup/share/roverbot_bringup/package.dsv'
[3.931s] INFO:colcon.colcon_core.shell:Creating package script '/home/yzy/roverbot_ws/install/roverbot_bringup/share/roverbot_bringup/package.sh'
[3.934s] INFO:colcon.colcon_core.shell:Creating package script '/home/yzy/roverbot_ws/install/roverbot_bringup/share/roverbot_bringup/package.bash'
[3.937s] INFO:colcon.colcon_core.shell:Creating package script '/home/yzy/roverbot_ws/install/roverbot_bringup/share/roverbot_bringup/package.zsh'
[3.939s] Level 1:colcon.colcon_core.environment:create_file_with_runtime_dependencies(/home/yzy/roverbot_ws/install/roverbot_bringup/share/colcon-core/packages/roverbot_bringup)
[3.940s] DEBUG:colcon.colcon_parallel_executor.executor.parallel:closing loop
[3.941s] DEBUG:colcon.colcon_parallel_executor.executor.parallel:loop closed
[3.941s] DEBUG:colcon.colcon_parallel_executor.executor.parallel:run_until_complete finished with '0'
[3.942s] DEBUG:colcon.colcon_core.event_reactor:joining thread
[3.944s] DEBUG:colcon.colcon_core.event_reactor:joined thread
[3.945s] INFO:colcon.colcon_core.shell:Creating prefix script '/home/yzy/roverbot_ws/install/local_setup.ps1'
[3.951s] INFO:colcon.colcon_core.shell:Creating prefix util module '/home/yzy/roverbot_ws/install/_local_setup_util_ps1.py'
[3.961s] INFO:colcon.colcon_core.shell:Creating prefix chain script '/home/yzy/roverbot_ws/install/setup.ps1'
[3.966s] INFO:colcon.colcon_core.shell:Creating prefix script '/home/yzy/roverbot_ws/install/local_setup.sh'
[3.971s] INFO:colcon.colcon_core.shell:Creating prefix util module '/home/yzy/roverbot_ws/install/_local_setup_util_sh.py'
[3.974s] INFO:colcon.colcon_core.shell:Creating prefix chain script '/home/yzy/roverbot_ws/install/setup.sh'
[3.979s] INFO:colcon.colcon_core.shell:Creating prefix script '/home/yzy/roverbot_ws/install/local_setup.bash'
[3.983s] INFO:colcon.colcon_core.shell:Creating prefix chain script '/home/yzy/roverbot_ws/install/setup.bash'
[3.988s] INFO:colcon.colcon_core.shell:Creating prefix script '/home/yzy/roverbot_ws/install/local_setup.zsh'
[3.992s] INFO:colcon.colcon_core.shell:Creating prefix chain script '/home/yzy/roverbot_ws/install/setup.zsh'
