[0.123s] Invoking command in '/home/yzy/roverbot_ws/build/astra_camera_msgs': CMAKE_PREFIX_PATH=${CMAKE_PREFIX_PATH}:/home/yzy/roverbot_ws/install/roverbot_chassis_driver:/opt/ros/humble /usr/bin/cmake /home/yzy/roverbot_ws/src/ros2_astra_camera/astra_camera_msgs -DAMENT_CMAKE_SYMLINK_INSTALL=1 -DCMAKE_INSTALL_PREFIX=/home/yzy/roverbot_ws/install/astra_camera_msgs
[0.895s] -- The C compiler identification is GNU 11.4.0
[1.689s] -- The CXX compiler identification is GNU 11.4.0
[1.758s] -- Detecting C compiler ABI info
[2.362s] -- Detecting C compiler ABI info - done
[2.391s] -- Check for working C compiler: /usr/bin/cc - skipped
[2.392s] -- Detecting C compile features
[2.394s] -- Detecting C compile features - done
[2.415s] -- Detecting CXX compiler ABI info
[2.962s] -- Detecting CXX compiler ABI info - done
[2.992s] -- Check for working CXX compiler: /usr/bin/c++ - skipped
[2.993s] -- Detecting CXX compile features
[2.995s] -- Detecting CXX compile features - done
[3.281s] -- Found ament_cmake: 1.3.14 (/opt/ros/humble/share/ament_cmake/cmake)
[4.542s] -- Found Python3: /usr/bin/python3 (found version "3.10.12") found components: Interpreter 
[5.081s] -- Override CMake install command with custom implementation using symlinks instead of copying resources
[5.580s] -- Found rosidl_default_generators: 1.2.1 (/opt/ros/humble/share/rosidl_default_generators/cmake)
[5.631s] -- Using all available rosidl_typesupport_c: rosidl_typesupport_fastrtps_c;rosidl_typesupport_introspection_c
[5.745s] -- Found rosidl_adapter: 3.1.8 (/opt/ros/humble/share/rosidl_adapter/cmake)
[6.239s] -- Using all available rosidl_typesupport_cpp: rosidl_typesupport_fastrtps_cpp;rosidl_typesupport_introspection_cpp
[6.666s] -- Found sensor_msgs: 4.9.1 (/opt/ros/humble/share/sensor_msgs/cmake)
[9.930s] -- Found ament_cmake_ros: 0.10.0 (/opt/ros/humble/share/ament_cmake_ros/cmake)
[12.243s] -- Using all available rosidl_typesupport_c: rosidl_typesupport_fastrtps_c;rosidl_typesupport_introspection_c
[16.365s] -- Using all available rosidl_typesupport_cpp: rosidl_typesupport_fastrtps_cpp;rosidl_typesupport_introspection_cpp
[16.597s] -- Found PythonInterp: /usr/bin/python3 (found suitable version "3.10.12", minimum required is "3.6") 
[16.654s] -- Found python_cmake_module: 0.10.0 (/opt/ros/humble/share/python_cmake_module/cmake)
[16.881s] -- Found PythonLibs: /usr/lib/aarch64-linux-gnu/libpython3.10.so (found suitable version "3.10.12", minimum required is "3.5") 
[16.882s] -- Using PYTHON_EXECUTABLE: /usr/bin/python3
[16.883s] -- Using PYTHON_INCLUDE_DIRS: /usr/include/python3.10
[16.883s] -- Using PYTHON_LIBRARIES: /usr/lib/aarch64-linux-gnu/libpython3.10.so
[17.184s] -- Found PythonExtra: .so  
[18.636s] -- Found ament_lint_auto: 0.12.15 (/opt/ros/humble/share/ament_lint_auto/cmake)
[19.051s] -- Added test 'copyright' to check source files copyright and LICENSE
[19.080s] -- Added test 'lint_cmake' to check CMake code style
[19.099s] -- Added test 'xmllint' to check XML markup files
[19.140s] -- Configuring done
[19.570s] -- Generating done
[19.654s] -- Build files have been written to: /home/yzy/roverbot_ws/build/astra_camera_msgs
[19.715s] Invoked command in '/home/yzy/roverbot_ws/build/astra_camera_msgs' returned '0': CMAKE_PREFIX_PATH=${CMAKE_PREFIX_PATH}:/home/yzy/roverbot_ws/install/roverbot_chassis_driver:/opt/ros/humble /usr/bin/cmake /home/yzy/roverbot_ws/src/ros2_astra_camera/astra_camera_msgs -DAMENT_CMAKE_SYMLINK_INSTALL=1 -DCMAKE_INSTALL_PREFIX=/home/yzy/roverbot_ws/install/astra_camera_msgs
[19.727s] Invoking command in '/home/yzy/roverbot_ws/build/astra_camera_msgs': CMAKE_PREFIX_PATH=${CMAKE_PREFIX_PATH}:/home/yzy/roverbot_ws/install/roverbot_chassis_driver:/opt/ros/humble /usr/bin/cmake --build /home/yzy/roverbot_ws/build/astra_camera_msgs -- -j4 -l4
[19.952s] [  1%] [34m[1mGenerating C code for ROS interfaces[0m
[20.056s] [  2%] [34m[1mGenerating Rust code for ROS interfaces[0m
[20.073s] [  3%] [34m[1mGenerating C++ code for ROS interfaces[0m
[20.136s] [  3%] Built target ament_cmake_python_symlink_astra_camera_msgs
[22.100s] running egg_info
[22.103s] creating astra_camera_msgs.egg-info
[22.104s] writing astra_camera_msgs.egg-info/PKG-INFO
[22.105s] writing dependency_links to astra_camera_msgs.egg-info/dependency_links.txt
[22.106s] writing top-level names to astra_camera_msgs.egg-info/top_level.txt
[22.108s] writing manifest file 'astra_camera_msgs.egg-info/SOURCES.txt'
[22.119s] reading manifest file 'astra_camera_msgs.egg-info/SOURCES.txt'
[22.122s] writing manifest file 'astra_camera_msgs.egg-info/SOURCES.txt'
[22.303s] [  3%] Built target ament_cmake_python_build_astra_camera_msgs_egg
[22.786s] [  3%] Built target astra_camera_msgs__rs
[25.547s] [  3%] Built target astra_camera_msgs__cpp
[25.630s] [  4%] [34m[1mGenerating C++ type support for eProsima Fast-RTPS[0m
[25.782s] [  5%] [34m[1mGenerating C++ introspection for ROS interfaces[0m
[25.820s] [  6%] [34m[1mGenerating C++ type support dispatch for ROS interfaces[0m
[25.877s] [  7%] [32mBuilding C object CMakeFiles/astra_camera_msgs__rosidl_generator_c.dir/rosidl_generator_c/astra_camera_msgs/msg/detail/device_info__functions.c.o[0m
[26.572s] [  8%] [32mBuilding C object CMakeFiles/astra_camera_msgs__rosidl_generator_c.dir/rosidl_generator_c/astra_camera_msgs/msg/detail/extrinsics__functions.c.o[0m
[27.171s] [  9%] [32mBuilding C object CMakeFiles/astra_camera_msgs__rosidl_generator_c.dir/rosidl_generator_c/astra_camera_msgs/msg/detail/metadata__functions.c.o[0m
[27.733s] [ 10%] [32mBuilding C object CMakeFiles/astra_camera_msgs__rosidl_generator_c.dir/rosidl_generator_c/astra_camera_msgs/srv/detail/get_device_info__functions.c.o[0m
[28.123s] [ 11%] [32mBuilding C object CMakeFiles/astra_camera_msgs__rosidl_generator_c.dir/rosidl_generator_c/astra_camera_msgs/srv/detail/get_camera_info__functions.c.o[0m
[28.809s] [ 12%] [32mBuilding C object CMakeFiles/astra_camera_msgs__rosidl_generator_c.dir/rosidl_generator_c/astra_camera_msgs/srv/detail/get_camera_params__functions.c.o[0m
[29.407s] [ 13%] [32mBuilding C object CMakeFiles/astra_camera_msgs__rosidl_generator_c.dir/rosidl_generator_c/astra_camera_msgs/srv/detail/get_int32__functions.c.o[0m
[29.934s] [ 14%] [32mBuilding C object CMakeFiles/astra_camera_msgs__rosidl_generator_c.dir/rosidl_generator_c/astra_camera_msgs/srv/detail/get_string__functions.c.o[0m
[30.229s] [ 15%] [32mBuilding CXX object CMakeFiles/astra_camera_msgs__rosidl_typesupport_cpp.dir/rosidl_typesupport_cpp/astra_camera_msgs/msg/device_info__type_support.cpp.o[0m
[30.458s] [ 16%] [32mBuilding C object CMakeFiles/astra_camera_msgs__rosidl_generator_c.dir/rosidl_generator_c/astra_camera_msgs/srv/detail/set_int32__functions.c.o[0m
[30.876s] [ 17%] [32mBuilding CXX object CMakeFiles/astra_camera_msgs__rosidl_typesupport_introspection_cpp.dir/rosidl_typesupport_introspection_cpp/astra_camera_msgs/msg/detail/device_info__type_support.cpp.o[0m
[30.976s] [ 18%] [32m[1mLinking C shared library libastra_camera_msgs__rosidl_generator_c.so[0m
[31.463s] [ 18%] Built target astra_camera_msgs__rosidl_generator_c
[31.485s] [ 19%] [32mBuilding CXX object CMakeFiles/astra_camera_msgs__rosidl_typesupport_fastrtps_cpp.dir/rosidl_typesupport_fastrtps_cpp/astra_camera_msgs/msg/detail/dds_fastrtps/device_info__type_support.cpp.o[0m
[31.530s] [ 20%] [32mBuilding CXX object CMakeFiles/astra_camera_msgs__rosidl_typesupport_introspection_cpp.dir/rosidl_typesupport_introspection_cpp/astra_camera_msgs/msg/detail/extrinsics__type_support.cpp.o[0m
[32.423s] [ 21%] [32mBuilding CXX object CMakeFiles/astra_camera_msgs__rosidl_typesupport_cpp.dir/rosidl_typesupport_cpp/astra_camera_msgs/msg/extrinsics__type_support.cpp.o[0m
[34.242s] [ 22%] [32mBuilding CXX object CMakeFiles/astra_camera_msgs__rosidl_typesupport_fastrtps_cpp.dir/rosidl_typesupport_fastrtps_cpp/astra_camera_msgs/msg/detail/dds_fastrtps/extrinsics__type_support.cpp.o[0m
[34.345s] [ 23%] [32mBuilding CXX object CMakeFiles/astra_camera_msgs__rosidl_typesupport_introspection_cpp.dir/rosidl_typesupport_introspection_cpp/astra_camera_msgs/msg/detail/metadata__type_support.cpp.o[0m
[34.807s] [ 25%] [32mBuilding CXX object CMakeFiles/astra_camera_msgs__rosidl_typesupport_fastrtps_cpp.dir/rosidl_typesupport_fastrtps_cpp/astra_camera_msgs/msg/detail/dds_fastrtps/metadata__type_support.cpp.o[0m
[35.102s] [ 26%] [32mBuilding CXX object CMakeFiles/astra_camera_msgs__rosidl_typesupport_cpp.dir/rosidl_typesupport_cpp/astra_camera_msgs/msg/metadata__type_support.cpp.o[0m
[37.197s] [ 27%] [32mBuilding CXX object CMakeFiles/astra_camera_msgs__rosidl_typesupport_introspection_cpp.dir/rosidl_typesupport_introspection_cpp/astra_camera_msgs/srv/detail/get_device_info__type_support.cpp.o[0m
[37.410s] [ 28%] [32mBuilding CXX object CMakeFiles/astra_camera_msgs__rosidl_typesupport_cpp.dir/rosidl_typesupport_cpp/astra_camera_msgs/srv/get_device_info__type_support.cpp.o[0m
[37.736s] [ 29%] [32mBuilding CXX object CMakeFiles/astra_camera_msgs__rosidl_typesupport_fastrtps_cpp.dir/rosidl_typesupport_fastrtps_cpp/astra_camera_msgs/srv/detail/dds_fastrtps/get_device_info__type_support.cpp.o[0m
[37.969s] [ 30%] [32mBuilding CXX object CMakeFiles/astra_camera_msgs__rosidl_typesupport_fastrtps_cpp.dir/rosidl_typesupport_fastrtps_cpp/astra_camera_msgs/srv/detail/dds_fastrtps/get_camera_info__type_support.cpp.o[0m
[39.475s] [ 31%] [32mBuilding CXX object CMakeFiles/astra_camera_msgs__rosidl_typesupport_cpp.dir/rosidl_typesupport_cpp/astra_camera_msgs/srv/get_camera_info__type_support.cpp.o[0m
[40.428s] [ 32%] [32mBuilding CXX object CMakeFiles/astra_camera_msgs__rosidl_typesupport_introspection_cpp.dir/rosidl_typesupport_introspection_cpp/astra_camera_msgs/srv/detail/get_camera_info__type_support.cpp.o[0m
[41.291s] [ 33%] [32mBuilding CXX object CMakeFiles/astra_camera_msgs__rosidl_typesupport_fastrtps_cpp.dir/rosidl_typesupport_fastrtps_cpp/astra_camera_msgs/srv/detail/dds_fastrtps/get_camera_params__type_support.cpp.o[0m
[41.352s] [ 34%] [32mBuilding CXX object CMakeFiles/astra_camera_msgs__rosidl_typesupport_fastrtps_cpp.dir/rosidl_typesupport_fastrtps_cpp/astra_camera_msgs/srv/detail/dds_fastrtps/get_int32__type_support.cpp.o[0m
[41.962s] [ 35%] [32mBuilding CXX object CMakeFiles/astra_camera_msgs__rosidl_typesupport_cpp.dir/rosidl_typesupport_cpp/astra_camera_msgs/srv/get_camera_params__type_support.cpp.o[0m
[43.273s] [ 36%] [32mBuilding CXX object CMakeFiles/astra_camera_msgs__rosidl_typesupport_introspection_cpp.dir/rosidl_typesupport_introspection_cpp/astra_camera_msgs/srv/detail/get_camera_params__type_support.cpp.o[0m
[44.215s] [ 37%] [32mBuilding CXX object CMakeFiles/astra_camera_msgs__rosidl_typesupport_cpp.dir/rosidl_typesupport_cpp/astra_camera_msgs/srv/get_int32__type_support.cpp.o[0m
[44.835s] [ 38%] [32mBuilding CXX object CMakeFiles/astra_camera_msgs__rosidl_typesupport_fastrtps_cpp.dir/rosidl_typesupport_fastrtps_cpp/astra_camera_msgs/srv/detail/dds_fastrtps/get_string__type_support.cpp.o[0m
[44.908s] [ 39%] [32mBuilding CXX object CMakeFiles/astra_camera_msgs__rosidl_typesupport_fastrtps_cpp.dir/rosidl_typesupport_fastrtps_cpp/astra_camera_msgs/srv/detail/dds_fastrtps/set_int32__type_support.cpp.o[0m
[45.972s] [ 40%] [32mBuilding CXX object CMakeFiles/astra_camera_msgs__rosidl_typesupport_introspection_cpp.dir/rosidl_typesupport_introspection_cpp/astra_camera_msgs/srv/detail/get_int32__type_support.cpp.o[0m
[46.369s] [ 41%] [32mBuilding CXX object CMakeFiles/astra_camera_msgs__rosidl_typesupport_cpp.dir/rosidl_typesupport_cpp/astra_camera_msgs/srv/get_string__type_support.cpp.o[0m
[47.968s] [ 42%] [32mBuilding CXX object CMakeFiles/astra_camera_msgs__rosidl_typesupport_cpp.dir/rosidl_typesupport_cpp/astra_camera_msgs/srv/set_int32__type_support.cpp.o[0m
[48.916s] [ 43%] [32m[1mLinking CXX shared library libastra_camera_msgs__rosidl_typesupport_fastrtps_cpp.so[0m
[48.979s] [ 44%] [32mBuilding CXX object CMakeFiles/astra_camera_msgs__rosidl_typesupport_introspection_cpp.dir/rosidl_typesupport_introspection_cpp/astra_camera_msgs/srv/detail/get_string__type_support.cpp.o[0m
[49.357s] [ 45%] [34m[1mGenerating C type support for eProsima Fast-RTPS[0m
[49.700s] [ 45%] Built target astra_camera_msgs__rosidl_typesupport_fastrtps_cpp
[49.858s] [ 46%] [34m[1mGenerating C introspection for ROS interfaces[0m
[50.364s] [ 47%] [32m[1mLinking CXX shared library libastra_camera_msgs__rosidl_typesupport_cpp.so[0m
[50.731s] [ 47%] Built target astra_camera_msgs__rosidl_typesupport_cpp
[50.845s] [ 48%] [34m[1mGenerating C type support dispatch for ROS interfaces[0m
[52.452s] [ 50%] [32mBuilding CXX object CMakeFiles/astra_camera_msgs__rosidl_typesupport_introspection_cpp.dir/rosidl_typesupport_introspection_cpp/astra_camera_msgs/srv/detail/set_int32__type_support.cpp.o[0m
[54.826s] [ 51%] [32mBuilding CXX object CMakeFiles/astra_camera_msgs__rosidl_typesupport_c.dir/rosidl_typesupport_c/astra_camera_msgs/msg/device_info__type_support.cpp.o[0m
[55.197s] [ 52%] [32mBuilding CXX object CMakeFiles/astra_camera_msgs__rosidl_typesupport_c.dir/rosidl_typesupport_c/astra_camera_msgs/msg/extrinsics__type_support.cpp.o[0m
[55.479s] [ 53%] [32mBuilding C object CMakeFiles/astra_camera_msgs__rosidl_typesupport_introspection_c.dir/rosidl_typesupport_introspection_c/astra_camera_msgs/msg/detail/device_info__type_support.c.o[0m
[55.531s] [ 54%] [32mBuilding CXX object CMakeFiles/astra_camera_msgs__rosidl_typesupport_c.dir/rosidl_typesupport_c/astra_camera_msgs/msg/metadata__type_support.cpp.o[0m
[55.629s] [ 55%] [32mBuilding CXX object CMakeFiles/astra_camera_msgs__rosidl_typesupport_fastrtps_c.dir/rosidl_typesupport_fastrtps_c/astra_camera_msgs/msg/detail/device_info__type_support_c.cpp.o[0m
[55.684s] [ 56%] [32m[1mLinking CXX shared library libastra_camera_msgs__rosidl_typesupport_introspection_cpp.so[0m
[55.752s] [ 57%] [32mBuilding CXX object CMakeFiles/astra_camera_msgs__rosidl_typesupport_c.dir/rosidl_typesupport_c/astra_camera_msgs/srv/get_device_info__type_support.cpp.o[0m
[55.839s] [ 58%] [32mBuilding C object CMakeFiles/astra_camera_msgs__rosidl_typesupport_introspection_c.dir/rosidl_typesupport_introspection_c/astra_camera_msgs/msg/detail/extrinsics__type_support.c.o[0m
[56.090s] [ 59%] [32mBuilding CXX object CMakeFiles/astra_camera_msgs__rosidl_typesupport_c.dir/rosidl_typesupport_c/astra_camera_msgs/srv/get_camera_info__type_support.cpp.o[0m
[56.188s] [ 60%] [32mBuilding C object CMakeFiles/astra_camera_msgs__rosidl_typesupport_introspection_c.dir/rosidl_typesupport_introspection_c/astra_camera_msgs/msg/detail/metadata__type_support.c.o[0m
[56.212s] [ 60%] Built target astra_camera_msgs__rosidl_typesupport_introspection_cpp
[56.305s] [ 61%] [32mBuilding C object CMakeFiles/astra_camera_msgs__rosidl_typesupport_introspection_c.dir/rosidl_typesupport_introspection_c/astra_camera_msgs/srv/detail/get_device_info__type_support.c.o[0m
[56.361s] [ 62%] [32mBuilding CXX object CMakeFiles/astra_camera_msgs__rosidl_typesupport_c.dir/rosidl_typesupport_c/astra_camera_msgs/srv/get_camera_params__type_support.cpp.o[0m
[56.563s] [ 63%] [32mBuilding CXX object CMakeFiles/astra_camera_msgs__rosidl_typesupport_c.dir/rosidl_typesupport_c/astra_camera_msgs/srv/get_int32__type_support.cpp.o[0m
[56.663s] [ 64%] [32mBuilding CXX object CMakeFiles/astra_camera_msgs__rosidl_typesupport_c.dir/rosidl_typesupport_c/astra_camera_msgs/srv/get_string__type_support.cpp.o[0m
[56.698s] [ 65%] [32mBuilding C object CMakeFiles/astra_camera_msgs__rosidl_typesupport_introspection_c.dir/rosidl_typesupport_introspection_c/astra_camera_msgs/srv/detail/get_camera_info__type_support.c.o[0m
[56.829s] [ 66%] [32mBuilding CXX object CMakeFiles/astra_camera_msgs__rosidl_typesupport_c.dir/rosidl_typesupport_c/astra_camera_msgs/srv/set_int32__type_support.cpp.o[0m
[56.923s] [ 67%] [32mBuilding C object CMakeFiles/astra_camera_msgs__rosidl_typesupport_introspection_c.dir/rosidl_typesupport_introspection_c/astra_camera_msgs/srv/detail/get_camera_params__type_support.c.o[0m
[57.039s] [ 68%] [32mBuilding C object CMakeFiles/astra_camera_msgs__rosidl_typesupport_introspection_c.dir/rosidl_typesupport_introspection_c/astra_camera_msgs/srv/detail/get_int32__type_support.c.o[0m
[57.185s] [ 69%] [32m[1mLinking CXX shared library libastra_camera_msgs__rosidl_typesupport_c.so[0m
[57.327s] [ 70%] [32mBuilding C object CMakeFiles/astra_camera_msgs__rosidl_typesupport_introspection_c.dir/rosidl_typesupport_introspection_c/astra_camera_msgs/srv/detail/get_string__type_support.c.o[0m
[57.374s] [ 71%] [32mBuilding C object CMakeFiles/astra_camera_msgs__rosidl_typesupport_introspection_c.dir/rosidl_typesupport_introspection_c/astra_camera_msgs/srv/detail/set_int32__type_support.c.o[0m
[57.501s] [ 71%] Built target astra_camera_msgs__rosidl_typesupport_c
[57.546s] [ 72%] [32mBuilding CXX object CMakeFiles/astra_camera_msgs__rosidl_typesupport_fastrtps_c.dir/rosidl_typesupport_fastrtps_c/astra_camera_msgs/msg/detail/extrinsics__type_support_c.cpp.o[0m
[57.701s] [ 73%] [32mBuilding CXX object CMakeFiles/astra_camera_msgs__rosidl_typesupport_fastrtps_c.dir/rosidl_typesupport_fastrtps_c/astra_camera_msgs/msg/detail/metadata__type_support_c.cpp.o[0m
[57.811s] [ 75%] [32m[1mLinking C shared library libastra_camera_msgs__rosidl_typesupport_introspection_c.so[0m
[58.317s] [ 75%] Built target astra_camera_msgs__rosidl_typesupport_introspection_c
[58.423s] [ 76%] [32mBuilding CXX object CMakeFiles/astra_camera_msgs__rosidl_typesupport_fastrtps_c.dir/rosidl_typesupport_fastrtps_c/astra_camera_msgs/srv/detail/get_device_info__type_support_c.cpp.o[0m
[58.497s] [ 77%] [32mBuilding CXX object CMakeFiles/astra_camera_msgs__rosidl_typesupport_fastrtps_c.dir/rosidl_typesupport_fastrtps_c/astra_camera_msgs/srv/detail/get_camera_info__type_support_c.cpp.o[0m
[60.203s] [ 78%] [32mBuilding CXX object CMakeFiles/astra_camera_msgs__rosidl_typesupport_fastrtps_c.dir/rosidl_typesupport_fastrtps_c/astra_camera_msgs/srv/detail/get_camera_params__type_support_c.cpp.o[0m
[60.572s] [ 79%] [32mBuilding CXX object CMakeFiles/astra_camera_msgs__rosidl_typesupport_fastrtps_c.dir/rosidl_typesupport_fastrtps_c/astra_camera_msgs/srv/detail/get_int32__type_support_c.cpp.o[0m
[61.442s] [ 80%] [32mBuilding CXX object CMakeFiles/astra_camera_msgs__rosidl_typesupport_fastrtps_c.dir/rosidl_typesupport_fastrtps_c/astra_camera_msgs/srv/detail/get_string__type_support_c.cpp.o[0m
[61.592s] [ 81%] [32mBuilding CXX object CMakeFiles/astra_camera_msgs__rosidl_typesupport_fastrtps_c.dir/rosidl_typesupport_fastrtps_c/astra_camera_msgs/srv/detail/set_int32__type_support_c.cpp.o[0m
[64.082s] [ 82%] [32m[1mLinking CXX shared library libastra_camera_msgs__rosidl_typesupport_fastrtps_c.so[0m
[64.427s] [ 82%] Built target astra_camera_msgs__rosidl_typesupport_fastrtps_c
[64.520s] [ 82%] Built target astra_camera_msgs
[64.617s] [ 83%] [34m[1mGenerating Python code for ROS interfaces[0m
[70.536s] [ 83%] Built target astra_camera_msgs__py
[70.638s] [ 84%] [32mBuilding C object CMakeFiles/astra_camera_msgs__rosidl_generator_py.dir/rosidl_generator_py/astra_camera_msgs/msg/_device_info_s.c.o[0m
[70.641s] [ 85%] [32mBuilding C object CMakeFiles/astra_camera_msgs__rosidl_generator_py.dir/rosidl_generator_py/astra_camera_msgs/msg/_extrinsics_s.c.o[0m
[70.643s] [ 86%] [32mBuilding C object CMakeFiles/astra_camera_msgs__rosidl_generator_py.dir/rosidl_generator_py/astra_camera_msgs/msg/_metadata_s.c.o[0m
[70.654s] [ 87%] [32mBuilding C object CMakeFiles/astra_camera_msgs__rosidl_generator_py.dir/rosidl_generator_py/astra_camera_msgs/srv/_get_device_info_s.c.o[0m
[71.387s] [ 88%] [32mBuilding C object CMakeFiles/astra_camera_msgs__rosidl_generator_py.dir/rosidl_generator_py/astra_camera_msgs/srv/_get_camera_info_s.c.o[0m
[71.429s] [ 89%] [32mBuilding C object CMakeFiles/astra_camera_msgs__rosidl_generator_py.dir/rosidl_generator_py/astra_camera_msgs/srv/_get_camera_params_s.c.o[0m
[71.430s] [ 90%] [32mBuilding C object CMakeFiles/astra_camera_msgs__rosidl_generator_py.dir/rosidl_generator_py/astra_camera_msgs/srv/_get_int32_s.c.o[0m
[71.440s] [ 91%] [32mBuilding C object CMakeFiles/astra_camera_msgs__rosidl_generator_py.dir/rosidl_generator_py/astra_camera_msgs/srv/_get_string_s.c.o[0m
[72.030s] [ 92%] [32mBuilding C object CMakeFiles/astra_camera_msgs__rosidl_generator_py.dir/rosidl_generator_py/astra_camera_msgs/srv/_set_int32_s.c.o[0m
[72.545s] [ 93%] [32m[1mLinking C shared library rosidl_generator_py/astra_camera_msgs/libastra_camera_msgs__rosidl_generator_py.so[0m
[72.771s] [ 93%] Built target astra_camera_msgs__rosidl_generator_py
[72.872s] [ 95%] [32mBuilding C object CMakeFiles/astra_camera_msgs__rosidl_typesupport_fastrtps_c__pyext.dir/rosidl_generator_py/astra_camera_msgs/_astra_camera_msgs_s.ep.rosidl_typesupport_fastrtps_c.c.o[0m
[72.873s] [ 96%] [32mBuilding C object CMakeFiles/astra_camera_msgs__rosidl_typesupport_c__pyext.dir/rosidl_generator_py/astra_camera_msgs/_astra_camera_msgs_s.ep.rosidl_typesupport_c.c.o[0m
[72.875s] [ 96%] [32mBuilding C object CMakeFiles/astra_camera_msgs__rosidl_typesupport_introspection_c__pyext.dir/rosidl_generator_py/astra_camera_msgs/_astra_camera_msgs_s.ep.rosidl_typesupport_introspection_c.c.o[0m
[73.686s] [ 97%] [32m[1mLinking C shared library rosidl_generator_py/astra_camera_msgs/astra_camera_msgs_s__rosidl_typesupport_c.cpython-310-aarch64-linux-gnu.so[0m
[73.688s] [ 98%] [32m[1mLinking C shared library rosidl_generator_py/astra_camera_msgs/astra_camera_msgs_s__rosidl_typesupport_introspection_c.cpython-310-aarch64-linux-gnu.so[0m
[73.692s] [100%] [32m[1mLinking C shared library rosidl_generator_py/astra_camera_msgs/astra_camera_msgs_s__rosidl_typesupport_fastrtps_c.cpython-310-aarch64-linux-gnu.so[0m
[74.021s] [100%] Built target astra_camera_msgs__rosidl_typesupport_c__pyext
[74.036s] [100%] Built target astra_camera_msgs__rosidl_typesupport_fastrtps_c__pyext
[74.038s] [100%] Built target astra_camera_msgs__rosidl_typesupport_introspection_c__pyext
[74.090s] Invoked command in '/home/yzy/roverbot_ws/build/astra_camera_msgs' returned '0': CMAKE_PREFIX_PATH=${CMAKE_PREFIX_PATH}:/home/yzy/roverbot_ws/install/roverbot_chassis_driver:/opt/ros/humble /usr/bin/cmake --build /home/yzy/roverbot_ws/build/astra_camera_msgs -- -j4 -l4
[74.100s] Invoking command in '/home/yzy/roverbot_ws/build/astra_camera_msgs': CMAKE_PREFIX_PATH=${CMAKE_PREFIX_PATH}:/home/yzy/roverbot_ws/install/roverbot_chassis_driver:/opt/ros/humble /usr/bin/cmake --install /home/yzy/roverbot_ws/build/astra_camera_msgs
[74.128s] -- Install configuration: ""
[74.130s] -- Execute custom install script
[74.132s] -- Symlinking: /home/yzy/roverbot_ws/install/astra_camera_msgs/share/ament_index/resource_index/rosidl_interfaces/astra_camera_msgs
[74.170s] -- Symlinking: /home/yzy/roverbot_ws/install/astra_camera_msgs/include/astra_camera_msgs/astra_camera_msgs/msg/detail/device_info__functions.h
[74.205s] -- Symlinking: /home/yzy/roverbot_ws/install/astra_camera_msgs/include/astra_camera_msgs/astra_camera_msgs/msg/detail/device_info__struct.h
[74.238s] -- Symlinking: /home/yzy/roverbot_ws/install/astra_camera_msgs/include/astra_camera_msgs/astra_camera_msgs/msg/detail/device_info__type_support.h
[74.271s] -- Symlinking: /home/yzy/roverbot_ws/install/astra_camera_msgs/include/astra_camera_msgs/astra_camera_msgs/msg/detail/extrinsics__functions.h
[74.307s] -- Symlinking: /home/yzy/roverbot_ws/install/astra_camera_msgs/include/astra_camera_msgs/astra_camera_msgs/msg/detail/extrinsics__struct.h
[74.341s] -- Symlinking: /home/yzy/roverbot_ws/install/astra_camera_msgs/include/astra_camera_msgs/astra_camera_msgs/msg/detail/extrinsics__type_support.h
[74.374s] -- Symlinking: /home/yzy/roverbot_ws/install/astra_camera_msgs/include/astra_camera_msgs/astra_camera_msgs/msg/detail/metadata__functions.h
[74.408s] -- Symlinking: /home/yzy/roverbot_ws/install/astra_camera_msgs/include/astra_camera_msgs/astra_camera_msgs/msg/detail/metadata__struct.h
[74.440s] -- Symlinking: /home/yzy/roverbot_ws/install/astra_camera_msgs/include/astra_camera_msgs/astra_camera_msgs/msg/detail/metadata__type_support.h
[74.473s] -- Symlinking: /home/yzy/roverbot_ws/install/astra_camera_msgs/include/astra_camera_msgs/astra_camera_msgs/msg/device_info.h
[74.506s] -- Symlinking: /home/yzy/roverbot_ws/install/astra_camera_msgs/include/astra_camera_msgs/astra_camera_msgs/msg/extrinsics.h
[74.539s] -- Symlinking: /home/yzy/roverbot_ws/install/astra_camera_msgs/include/astra_camera_msgs/astra_camera_msgs/msg/metadata.h
[74.572s] -- Symlinking: /home/yzy/roverbot_ws/install/astra_camera_msgs/include/astra_camera_msgs/astra_camera_msgs/msg/rosidl_generator_c__visibility_control.h
[74.605s] -- Symlinking: /home/yzy/roverbot_ws/install/astra_camera_msgs/include/astra_camera_msgs/astra_camera_msgs/srv/detail/get_camera_info__functions.h
[74.639s] -- Symlinking: /home/yzy/roverbot_ws/install/astra_camera_msgs/include/astra_camera_msgs/astra_camera_msgs/srv/detail/get_camera_info__struct.h
[74.671s] -- Symlinking: /home/yzy/roverbot_ws/install/astra_camera_msgs/include/astra_camera_msgs/astra_camera_msgs/srv/detail/get_camera_info__type_support.h
[74.705s] -- Symlinking: /home/yzy/roverbot_ws/install/astra_camera_msgs/include/astra_camera_msgs/astra_camera_msgs/srv/detail/get_camera_params__functions.h
[74.737s] -- Symlinking: /home/yzy/roverbot_ws/install/astra_camera_msgs/include/astra_camera_msgs/astra_camera_msgs/srv/detail/get_camera_params__struct.h
[74.771s] -- Symlinking: /home/yzy/roverbot_ws/install/astra_camera_msgs/include/astra_camera_msgs/astra_camera_msgs/srv/detail/get_camera_params__type_support.h
[74.807s] -- Symlinking: /home/yzy/roverbot_ws/install/astra_camera_msgs/include/astra_camera_msgs/astra_camera_msgs/srv/detail/get_device_info__functions.h
[74.840s] -- Symlinking: /home/yzy/roverbot_ws/install/astra_camera_msgs/include/astra_camera_msgs/astra_camera_msgs/srv/detail/get_device_info__struct.h
[74.874s] -- Symlinking: /home/yzy/roverbot_ws/install/astra_camera_msgs/include/astra_camera_msgs/astra_camera_msgs/srv/detail/get_device_info__type_support.h
[74.907s] -- Symlinking: /home/yzy/roverbot_ws/install/astra_camera_msgs/include/astra_camera_msgs/astra_camera_msgs/srv/detail/get_int32__functions.h
[74.941s] -- Symlinking: /home/yzy/roverbot_ws/install/astra_camera_msgs/include/astra_camera_msgs/astra_camera_msgs/srv/detail/get_int32__struct.h
[74.973s] -- Symlinking: /home/yzy/roverbot_ws/install/astra_camera_msgs/include/astra_camera_msgs/astra_camera_msgs/srv/detail/get_int32__type_support.h
[75.006s] -- Symlinking: /home/yzy/roverbot_ws/install/astra_camera_msgs/include/astra_camera_msgs/astra_camera_msgs/srv/detail/get_string__functions.h
[75.039s] -- Symlinking: /home/yzy/roverbot_ws/install/astra_camera_msgs/include/astra_camera_msgs/astra_camera_msgs/srv/detail/get_string__struct.h
[75.073s] -- Symlinking: /home/yzy/roverbot_ws/install/astra_camera_msgs/include/astra_camera_msgs/astra_camera_msgs/srv/detail/get_string__type_support.h
[75.107s] -- Symlinking: /home/yzy/roverbot_ws/install/astra_camera_msgs/include/astra_camera_msgs/astra_camera_msgs/srv/detail/set_int32__functions.h
[75.140s] -- Symlinking: /home/yzy/roverbot_ws/install/astra_camera_msgs/include/astra_camera_msgs/astra_camera_msgs/srv/detail/set_int32__struct.h
[75.173s] -- Symlinking: /home/yzy/roverbot_ws/install/astra_camera_msgs/include/astra_camera_msgs/astra_camera_msgs/srv/detail/set_int32__type_support.h
[75.205s] -- Symlinking: /home/yzy/roverbot_ws/install/astra_camera_msgs/include/astra_camera_msgs/astra_camera_msgs/srv/get_camera_info.h
[75.238s] -- Symlinking: /home/yzy/roverbot_ws/install/astra_camera_msgs/include/astra_camera_msgs/astra_camera_msgs/srv/get_camera_params.h
[75.271s] -- Symlinking: /home/yzy/roverbot_ws/install/astra_camera_msgs/include/astra_camera_msgs/astra_camera_msgs/srv/get_device_info.h
[75.306s] -- Symlinking: /home/yzy/roverbot_ws/install/astra_camera_msgs/include/astra_camera_msgs/astra_camera_msgs/srv/get_int32.h
[75.338s] -- Symlinking: /home/yzy/roverbot_ws/install/astra_camera_msgs/include/astra_camera_msgs/astra_camera_msgs/srv/get_string.h
[75.371s] -- Symlinking: /home/yzy/roverbot_ws/install/astra_camera_msgs/include/astra_camera_msgs/astra_camera_msgs/srv/set_int32.h
[75.405s] -- Symlinking: /home/yzy/roverbot_ws/install/astra_camera_msgs/share/astra_camera_msgs/environment/library_path.sh
[75.438s] -- Symlinking: /home/yzy/roverbot_ws/install/astra_camera_msgs/share/astra_camera_msgs/environment/library_path.dsv
[75.477s] -- Symlinking: /home/yzy/roverbot_ws/install/astra_camera_msgs/include/astra_camera_msgs/astra_camera_msgs/msg/detail/device_info__rosidl_typesupport_fastrtps_c.h
[75.511s] -- Symlinking: /home/yzy/roverbot_ws/install/astra_camera_msgs/include/astra_camera_msgs/astra_camera_msgs/msg/detail/extrinsics__rosidl_typesupport_fastrtps_c.h
[75.548s] -- Symlinking: /home/yzy/roverbot_ws/install/astra_camera_msgs/include/astra_camera_msgs/astra_camera_msgs/msg/detail/metadata__rosidl_typesupport_fastrtps_c.h
[75.584s] -- Symlinking: /home/yzy/roverbot_ws/install/astra_camera_msgs/include/astra_camera_msgs/astra_camera_msgs/msg/rosidl_typesupport_fastrtps_c__visibility_control.h
[75.617s] -- Symlinking: /home/yzy/roverbot_ws/install/astra_camera_msgs/include/astra_camera_msgs/astra_camera_msgs/srv/detail/get_camera_info__rosidl_typesupport_fastrtps_c.h
[75.653s] -- Symlinking: /home/yzy/roverbot_ws/install/astra_camera_msgs/include/astra_camera_msgs/astra_camera_msgs/srv/detail/get_camera_params__rosidl_typesupport_fastrtps_c.h
[75.686s] -- Symlinking: /home/yzy/roverbot_ws/install/astra_camera_msgs/include/astra_camera_msgs/astra_camera_msgs/srv/detail/get_device_info__rosidl_typesupport_fastrtps_c.h
[75.720s] -- Symlinking: /home/yzy/roverbot_ws/install/astra_camera_msgs/include/astra_camera_msgs/astra_camera_msgs/srv/detail/get_int32__rosidl_typesupport_fastrtps_c.h
[75.752s] -- Symlinking: /home/yzy/roverbot_ws/install/astra_camera_msgs/include/astra_camera_msgs/astra_camera_msgs/srv/detail/get_string__rosidl_typesupport_fastrtps_c.h
[75.785s] -- Symlinking: /home/yzy/roverbot_ws/install/astra_camera_msgs/include/astra_camera_msgs/astra_camera_msgs/srv/detail/set_int32__rosidl_typesupport_fastrtps_c.h
[75.823s] -- Symlinking: /home/yzy/roverbot_ws/install/astra_camera_msgs/include/astra_camera_msgs/astra_camera_msgs/msg/detail/device_info__rosidl_typesupport_introspection_c.h
[75.858s] -- Symlinking: /home/yzy/roverbot_ws/install/astra_camera_msgs/include/astra_camera_msgs/astra_camera_msgs/msg/detail/extrinsics__rosidl_typesupport_introspection_c.h
[75.893s] -- Symlinking: /home/yzy/roverbot_ws/install/astra_camera_msgs/include/astra_camera_msgs/astra_camera_msgs/msg/detail/metadata__rosidl_typesupport_introspection_c.h
[75.926s] -- Symlinking: /home/yzy/roverbot_ws/install/astra_camera_msgs/include/astra_camera_msgs/astra_camera_msgs/msg/rosidl_typesupport_introspection_c__visibility_control.h
[75.960s] -- Symlinking: /home/yzy/roverbot_ws/install/astra_camera_msgs/include/astra_camera_msgs/astra_camera_msgs/srv/detail/get_camera_info__rosidl_typesupport_introspection_c.h
[75.993s] -- Symlinking: /home/yzy/roverbot_ws/install/astra_camera_msgs/include/astra_camera_msgs/astra_camera_msgs/srv/detail/get_camera_params__rosidl_typesupport_introspection_c.h
[76.026s] -- Symlinking: /home/yzy/roverbot_ws/install/astra_camera_msgs/include/astra_camera_msgs/astra_camera_msgs/srv/detail/get_device_info__rosidl_typesupport_introspection_c.h
[76.059s] -- Symlinking: /home/yzy/roverbot_ws/install/astra_camera_msgs/include/astra_camera_msgs/astra_camera_msgs/srv/detail/get_int32__rosidl_typesupport_introspection_c.h
[76.093s] -- Symlinking: /home/yzy/roverbot_ws/install/astra_camera_msgs/include/astra_camera_msgs/astra_camera_msgs/srv/detail/get_string__rosidl_typesupport_introspection_c.h
[76.128s] -- Symlinking: /home/yzy/roverbot_ws/install/astra_camera_msgs/include/astra_camera_msgs/astra_camera_msgs/srv/detail/set_int32__rosidl_typesupport_introspection_c.h
[76.169s] -- Symlinking: /home/yzy/roverbot_ws/install/astra_camera_msgs/include/astra_camera_msgs/astra_camera_msgs/msg/detail/device_info__builder.hpp
[76.204s] -- Symlinking: /home/yzy/roverbot_ws/install/astra_camera_msgs/include/astra_camera_msgs/astra_camera_msgs/msg/detail/device_info__struct.hpp
[76.237s] -- Symlinking: /home/yzy/roverbot_ws/install/astra_camera_msgs/include/astra_camera_msgs/astra_camera_msgs/msg/detail/device_info__traits.hpp
[76.269s] -- Symlinking: /home/yzy/roverbot_ws/install/astra_camera_msgs/include/astra_camera_msgs/astra_camera_msgs/msg/detail/device_info__type_support.hpp
[76.304s] -- Symlinking: /home/yzy/roverbot_ws/install/astra_camera_msgs/include/astra_camera_msgs/astra_camera_msgs/msg/detail/extrinsics__builder.hpp
[76.338s] -- Symlinking: /home/yzy/roverbot_ws/install/astra_camera_msgs/include/astra_camera_msgs/astra_camera_msgs/msg/detail/extrinsics__struct.hpp
[76.371s] -- Symlinking: /home/yzy/roverbot_ws/install/astra_camera_msgs/include/astra_camera_msgs/astra_camera_msgs/msg/detail/extrinsics__traits.hpp
[76.404s] -- Symlinking: /home/yzy/roverbot_ws/install/astra_camera_msgs/include/astra_camera_msgs/astra_camera_msgs/msg/detail/extrinsics__type_support.hpp
[76.436s] -- Symlinking: /home/yzy/roverbot_ws/install/astra_camera_msgs/include/astra_camera_msgs/astra_camera_msgs/msg/detail/metadata__builder.hpp
[76.471s] -- Symlinking: /home/yzy/roverbot_ws/install/astra_camera_msgs/include/astra_camera_msgs/astra_camera_msgs/msg/detail/metadata__struct.hpp
[76.504s] -- Symlinking: /home/yzy/roverbot_ws/install/astra_camera_msgs/include/astra_camera_msgs/astra_camera_msgs/msg/detail/metadata__traits.hpp
[76.536s] -- Symlinking: /home/yzy/roverbot_ws/install/astra_camera_msgs/include/astra_camera_msgs/astra_camera_msgs/msg/detail/metadata__type_support.hpp
[76.570s] -- Symlinking: /home/yzy/roverbot_ws/install/astra_camera_msgs/include/astra_camera_msgs/astra_camera_msgs/msg/device_info.hpp
[76.604s] -- Symlinking: /home/yzy/roverbot_ws/install/astra_camera_msgs/include/astra_camera_msgs/astra_camera_msgs/msg/extrinsics.hpp
[76.639s] -- Symlinking: /home/yzy/roverbot_ws/install/astra_camera_msgs/include/astra_camera_msgs/astra_camera_msgs/msg/metadata.hpp
[76.672s] -- Symlinking: /home/yzy/roverbot_ws/install/astra_camera_msgs/include/astra_camera_msgs/astra_camera_msgs/msg/rosidl_generator_cpp__visibility_control.hpp
[76.704s] -- Symlinking: /home/yzy/roverbot_ws/install/astra_camera_msgs/include/astra_camera_msgs/astra_camera_msgs/srv/detail/get_camera_info__builder.hpp
[76.737s] -- Symlinking: /home/yzy/roverbot_ws/install/astra_camera_msgs/include/astra_camera_msgs/astra_camera_msgs/srv/detail/get_camera_info__struct.hpp
[76.771s] -- Symlinking: /home/yzy/roverbot_ws/install/astra_camera_msgs/include/astra_camera_msgs/astra_camera_msgs/srv/detail/get_camera_info__traits.hpp
[76.806s] -- Symlinking: /home/yzy/roverbot_ws/install/astra_camera_msgs/include/astra_camera_msgs/astra_camera_msgs/srv/detail/get_camera_info__type_support.hpp
[76.841s] -- Symlinking: /home/yzy/roverbot_ws/install/astra_camera_msgs/include/astra_camera_msgs/astra_camera_msgs/srv/detail/get_camera_params__builder.hpp
[76.875s] -- Symlinking: /home/yzy/roverbot_ws/install/astra_camera_msgs/include/astra_camera_msgs/astra_camera_msgs/srv/detail/get_camera_params__struct.hpp
[76.908s] -- Symlinking: /home/yzy/roverbot_ws/install/astra_camera_msgs/include/astra_camera_msgs/astra_camera_msgs/srv/detail/get_camera_params__traits.hpp
[76.941s] -- Symlinking: /home/yzy/roverbot_ws/install/astra_camera_msgs/include/astra_camera_msgs/astra_camera_msgs/srv/detail/get_camera_params__type_support.hpp
[76.975s] -- Symlinking: /home/yzy/roverbot_ws/install/astra_camera_msgs/include/astra_camera_msgs/astra_camera_msgs/srv/detail/get_device_info__builder.hpp
[77.009s] -- Symlinking: /home/yzy/roverbot_ws/install/astra_camera_msgs/include/astra_camera_msgs/astra_camera_msgs/srv/detail/get_device_info__struct.hpp
[77.042s] -- Symlinking: /home/yzy/roverbot_ws/install/astra_camera_msgs/include/astra_camera_msgs/astra_camera_msgs/srv/detail/get_device_info__traits.hpp
[77.077s] -- Symlinking: /home/yzy/roverbot_ws/install/astra_camera_msgs/include/astra_camera_msgs/astra_camera_msgs/srv/detail/get_device_info__type_support.hpp
[77.111s] -- Symlinking: /home/yzy/roverbot_ws/install/astra_camera_msgs/include/astra_camera_msgs/astra_camera_msgs/srv/detail/get_int32__builder.hpp
[77.145s] -- Symlinking: /home/yzy/roverbot_ws/install/astra_camera_msgs/include/astra_camera_msgs/astra_camera_msgs/srv/detail/get_int32__struct.hpp
[77.177s] -- Symlinking: /home/yzy/roverbot_ws/install/astra_camera_msgs/include/astra_camera_msgs/astra_camera_msgs/srv/detail/get_int32__traits.hpp
[77.212s] -- Symlinking: /home/yzy/roverbot_ws/install/astra_camera_msgs/include/astra_camera_msgs/astra_camera_msgs/srv/detail/get_int32__type_support.hpp
[77.245s] -- Symlinking: /home/yzy/roverbot_ws/install/astra_camera_msgs/include/astra_camera_msgs/astra_camera_msgs/srv/detail/get_string__builder.hpp
[77.281s] -- Symlinking: /home/yzy/roverbot_ws/install/astra_camera_msgs/include/astra_camera_msgs/astra_camera_msgs/srv/detail/get_string__struct.hpp
[77.313s] -- Symlinking: /home/yzy/roverbot_ws/install/astra_camera_msgs/include/astra_camera_msgs/astra_camera_msgs/srv/detail/get_string__traits.hpp
[77.347s] -- Symlinking: /home/yzy/roverbot_ws/install/astra_camera_msgs/include/astra_camera_msgs/astra_camera_msgs/srv/detail/get_string__type_support.hpp
[77.380s] -- Symlinking: /home/yzy/roverbot_ws/install/astra_camera_msgs/include/astra_camera_msgs/astra_camera_msgs/srv/detail/set_int32__builder.hpp
[77.413s] -- Symlinking: /home/yzy/roverbot_ws/install/astra_camera_msgs/include/astra_camera_msgs/astra_camera_msgs/srv/detail/set_int32__struct.hpp
[77.446s] -- Symlinking: /home/yzy/roverbot_ws/install/astra_camera_msgs/include/astra_camera_msgs/astra_camera_msgs/srv/detail/set_int32__traits.hpp
[77.481s] -- Symlinking: /home/yzy/roverbot_ws/install/astra_camera_msgs/include/astra_camera_msgs/astra_camera_msgs/srv/detail/set_int32__type_support.hpp
[77.515s] -- Symlinking: /home/yzy/roverbot_ws/install/astra_camera_msgs/include/astra_camera_msgs/astra_camera_msgs/srv/get_camera_info.hpp
[77.548s] -- Symlinking: /home/yzy/roverbot_ws/install/astra_camera_msgs/include/astra_camera_msgs/astra_camera_msgs/srv/get_camera_params.hpp
[77.580s] -- Symlinking: /home/yzy/roverbot_ws/install/astra_camera_msgs/include/astra_camera_msgs/astra_camera_msgs/srv/get_device_info.hpp
[77.614s] -- Symlinking: /home/yzy/roverbot_ws/install/astra_camera_msgs/include/astra_camera_msgs/astra_camera_msgs/srv/get_int32.hpp
[77.648s] -- Symlinking: /home/yzy/roverbot_ws/install/astra_camera_msgs/include/astra_camera_msgs/astra_camera_msgs/srv/get_string.hpp
[77.680s] -- Symlinking: /home/yzy/roverbot_ws/install/astra_camera_msgs/include/astra_camera_msgs/astra_camera_msgs/srv/set_int32.hpp
[77.720s] -- Symlinking: /home/yzy/roverbot_ws/install/astra_camera_msgs/include/astra_camera_msgs/astra_camera_msgs/msg/detail/device_info__rosidl_typesupport_fastrtps_cpp.hpp
[77.756s] -- Symlinking: /home/yzy/roverbot_ws/install/astra_camera_msgs/include/astra_camera_msgs/astra_camera_msgs/msg/detail/extrinsics__rosidl_typesupport_fastrtps_cpp.hpp
[77.790s] -- Symlinking: /home/yzy/roverbot_ws/install/astra_camera_msgs/include/astra_camera_msgs/astra_camera_msgs/msg/detail/metadata__rosidl_typesupport_fastrtps_cpp.hpp
[77.823s] -- Symlinking: /home/yzy/roverbot_ws/install/astra_camera_msgs/include/astra_camera_msgs/astra_camera_msgs/msg/rosidl_typesupport_fastrtps_cpp__visibility_control.h
[77.857s] -- Symlinking: /home/yzy/roverbot_ws/install/astra_camera_msgs/include/astra_camera_msgs/astra_camera_msgs/srv/detail/get_camera_info__rosidl_typesupport_fastrtps_cpp.hpp
[77.891s] -- Symlinking: /home/yzy/roverbot_ws/install/astra_camera_msgs/include/astra_camera_msgs/astra_camera_msgs/srv/detail/get_camera_params__rosidl_typesupport_fastrtps_cpp.hpp
[77.926s] -- Symlinking: /home/yzy/roverbot_ws/install/astra_camera_msgs/include/astra_camera_msgs/astra_camera_msgs/srv/detail/get_device_info__rosidl_typesupport_fastrtps_cpp.hpp
[77.960s] -- Symlinking: /home/yzy/roverbot_ws/install/astra_camera_msgs/include/astra_camera_msgs/astra_camera_msgs/srv/detail/get_int32__rosidl_typesupport_fastrtps_cpp.hpp
[77.995s] -- Symlinking: /home/yzy/roverbot_ws/install/astra_camera_msgs/include/astra_camera_msgs/astra_camera_msgs/srv/detail/get_string__rosidl_typesupport_fastrtps_cpp.hpp
[78.028s] -- Symlinking: /home/yzy/roverbot_ws/install/astra_camera_msgs/include/astra_camera_msgs/astra_camera_msgs/srv/detail/set_int32__rosidl_typesupport_fastrtps_cpp.hpp
[78.064s] -- Symlinking: /home/yzy/roverbot_ws/install/astra_camera_msgs/include/astra_camera_msgs/astra_camera_msgs/msg/detail/device_info__rosidl_typesupport_introspection_cpp.hpp
[78.100s] -- Symlinking: /home/yzy/roverbot_ws/install/astra_camera_msgs/include/astra_camera_msgs/astra_camera_msgs/msg/detail/extrinsics__rosidl_typesupport_introspection_cpp.hpp
[78.134s] -- Symlinking: /home/yzy/roverbot_ws/install/astra_camera_msgs/include/astra_camera_msgs/astra_camera_msgs/msg/detail/metadata__rosidl_typesupport_introspection_cpp.hpp
[78.167s] -- Symlinking: /home/yzy/roverbot_ws/install/astra_camera_msgs/include/astra_camera_msgs/astra_camera_msgs/srv/detail/get_camera_info__rosidl_typesupport_introspection_cpp.hpp
[78.204s] -- Symlinking: /home/yzy/roverbot_ws/install/astra_camera_msgs/include/astra_camera_msgs/astra_camera_msgs/srv/detail/get_camera_params__rosidl_typesupport_introspection_cpp.hpp
[78.237s] -- Symlinking: /home/yzy/roverbot_ws/install/astra_camera_msgs/include/astra_camera_msgs/astra_camera_msgs/srv/detail/get_device_info__rosidl_typesupport_introspection_cpp.hpp
[78.291s] -- Symlinking: /home/yzy/roverbot_ws/install/astra_camera_msgs/include/astra_camera_msgs/astra_camera_msgs/srv/detail/get_int32__rosidl_typesupport_introspection_cpp.hpp
[78.331s] -- Symlinking: /home/yzy/roverbot_ws/install/astra_camera_msgs/include/astra_camera_msgs/astra_camera_msgs/srv/detail/get_string__rosidl_typesupport_introspection_cpp.hpp
[78.364s] -- Symlinking: /home/yzy/roverbot_ws/install/astra_camera_msgs/include/astra_camera_msgs/astra_camera_msgs/srv/detail/set_int32__rosidl_typesupport_introspection_cpp.hpp
[78.397s] -- Symlinking: /home/yzy/roverbot_ws/install/astra_camera_msgs/share/astra_camera_msgs/environment/pythonpath.sh
[78.430s] -- Symlinking: /home/yzy/roverbot_ws/install/astra_camera_msgs/share/astra_camera_msgs/environment/pythonpath.dsv
[78.467s] -- Symlinking: /home/yzy/roverbot_ws/install/astra_camera_msgs/local/lib/python3.10/dist-packages/astra_camera_msgs-1.0.1-py3.10.egg-info/PKG-INFO
[78.501s] -- Symlinking: /home/yzy/roverbot_ws/install/astra_camera_msgs/local/lib/python3.10/dist-packages/astra_camera_msgs-1.0.1-py3.10.egg-info/SOURCES.txt
[78.534s] -- Symlinking: /home/yzy/roverbot_ws/install/astra_camera_msgs/local/lib/python3.10/dist-packages/astra_camera_msgs-1.0.1-py3.10.egg-info/dependency_links.txt
[78.567s] -- Symlinking: /home/yzy/roverbot_ws/install/astra_camera_msgs/local/lib/python3.10/dist-packages/astra_camera_msgs-1.0.1-py3.10.egg-info/top_level.txt
[78.608s] -- Symlinking: /home/yzy/roverbot_ws/install/astra_camera_msgs/local/lib/python3.10/dist-packages/astra_camera_msgs/__init__.py
[78.640s] -- Symlinking: /home/yzy/roverbot_ws/install/astra_camera_msgs/local/lib/python3.10/dist-packages/astra_camera_msgs/_astra_camera_msgs_s.ep.rosidl_typesupport_c.c
[78.674s] -- Symlinking: /home/yzy/roverbot_ws/install/astra_camera_msgs/local/lib/python3.10/dist-packages/astra_camera_msgs/_astra_camera_msgs_s.ep.rosidl_typesupport_fastrtps_c.c
[78.708s] -- Symlinking: /home/yzy/roverbot_ws/install/astra_camera_msgs/local/lib/python3.10/dist-packages/astra_camera_msgs/_astra_camera_msgs_s.ep.rosidl_typesupport_introspection_c.c
[78.741s] -- Symlinking: /home/yzy/roverbot_ws/install/astra_camera_msgs/local/lib/python3.10/dist-packages/astra_camera_msgs/astra_camera_msgs_s__rosidl_typesupport_c.cpython-310-aarch64-linux-gnu.so
[78.774s] -- Symlinking: /home/yzy/roverbot_ws/install/astra_camera_msgs/local/lib/python3.10/dist-packages/astra_camera_msgs/astra_camera_msgs_s__rosidl_typesupport_fastrtps_c.cpython-310-aarch64-linux-gnu.so
[78.808s] -- Symlinking: /home/yzy/roverbot_ws/install/astra_camera_msgs/local/lib/python3.10/dist-packages/astra_camera_msgs/astra_camera_msgs_s__rosidl_typesupport_introspection_c.cpython-310-aarch64-linux-gnu.so
[78.841s] -- Symlinking: /home/yzy/roverbot_ws/install/astra_camera_msgs/local/lib/python3.10/dist-packages/astra_camera_msgs/libastra_camera_msgs__rosidl_generator_py.so
[78.876s] -- Symlinking: /home/yzy/roverbot_ws/install/astra_camera_msgs/local/lib/python3.10/dist-packages/astra_camera_msgs/msg/__init__.py
[78.909s] -- Symlinking: /home/yzy/roverbot_ws/install/astra_camera_msgs/local/lib/python3.10/dist-packages/astra_camera_msgs/msg/_device_info.py
[78.943s] -- Symlinking: /home/yzy/roverbot_ws/install/astra_camera_msgs/local/lib/python3.10/dist-packages/astra_camera_msgs/msg/_device_info_s.c
[78.977s] -- Symlinking: /home/yzy/roverbot_ws/install/astra_camera_msgs/local/lib/python3.10/dist-packages/astra_camera_msgs/msg/_extrinsics.py
[79.010s] -- Symlinking: /home/yzy/roverbot_ws/install/astra_camera_msgs/local/lib/python3.10/dist-packages/astra_camera_msgs/msg/_extrinsics_s.c
[79.045s] -- Symlinking: /home/yzy/roverbot_ws/install/astra_camera_msgs/local/lib/python3.10/dist-packages/astra_camera_msgs/msg/_metadata.py
[79.078s] -- Symlinking: /home/yzy/roverbot_ws/install/astra_camera_msgs/local/lib/python3.10/dist-packages/astra_camera_msgs/msg/_metadata_s.c
[79.111s] -- Symlinking: /home/yzy/roverbot_ws/install/astra_camera_msgs/local/lib/python3.10/dist-packages/astra_camera_msgs/srv/__init__.py
[79.144s] -- Symlinking: /home/yzy/roverbot_ws/install/astra_camera_msgs/local/lib/python3.10/dist-packages/astra_camera_msgs/srv/_get_camera_info.py
[79.178s] -- Symlinking: /home/yzy/roverbot_ws/install/astra_camera_msgs/local/lib/python3.10/dist-packages/astra_camera_msgs/srv/_get_camera_info_s.c
[79.211s] -- Symlinking: /home/yzy/roverbot_ws/install/astra_camera_msgs/local/lib/python3.10/dist-packages/astra_camera_msgs/srv/_get_camera_params.py
[79.244s] -- Symlinking: /home/yzy/roverbot_ws/install/astra_camera_msgs/local/lib/python3.10/dist-packages/astra_camera_msgs/srv/_get_camera_params_s.c
[79.277s] -- Symlinking: /home/yzy/roverbot_ws/install/astra_camera_msgs/local/lib/python3.10/dist-packages/astra_camera_msgs/srv/_get_device_info.py
[79.311s] -- Symlinking: /home/yzy/roverbot_ws/install/astra_camera_msgs/local/lib/python3.10/dist-packages/astra_camera_msgs/srv/_get_device_info_s.c
[79.345s] -- Symlinking: /home/yzy/roverbot_ws/install/astra_camera_msgs/local/lib/python3.10/dist-packages/astra_camera_msgs/srv/_get_int32.py
[79.379s] -- Symlinking: /home/yzy/roverbot_ws/install/astra_camera_msgs/local/lib/python3.10/dist-packages/astra_camera_msgs/srv/_get_int32_s.c
[79.414s] -- Symlinking: /home/yzy/roverbot_ws/install/astra_camera_msgs/local/lib/python3.10/dist-packages/astra_camera_msgs/srv/_get_string.py
[79.446s] -- Symlinking: /home/yzy/roverbot_ws/install/astra_camera_msgs/local/lib/python3.10/dist-packages/astra_camera_msgs/srv/_get_string_s.c
[79.479s] -- Symlinking: /home/yzy/roverbot_ws/install/astra_camera_msgs/local/lib/python3.10/dist-packages/astra_camera_msgs/srv/_set_int32.py
[79.512s] -- Symlinking: /home/yzy/roverbot_ws/install/astra_camera_msgs/local/lib/python3.10/dist-packages/astra_camera_msgs/srv/_set_int32_s.c
[79.547s] -- Up-to-date symlink: /home/yzy/roverbot_ws/install/astra_camera_msgs/local/lib/python3.10/dist-packages/astra_camera_msgs/astra_camera_msgs_s__rosidl_typesupport_fastrtps_c.cpython-310-aarch64-linux-gnu.so
[79.548s] -- Up-to-date symlink: /home/yzy/roverbot_ws/install/astra_camera_msgs/local/lib/python3.10/dist-packages/astra_camera_msgs/astra_camera_msgs_s__rosidl_typesupport_introspection_c.cpython-310-aarch64-linux-gnu.so
[79.550s] -- Up-to-date symlink: /home/yzy/roverbot_ws/install/astra_camera_msgs/local/lib/python3.10/dist-packages/astra_camera_msgs/astra_camera_msgs_s__rosidl_typesupport_c.cpython-310-aarch64-linux-gnu.so
[79.551s] -- Symlinking: /home/yzy/roverbot_ws/install/astra_camera_msgs/share/ament_index/resource_index/rust_packages/astra_camera_msgs
[79.586s] -- Symlinking: /home/yzy/roverbot_ws/install/astra_camera_msgs/share/astra_camera_msgs/rust/Cargo.toml
[79.620s] -- Symlinking: /home/yzy/roverbot_ws/install/astra_camera_msgs/share/astra_camera_msgs/rust/build.rs
[79.653s] -- Symlinking: /home/yzy/roverbot_ws/install/astra_camera_msgs/share/astra_camera_msgs/rust/src/lib.rs
[79.688s] -- Symlinking: /home/yzy/roverbot_ws/install/astra_camera_msgs/share/astra_camera_msgs/rust/src/msg.rs
[79.722s] -- Symlinking: /home/yzy/roverbot_ws/install/astra_camera_msgs/share/astra_camera_msgs/rust/src/msg/rmw.rs
[79.755s] -- Symlinking: /home/yzy/roverbot_ws/install/astra_camera_msgs/share/astra_camera_msgs/rust/src/srv.rs
[79.789s] -- Symlinking: /home/yzy/roverbot_ws/install/astra_camera_msgs/share/astra_camera_msgs/rust/src/srv/rmw.rs
[79.823s] -- Symlinking: /home/yzy/roverbot_ws/install/astra_camera_msgs/share/astra_camera_msgs/msg/DeviceInfo.idl
[79.857s] -- Symlinking: /home/yzy/roverbot_ws/install/astra_camera_msgs/share/astra_camera_msgs/msg/Extrinsics.idl
[79.891s] -- Symlinking: /home/yzy/roverbot_ws/install/astra_camera_msgs/share/astra_camera_msgs/msg/Metadata.idl
[79.924s] -- Symlinking: /home/yzy/roverbot_ws/install/astra_camera_msgs/share/astra_camera_msgs/srv/GetDeviceInfo.idl
[79.958s] -- Symlinking: /home/yzy/roverbot_ws/install/astra_camera_msgs/share/astra_camera_msgs/srv/GetCameraInfo.idl
[79.991s] -- Symlinking: /home/yzy/roverbot_ws/install/astra_camera_msgs/share/astra_camera_msgs/srv/GetCameraParams.idl
[80.024s] -- Symlinking: /home/yzy/roverbot_ws/install/astra_camera_msgs/share/astra_camera_msgs/srv/GetInt32.idl
[80.058s] -- Symlinking: /home/yzy/roverbot_ws/install/astra_camera_msgs/share/astra_camera_msgs/srv/GetString.idl
[80.092s] -- Symlinking: /home/yzy/roverbot_ws/install/astra_camera_msgs/share/astra_camera_msgs/srv/SetInt32.idl
[80.125s] -- Symlinking: /home/yzy/roverbot_ws/install/astra_camera_msgs/share/astra_camera_msgs/msg/DeviceInfo.msg
[80.158s] -- Symlinking: /home/yzy/roverbot_ws/install/astra_camera_msgs/share/astra_camera_msgs/msg/Extrinsics.msg
[80.192s] -- Symlinking: /home/yzy/roverbot_ws/install/astra_camera_msgs/share/astra_camera_msgs/msg/Metadata.msg
[80.225s] -- Symlinking: /home/yzy/roverbot_ws/install/astra_camera_msgs/share/astra_camera_msgs/srv/GetDeviceInfo.srv
[80.259s] -- Symlinking: /home/yzy/roverbot_ws/install/astra_camera_msgs/share/astra_camera_msgs/srv/GetDeviceInfo_Request.msg
[80.295s] -- Symlinking: /home/yzy/roverbot_ws/install/astra_camera_msgs/share/astra_camera_msgs/srv/GetDeviceInfo_Response.msg
[80.330s] -- Symlinking: /home/yzy/roverbot_ws/install/astra_camera_msgs/share/astra_camera_msgs/srv/GetCameraInfo.srv
[80.366s] -- Symlinking: /home/yzy/roverbot_ws/install/astra_camera_msgs/share/astra_camera_msgs/srv/GetCameraInfo_Request.msg
[80.400s] -- Symlinking: /home/yzy/roverbot_ws/install/astra_camera_msgs/share/astra_camera_msgs/srv/GetCameraInfo_Response.msg
[80.434s] -- Symlinking: /home/yzy/roverbot_ws/install/astra_camera_msgs/share/astra_camera_msgs/srv/GetCameraParams.srv
[80.467s] -- Symlinking: /home/yzy/roverbot_ws/install/astra_camera_msgs/share/astra_camera_msgs/srv/GetCameraParams_Request.msg
[80.501s] -- Symlinking: /home/yzy/roverbot_ws/install/astra_camera_msgs/share/astra_camera_msgs/srv/GetCameraParams_Response.msg
[80.535s] -- Symlinking: /home/yzy/roverbot_ws/install/astra_camera_msgs/share/astra_camera_msgs/srv/GetInt32.srv
[80.569s] -- Symlinking: /home/yzy/roverbot_ws/install/astra_camera_msgs/share/astra_camera_msgs/srv/GetInt32_Request.msg
[80.603s] -- Symlinking: /home/yzy/roverbot_ws/install/astra_camera_msgs/share/astra_camera_msgs/srv/GetInt32_Response.msg
[80.635s] -- Symlinking: /home/yzy/roverbot_ws/install/astra_camera_msgs/share/astra_camera_msgs/srv/GetString.srv
[80.669s] -- Symlinking: /home/yzy/roverbot_ws/install/astra_camera_msgs/share/astra_camera_msgs/srv/GetString_Request.msg
[80.702s] -- Symlinking: /home/yzy/roverbot_ws/install/astra_camera_msgs/share/astra_camera_msgs/srv/GetString_Response.msg
[80.735s] -- Symlinking: /home/yzy/roverbot_ws/install/astra_camera_msgs/share/astra_camera_msgs/srv/SetInt32.srv
[80.768s] -- Symlinking: /home/yzy/roverbot_ws/install/astra_camera_msgs/share/astra_camera_msgs/srv/SetInt32_Request.msg
[80.802s] -- Symlinking: /home/yzy/roverbot_ws/install/astra_camera_msgs/share/astra_camera_msgs/srv/SetInt32_Response.msg
[80.836s] -- Symlinking: /home/yzy/roverbot_ws/install/astra_camera_msgs/share/ament_index/resource_index/package_run_dependencies/astra_camera_msgs
[80.871s] -- Symlinking: /home/yzy/roverbot_ws/install/astra_camera_msgs/share/ament_index/resource_index/parent_prefix_path/astra_camera_msgs
[80.905s] -- Symlinking: /home/yzy/roverbot_ws/install/astra_camera_msgs/share/astra_camera_msgs/environment/ament_prefix_path.sh
[80.939s] -- Symlinking: /home/yzy/roverbot_ws/install/astra_camera_msgs/share/astra_camera_msgs/environment/ament_prefix_path.dsv
[80.972s] -- Symlinking: /home/yzy/roverbot_ws/install/astra_camera_msgs/share/astra_camera_msgs/environment/path.sh
[81.007s] -- Symlinking: /home/yzy/roverbot_ws/install/astra_camera_msgs/share/astra_camera_msgs/environment/path.dsv
[81.040s] -- Symlinking: /home/yzy/roverbot_ws/install/astra_camera_msgs/share/astra_camera_msgs/local_setup.bash
[81.075s] -- Symlinking: /home/yzy/roverbot_ws/install/astra_camera_msgs/share/astra_camera_msgs/local_setup.sh
[81.108s] -- Symlinking: /home/yzy/roverbot_ws/install/astra_camera_msgs/share/astra_camera_msgs/local_setup.zsh
[81.141s] -- Symlinking: /home/yzy/roverbot_ws/install/astra_camera_msgs/share/astra_camera_msgs/local_setup.dsv
[81.174s] -- Symlinking: /home/yzy/roverbot_ws/install/astra_camera_msgs/share/astra_camera_msgs/package.dsv
[81.207s] -- Symlinking: /home/yzy/roverbot_ws/install/astra_camera_msgs/share/ament_index/resource_index/packages/astra_camera_msgs
[81.242s] -- Symlinking: /home/yzy/roverbot_ws/install/astra_camera_msgs/share/astra_camera_msgs/cmake/rosidl_cmake-extras.cmake
[81.276s] -- Symlinking: /home/yzy/roverbot_ws/install/astra_camera_msgs/share/astra_camera_msgs/cmake/ament_cmake_export_dependencies-extras.cmake
[81.313s] -- Symlinking: /home/yzy/roverbot_ws/install/astra_camera_msgs/share/astra_camera_msgs/cmake/ament_cmake_export_include_directories-extras.cmake
[81.346s] -- Symlinking: /home/yzy/roverbot_ws/install/astra_camera_msgs/share/astra_camera_msgs/cmake/ament_cmake_export_libraries-extras.cmake
[81.380s] -- Symlinking: /home/yzy/roverbot_ws/install/astra_camera_msgs/share/astra_camera_msgs/cmake/ament_cmake_export_targets-extras.cmake
[81.416s] -- Symlinking: /home/yzy/roverbot_ws/install/astra_camera_msgs/share/astra_camera_msgs/cmake/rosidl_cmake_export_typesupport_targets-extras.cmake
[81.452s] -- Symlinking: /home/yzy/roverbot_ws/install/astra_camera_msgs/share/astra_camera_msgs/cmake/rosidl_cmake_export_typesupport_libraries-extras.cmake
[81.485s] -- Symlinking: /home/yzy/roverbot_ws/install/astra_camera_msgs/share/astra_camera_msgs/cmake/astra_camera_msgsConfig.cmake
[81.518s] -- Symlinking: /home/yzy/roverbot_ws/install/astra_camera_msgs/share/astra_camera_msgs/cmake/astra_camera_msgsConfig-version.cmake
[81.552s] -- Symlinking: /home/yzy/roverbot_ws/install/astra_camera_msgs/share/astra_camera_msgs/package.xml
[81.585s] -- Installing: /home/yzy/roverbot_ws/install/astra_camera_msgs/lib/libastra_camera_msgs__rosidl_generator_c.so
[81.589s] -- Set runtime path of "/home/yzy/roverbot_ws/install/astra_camera_msgs/lib/libastra_camera_msgs__rosidl_generator_c.so" to ""
[81.589s] -- Installing: /home/yzy/roverbot_ws/install/astra_camera_msgs/lib/libastra_camera_msgs__rosidl_typesupport_fastrtps_c.so
[81.594s] -- Set runtime path of "/home/yzy/roverbot_ws/install/astra_camera_msgs/lib/libastra_camera_msgs__rosidl_typesupport_fastrtps_c.so" to ""
[81.595s] -- Installing: /home/yzy/roverbot_ws/install/astra_camera_msgs/lib/libastra_camera_msgs__rosidl_typesupport_introspection_c.so
[81.599s] -- Set runtime path of "/home/yzy/roverbot_ws/install/astra_camera_msgs/lib/libastra_camera_msgs__rosidl_typesupport_introspection_c.so" to ""
[81.600s] -- Installing: /home/yzy/roverbot_ws/install/astra_camera_msgs/lib/libastra_camera_msgs__rosidl_typesupport_c.so
[81.603s] -- Set runtime path of "/home/yzy/roverbot_ws/install/astra_camera_msgs/lib/libastra_camera_msgs__rosidl_typesupport_c.so" to ""
[81.603s] -- Installing: /home/yzy/roverbot_ws/install/astra_camera_msgs/lib/libastra_camera_msgs__rosidl_typesupport_fastrtps_cpp.so
[81.607s] -- Set runtime path of "/home/yzy/roverbot_ws/install/astra_camera_msgs/lib/libastra_camera_msgs__rosidl_typesupport_fastrtps_cpp.so" to ""
[81.608s] -- Installing: /home/yzy/roverbot_ws/install/astra_camera_msgs/lib/libastra_camera_msgs__rosidl_typesupport_introspection_cpp.so
[81.612s] -- Set runtime path of "/home/yzy/roverbot_ws/install/astra_camera_msgs/lib/libastra_camera_msgs__rosidl_typesupport_introspection_cpp.so" to ""
[81.612s] -- Installing: /home/yzy/roverbot_ws/install/astra_camera_msgs/lib/libastra_camera_msgs__rosidl_typesupport_cpp.so
[81.615s] -- Set runtime path of "/home/yzy/roverbot_ws/install/astra_camera_msgs/lib/libastra_camera_msgs__rosidl_typesupport_cpp.so" to ""
[81.858s] Listing '/home/yzy/roverbot_ws/install/astra_camera_msgs/local/lib/python3.10/dist-packages/astra_camera_msgs'...
[81.859s] Compiling '/home/yzy/roverbot_ws/install/astra_camera_msgs/local/lib/python3.10/dist-packages/astra_camera_msgs/__init__.py'...
[81.860s] Listing '/home/yzy/roverbot_ws/install/astra_camera_msgs/local/lib/python3.10/dist-packages/astra_camera_msgs/msg'...
[81.860s] Compiling '/home/yzy/roverbot_ws/install/astra_camera_msgs/local/lib/python3.10/dist-packages/astra_camera_msgs/msg/__init__.py'...
[81.862s] Compiling '/home/yzy/roverbot_ws/install/astra_camera_msgs/local/lib/python3.10/dist-packages/astra_camera_msgs/msg/_device_info.py'...
[81.863s] Compiling '/home/yzy/roverbot_ws/install/astra_camera_msgs/local/lib/python3.10/dist-packages/astra_camera_msgs/msg/_extrinsics.py'...
[81.864s] Compiling '/home/yzy/roverbot_ws/install/astra_camera_msgs/local/lib/python3.10/dist-packages/astra_camera_msgs/msg/_metadata.py'...
[81.865s] Listing '/home/yzy/roverbot_ws/install/astra_camera_msgs/local/lib/python3.10/dist-packages/astra_camera_msgs/srv'...
[81.866s] Compiling '/home/yzy/roverbot_ws/install/astra_camera_msgs/local/lib/python3.10/dist-packages/astra_camera_msgs/srv/__init__.py'...
[81.867s] Compiling '/home/yzy/roverbot_ws/install/astra_camera_msgs/local/lib/python3.10/dist-packages/astra_camera_msgs/srv/_get_camera_info.py'...
[81.868s] Compiling '/home/yzy/roverbot_ws/install/astra_camera_msgs/local/lib/python3.10/dist-packages/astra_camera_msgs/srv/_get_camera_params.py'...
[81.869s] Compiling '/home/yzy/roverbot_ws/install/astra_camera_msgs/local/lib/python3.10/dist-packages/astra_camera_msgs/srv/_get_device_info.py'...
[81.870s] Compiling '/home/yzy/roverbot_ws/install/astra_camera_msgs/local/lib/python3.10/dist-packages/astra_camera_msgs/srv/_get_int32.py'...
[81.871s] Compiling '/home/yzy/roverbot_ws/install/astra_camera_msgs/local/lib/python3.10/dist-packages/astra_camera_msgs/srv/_get_string.py'...
[81.871s] Compiling '/home/yzy/roverbot_ws/install/astra_camera_msgs/local/lib/python3.10/dist-packages/astra_camera_msgs/srv/_set_int32.py'...
[81.885s] -- Installing: /home/yzy/roverbot_ws/install/astra_camera_msgs/lib/libastra_camera_msgs__rosidl_generator_py.so
[81.888s] -- Set runtime path of "/home/yzy/roverbot_ws/install/astra_camera_msgs/lib/libastra_camera_msgs__rosidl_generator_py.so" to ""
[81.889s] -- Installing: /home/yzy/roverbot_ws/install/astra_camera_msgs/share/astra_camera_msgs/cmake/export_astra_camera_msgs__rosidl_generator_cExport.cmake
[81.890s] -- Installing: /home/yzy/roverbot_ws/install/astra_camera_msgs/share/astra_camera_msgs/cmake/export_astra_camera_msgs__rosidl_generator_cExport-noconfig.cmake
[81.892s] -- Installing: /home/yzy/roverbot_ws/install/astra_camera_msgs/share/astra_camera_msgs/cmake/export_astra_camera_msgs__rosidl_typesupport_fastrtps_cExport.cmake
[81.893s] -- Installing: /home/yzy/roverbot_ws/install/astra_camera_msgs/share/astra_camera_msgs/cmake/export_astra_camera_msgs__rosidl_typesupport_fastrtps_cExport-noconfig.cmake
[81.895s] -- Installing: /home/yzy/roverbot_ws/install/astra_camera_msgs/share/astra_camera_msgs/cmake/astra_camera_msgs__rosidl_typesupport_introspection_cExport.cmake
[81.896s] -- Installing: /home/yzy/roverbot_ws/install/astra_camera_msgs/share/astra_camera_msgs/cmake/astra_camera_msgs__rosidl_typesupport_introspection_cExport-noconfig.cmake
[81.898s] -- Installing: /home/yzy/roverbot_ws/install/astra_camera_msgs/share/astra_camera_msgs/cmake/astra_camera_msgs__rosidl_typesupport_cExport.cmake
[81.899s] -- Installing: /home/yzy/roverbot_ws/install/astra_camera_msgs/share/astra_camera_msgs/cmake/astra_camera_msgs__rosidl_typesupport_cExport-noconfig.cmake
[81.901s] -- Installing: /home/yzy/roverbot_ws/install/astra_camera_msgs/share/astra_camera_msgs/cmake/export_astra_camera_msgs__rosidl_generator_cppExport.cmake
[81.902s] -- Installing: /home/yzy/roverbot_ws/install/astra_camera_msgs/share/astra_camera_msgs/cmake/export_astra_camera_msgs__rosidl_typesupport_fastrtps_cppExport.cmake
[81.904s] -- Installing: /home/yzy/roverbot_ws/install/astra_camera_msgs/share/astra_camera_msgs/cmake/export_astra_camera_msgs__rosidl_typesupport_fastrtps_cppExport-noconfig.cmake
[81.905s] -- Installing: /home/yzy/roverbot_ws/install/astra_camera_msgs/share/astra_camera_msgs/cmake/astra_camera_msgs__rosidl_typesupport_introspection_cppExport.cmake
[81.907s] -- Installing: /home/yzy/roverbot_ws/install/astra_camera_msgs/share/astra_camera_msgs/cmake/astra_camera_msgs__rosidl_typesupport_introspection_cppExport-noconfig.cmake
[81.908s] -- Installing: /home/yzy/roverbot_ws/install/astra_camera_msgs/share/astra_camera_msgs/cmake/astra_camera_msgs__rosidl_typesupport_cppExport.cmake
[81.910s] -- Installing: /home/yzy/roverbot_ws/install/astra_camera_msgs/share/astra_camera_msgs/cmake/astra_camera_msgs__rosidl_typesupport_cppExport-noconfig.cmake
[81.911s] -- Installing: /home/yzy/roverbot_ws/install/astra_camera_msgs/share/astra_camera_msgs/cmake/export_astra_camera_msgs__rosidl_generator_pyExport.cmake
[81.913s] -- Installing: /home/yzy/roverbot_ws/install/astra_camera_msgs/share/astra_camera_msgs/cmake/export_astra_camera_msgs__rosidl_generator_pyExport-noconfig.cmake
[81.922s] Invoked command in '/home/yzy/roverbot_ws/build/astra_camera_msgs' returned '0': CMAKE_PREFIX_PATH=${CMAKE_PREFIX_PATH}:/home/yzy/roverbot_ws/install/roverbot_chassis_driver:/opt/ros/humble /usr/bin/cmake --install /home/yzy/roverbot_ws/build/astra_camera_msgs
