-- Found ament_cmake: 1.3.14 (/opt/ros/humble/share/ament_cmake/cmake)
-- Override CMake install command with custom implementation using symlinks instead of copying resources
-- Found ament_lint_auto: 0.12.15 (/opt/ros/humble/share/ament_lint_auto/cmake)
-- Added test 'lint_cmake' to check CMake code style
-- Added test 'xmllint' to check XML markup files
-- Configuring done
-- Generating done
-- Build files have been written to: /home/yzy/roverbot_ws/build/roverbot_description
-- Install configuration: ""
-- Execute custom install script
-- Up-to-date symlink: /home/yzy/roverbot_ws/install/roverbot_description/share/roverbot_description/urdf/roverbot.urdf
-- Up-to-date symlink: /home/yzy/roverbot_ws/install/roverbot_description/share/ament_index/resource_index/package_run_dependencies/roverbot_description
-- Up-to-date symlink: /home/yzy/roverbot_ws/install/roverbot_description/share/ament_index/resource_index/parent_prefix_path/roverbot_description
-- Up-to-date symlink: /home/yzy/roverbot_ws/install/roverbot_description/share/roverbot_description/environment/ament_prefix_path.sh
-- Up-to-date symlink: /home/yzy/roverbot_ws/install/roverbot_description/share/roverbot_description/environment/ament_prefix_path.dsv
-- Up-to-date symlink: /home/yzy/roverbot_ws/install/roverbot_description/share/roverbot_description/environment/path.sh
-- Up-to-date symlink: /home/yzy/roverbot_ws/install/roverbot_description/share/roverbot_description/environment/path.dsv
-- Up-to-date symlink: /home/yzy/roverbot_ws/install/roverbot_description/share/roverbot_description/local_setup.bash
-- Up-to-date symlink: /home/yzy/roverbot_ws/install/roverbot_description/share/roverbot_description/local_setup.sh
-- Up-to-date symlink: /home/yzy/roverbot_ws/install/roverbot_description/share/roverbot_description/local_setup.zsh
-- Up-to-date symlink: /home/yzy/roverbot_ws/install/roverbot_description/share/roverbot_description/local_setup.dsv
-- Symlinking: /home/yzy/roverbot_ws/install/roverbot_description/share/roverbot_description/package.dsv
-- Up-to-date symlink: /home/yzy/roverbot_ws/install/roverbot_description/share/ament_index/resource_index/packages/roverbot_description
-- Up-to-date symlink: /home/yzy/roverbot_ws/install/roverbot_description/share/roverbot_description/cmake/roverbot_descriptionConfig.cmake
-- Up-to-date symlink: /home/yzy/roverbot_ws/install/roverbot_description/share/roverbot_description/cmake/roverbot_descriptionConfig-version.cmake
-- Up-to-date symlink: /home/yzy/roverbot_ws/install/roverbot_description/share/roverbot_description/package.xml
