[0.096s] Invoking command in '/home/yzy/roverbot_ws/build/roverbot_description': CMAKE_PREFIX_PATH=${CMAKE_PREFIX_PATH}:/home/yzy/roverbot_ws/install/roverbot_chassis_driver:/opt/ros/humble /usr/bin/cmake /home/yzy/roverbot_ws/src/roverbot_description -DCMAKE_INSTALL_PREFIX=/home/yzy/roverbot_ws/install/roverbot_description
[0.214s] -- Found ament_cmake: 1.3.14 (/opt/ros/humble/share/ament_cmake/cmake)
[1.078s] -- Override CMake install command with custom implementation using symlinks instead of copying resources
[1.188s] -- Found ament_lint_auto: 0.12.15 (/opt/ros/humble/share/ament_lint_auto/cmake)
[1.766s] -- Added test 'lint_cmake' to check CMake code style
[1.774s] -- Added test 'xmllint' to check XML markup files
[1.786s] -- Configuring done
[1.843s] -- Generating done
[1.863s] -- Build files have been written to: /home/yzy/roverbot_ws/build/roverbot_description
[1.898s] Invoked command in '/home/yzy/roverbot_ws/build/roverbot_description' returned '0': CMAKE_PREFIX_PATH=${CMAKE_PREFIX_PATH}:/home/yzy/roverbot_ws/install/roverbot_chassis_driver:/opt/ros/humble /usr/bin/cmake /home/yzy/roverbot_ws/src/roverbot_description -DCMAKE_INSTALL_PREFIX=/home/yzy/roverbot_ws/install/roverbot_description
[1.908s] Invoking command in '/home/yzy/roverbot_ws/build/roverbot_description': CMAKE_PREFIX_PATH=${CMAKE_PREFIX_PATH}:/home/yzy/roverbot_ws/install/roverbot_chassis_driver:/opt/ros/humble /usr/bin/cmake --build /home/yzy/roverbot_ws/build/roverbot_description -- -j4 -l4
[2.217s] Invoked command in '/home/yzy/roverbot_ws/build/roverbot_description' returned '0': CMAKE_PREFIX_PATH=${CMAKE_PREFIX_PATH}:/home/yzy/roverbot_ws/install/roverbot_chassis_driver:/opt/ros/humble /usr/bin/cmake --build /home/yzy/roverbot_ws/build/roverbot_description -- -j4 -l4
[2.243s] Invoking command in '/home/yzy/roverbot_ws/build/roverbot_description': CMAKE_PREFIX_PATH=${CMAKE_PREFIX_PATH}:/home/yzy/roverbot_ws/install/roverbot_chassis_driver:/opt/ros/humble /usr/bin/cmake --install /home/yzy/roverbot_ws/build/roverbot_description
[2.342s] -- Install configuration: ""
[2.344s] -- Execute custom install script
[2.347s] -- Up-to-date symlink: /home/yzy/roverbot_ws/install/roverbot_description/share/roverbot_description/urdf/roverbot.urdf
[2.357s] -- Up-to-date symlink: /home/yzy/roverbot_ws/install/roverbot_description/share/ament_index/resource_index/package_run_dependencies/roverbot_description
[2.362s] -- Up-to-date symlink: /home/yzy/roverbot_ws/install/roverbot_description/share/ament_index/resource_index/parent_prefix_path/roverbot_description
[2.363s] -- Up-to-date symlink: /home/yzy/roverbot_ws/install/roverbot_description/share/roverbot_description/environment/ament_prefix_path.sh
[2.364s] -- Up-to-date symlink: /home/yzy/roverbot_ws/install/roverbot_description/share/roverbot_description/environment/ament_prefix_path.dsv
[2.365s] -- Up-to-date symlink: /home/yzy/roverbot_ws/install/roverbot_description/share/roverbot_description/environment/path.sh
[2.365s] -- Up-to-date symlink: /home/yzy/roverbot_ws/install/roverbot_description/share/roverbot_description/environment/path.dsv
[2.366s] -- Up-to-date symlink: /home/yzy/roverbot_ws/install/roverbot_description/share/roverbot_description/local_setup.bash
[2.367s] -- Up-to-date symlink: /home/yzy/roverbot_ws/install/roverbot_description/share/roverbot_description/local_setup.sh
[2.381s] -- Up-to-date symlink: /home/yzy/roverbot_ws/install/roverbot_description/share/roverbot_description/local_setup.zsh
[2.382s] -- Up-to-date symlink: /home/yzy/roverbot_ws/install/roverbot_description/share/roverbot_description/local_setup.dsv
[2.383s] -- Symlinking: /home/yzy/roverbot_ws/install/roverbot_description/share/roverbot_description/package.dsv
[2.477s] -- Up-to-date symlink: /home/yzy/roverbot_ws/install/roverbot_description/share/ament_index/resource_index/packages/roverbot_description
[2.497s] -- Up-to-date symlink: /home/yzy/roverbot_ws/install/roverbot_description/share/roverbot_description/cmake/roverbot_descriptionConfig.cmake
[2.499s] -- Up-to-date symlink: /home/yzy/roverbot_ws/install/roverbot_description/share/roverbot_description/cmake/roverbot_descriptionConfig-version.cmake
[2.501s] -- Up-to-date symlink: /home/yzy/roverbot_ws/install/roverbot_description/share/roverbot_description/package.xml
[2.520s] Invoked command in '/home/yzy/roverbot_ws/build/roverbot_description' returned '0': CMAKE_PREFIX_PATH=${CMAKE_PREFIX_PATH}:/home/yzy/roverbot_ws/install/roverbot_chassis_driver:/opt/ros/humble /usr/bin/cmake --install /home/yzy/roverbot_ws/build/roverbot_description
