[0.071s] Invoking command in '/home/yzy/roverbot_ws/build/ldlidar_ros2': CMAKE_PREFIX_PATH=/opt/ros/humble /usr/bin/cmake --build /home/yzy/roverbot_ws/build/ldlidar_ros2 -- -j4 -l4
[0.500s] [ 84%] Built target ldlidar_driver
[0.591s] [100%] Built target ldlidar_ros2_node
[0.630s] Invoked command in '/home/yzy/roverbot_ws/build/ldlidar_ros2' returned '0': CMAKE_PREFIX_PATH=/opt/ros/humble /usr/bin/cmake --build /home/yzy/roverbot_ws/build/ldlidar_ros2 -- -j4 -l4
[0.640s] Invoking command in '/home/yzy/roverbot_ws/build/ldlidar_ros2': CMAKE_PREFIX_PATH=/opt/ros/humble /usr/bin/cmake --install /home/yzy/roverbot_ws/build/ldlidar_ros2
[0.680s] -- Install configuration: ""
[0.683s] -- Execute custom install script
[0.688s] -- Up-to-date symlink: /home/yzy/roverbot_ws/install/ldlidar_ros2/lib/ldlidar_ros2/ldlidar_ros2_node
[0.691s] -- Up-to-date symlink: /home/yzy/roverbot_ws/install/ldlidar_ros2/share/ldlidar_ros2//launch/ld06.launch.py
[0.694s] -- Up-to-date symlink: /home/yzy/roverbot_ws/install/ldlidar_ros2/share/ldlidar_ros2//launch/ld14.launch.py
[0.696s] -- Up-to-date symlink: /home/yzy/roverbot_ws/install/ldlidar_ros2/share/ldlidar_ros2//launch/ld14p.launch.py
[0.697s] -- Up-to-date symlink: /home/yzy/roverbot_ws/install/ldlidar_ros2/share/ldlidar_ros2//launch/ld19.launch.py
[0.699s] -- Up-to-date symlink: /home/yzy/roverbot_ws/install/ldlidar_ros2/share/ldlidar_ros2//launch/viewer_ld06.launch.py
[0.700s] -- Up-to-date symlink: /home/yzy/roverbot_ws/install/ldlidar_ros2/share/ldlidar_ros2//launch/viewer_ld14.launch.py
[0.701s] -- Up-to-date symlink: /home/yzy/roverbot_ws/install/ldlidar_ros2/share/ldlidar_ros2//launch/viewer_ld14p.launch.py
[0.703s] -- Up-to-date symlink: /home/yzy/roverbot_ws/install/ldlidar_ros2/share/ldlidar_ros2//launch/viewer_ld19.launch.py
[0.704s] -- Up-to-date symlink: /home/yzy/roverbot_ws/install/ldlidar_ros2/share/ldlidar_ros2//rviz2/ldlidar.rviz
[0.707s] -- Up-to-date symlink: /home/yzy/roverbot_ws/install/ldlidar_ros2/share/ldlidar_ros2//scripts/create_udev_rules.sh
[0.708s] -- Up-to-date symlink: /home/yzy/roverbot_ws/install/ldlidar_ros2/share/ldlidar_ros2//scripts/delete_udev_rules.sh
[0.710s] -- Up-to-date symlink: /home/yzy/roverbot_ws/install/ldlidar_ros2/share/ldlidar_ros2//scripts/ldlidar.rules
[0.712s] -- Up-to-date symlink: /home/yzy/roverbot_ws/install/ldlidar_ros2/share/ament_index/resource_index/package_run_dependencies/ldlidar_ros2
[0.714s] -- Up-to-date symlink: /home/yzy/roverbot_ws/install/ldlidar_ros2/share/ament_index/resource_index/parent_prefix_path/ldlidar_ros2
[0.716s] -- Up-to-date symlink: /home/yzy/roverbot_ws/install/ldlidar_ros2/share/ldlidar_ros2/environment/ament_prefix_path.sh
[0.718s] -- Up-to-date symlink: /home/yzy/roverbot_ws/install/ldlidar_ros2/share/ldlidar_ros2/environment/ament_prefix_path.dsv
[0.722s] -- Up-to-date symlink: /home/yzy/roverbot_ws/install/ldlidar_ros2/share/ldlidar_ros2/environment/path.sh
[0.722s] -- Up-to-date symlink: /home/yzy/roverbot_ws/install/ldlidar_ros2/share/ldlidar_ros2/environment/path.dsv
[0.723s] -- Up-to-date symlink: /home/yzy/roverbot_ws/install/ldlidar_ros2/share/ldlidar_ros2/local_setup.bash
[0.724s] -- Up-to-date symlink: /home/yzy/roverbot_ws/install/ldlidar_ros2/share/ldlidar_ros2/local_setup.sh
[0.726s] -- Up-to-date symlink: /home/yzy/roverbot_ws/install/ldlidar_ros2/share/ldlidar_ros2/local_setup.zsh
[0.727s] -- Up-to-date symlink: /home/yzy/roverbot_ws/install/ldlidar_ros2/share/ldlidar_ros2/local_setup.dsv
[0.728s] -- Symlinking: /home/yzy/roverbot_ws/install/ldlidar_ros2/share/ldlidar_ros2/package.dsv
[0.766s] -- Up-to-date symlink: /home/yzy/roverbot_ws/install/ldlidar_ros2/share/ament_index/resource_index/packages/ldlidar_ros2
[0.773s] -- Up-to-date symlink: /home/yzy/roverbot_ws/install/ldlidar_ros2/share/ldlidar_ros2/cmake/ldlidar_ros2Config.cmake
[0.775s] -- Up-to-date symlink: /home/yzy/roverbot_ws/install/ldlidar_ros2/share/ldlidar_ros2/cmake/ldlidar_ros2Config-version.cmake
[0.776s] -- Up-to-date symlink: /home/yzy/roverbot_ws/install/ldlidar_ros2/share/ldlidar_ros2/package.xml
[0.787s] Invoked command in '/home/yzy/roverbot_ws/build/ldlidar_ros2' returned '0': CMAKE_PREFIX_PATH=/opt/ros/humble /usr/bin/cmake --install /home/yzy/roverbot_ws/build/ldlidar_ros2
