running develop
Removing /home/yzy/roverbot_ws/install/roverbot_chassis_driver/lib/python3.10/site-packages/roverbot-chassis-driver.egg-link (link to .)
running egg_info
writing ../../build/roverbot_chassis_driver/roverbot_chassis_driver.egg-info/PKG-INFO
writing dependency_links to ../../build/roverbot_chassis_driver/roverbot_chassis_driver.egg-info/dependency_links.txt
writing entry points to ../../build/roverbot_chassis_driver/roverbot_chassis_driver.egg-info/entry_points.txt
writing requirements to ../../build/roverbot_chassis_driver/roverbot_chassis_driver.egg-info/requires.txt
writing top-level names to ../../build/roverbot_chassis_driver/roverbot_chassis_driver.egg-info/top_level.txt
reading manifest file '../../build/roverbot_chassis_driver/roverbot_chassis_driver.egg-info/SOURCES.txt'
writing manifest file '../../build/roverbot_chassis_driver/roverbot_chassis_driver.egg-info/SOURCES.txt'
running build
running build_py
creating /home/yzy/roverbot_ws/build/roverbot_chassis_driver/build
creating /home/yzy/roverbot_ws/build/roverbot_chassis_driver/build/lib
creating /home/yzy/roverbot_ws/build/roverbot_chassis_driver/build/lib/roverbot_chassis_driver
copying roverbot_chassis_driver/chassis_serial_node.py -> /home/yzy/roverbot_ws/build/roverbot_chassis_driver/build/lib/roverbot_chassis_driver
copying roverbot_chassis_driver/__init__.py -> /home/yzy/roverbot_ws/build/roverbot_chassis_driver/build/lib/roverbot_chassis_driver
running install
running install_lib
creating /home/yzy/roverbot_ws/install/roverbot_chassis_driver/lib/python3.10/site-packages/roverbot_chassis_driver
copying /home/yzy/roverbot_ws/build/roverbot_chassis_driver/build/lib/roverbot_chassis_driver/chassis_serial_node.py -> /home/yzy/roverbot_ws/install/roverbot_chassis_driver/lib/python3.10/site-packages/roverbot_chassis_driver
copying /home/yzy/roverbot_ws/build/roverbot_chassis_driver/build/lib/roverbot_chassis_driver/__init__.py -> /home/yzy/roverbot_ws/install/roverbot_chassis_driver/lib/python3.10/site-packages/roverbot_chassis_driver
byte-compiling /home/yzy/roverbot_ws/install/roverbot_chassis_driver/lib/python3.10/site-packages/roverbot_chassis_driver/chassis_serial_node.py to chassis_serial_node.cpython-310.pyc
byte-compiling /home/yzy/roverbot_ws/install/roverbot_chassis_driver/lib/python3.10/site-packages/roverbot_chassis_driver/__init__.py to __init__.cpython-310.pyc
running install_data
copying resource/roverbot_chassis_driver -> /home/yzy/roverbot_ws/install/roverbot_chassis_driver/share/ament_index/resource_index/packages
copying package.xml -> /home/yzy/roverbot_ws/install/roverbot_chassis_driver/share/roverbot_chassis_driver
running install_egg_info
Copying ../../build/roverbot_chassis_driver/roverbot_chassis_driver.egg-info to /home/yzy/roverbot_ws/install/roverbot_chassis_driver/lib/python3.10/site-packages/roverbot_chassis_driver-0.0.0-py3.10.egg-info
running install_scripts
Installing chassis_serial_node script to /home/yzy/roverbot_ws/install/roverbot_chassis_driver/lib/roverbot_chassis_driver
writing list of installed files to '/home/yzy/roverbot_ws/build/roverbot_chassis_driver/install.log'
