[3.055s] Invoking command in '/home/yzy/roverbot_ws/build/roverbot_chassis_driver': PYTHONPATH=/home/yzy/roverbot_ws/build/roverbot_chassis_driver/prefix_override:/usr/lib/python3/dist-packages/colcon_core/task/python/colcon_distutils_commands:/home/yzy/roverbot_ws/install/roverbot_chassis_driver/lib/python3.10/site-packages:${PYTHONPATH} /usr/bin/python3 -W ignore:setup.py install is deprecated -W ignore:easy_install command is deprecated setup.py develop --uninstall --editable --build-directory /home/yzy/roverbot_ws/build/roverbot_chassis_driver/build
[4.233s] running develop
[5.061s] Removing /home/yzy/roverbot_ws/install/roverbot_chassis_driver/lib/python3.10/site-packages/roverbot-chassis-driver.egg-link (link to .)
[5.195s] Invoked command in '/home/yzy/roverbot_ws/build/roverbot_chassis_driver' returned '0': PYTHONPATH=/home/yzy/roverbot_ws/build/roverbot_chassis_driver/prefix_override:/usr/lib/python3/dist-packages/colcon_core/task/python/colcon_distutils_commands:/home/yzy/roverbot_ws/install/roverbot_chassis_driver/lib/python3.10/site-packages:${PYTHONPATH} /usr/bin/python3 -W ignore:setup.py install is deprecated -W ignore:easy_install command is deprecated setup.py develop --uninstall --editable --build-directory /home/yzy/roverbot_ws/build/roverbot_chassis_driver/build
[5.198s] Invoking command in '/home/yzy/roverbot_ws/src/roverbot_chassis_driver': PYTHONPATH=/home/yzy/roverbot_ws/build/roverbot_chassis_driver/prefix_override:/usr/lib/python3/dist-packages/colcon_core/task/python/colcon_distutils_commands:/home/yzy/roverbot_ws/install/roverbot_chassis_driver/lib/python3.10/site-packages:${PYTHONPATH} /usr/bin/python3 -W ignore:setup.py install is deprecated -W ignore:easy_install command is deprecated setup.py egg_info --egg-base ../../build/roverbot_chassis_driver build --build-base /home/yzy/roverbot_ws/build/roverbot_chassis_driver/build install --record /home/yzy/roverbot_ws/build/roverbot_chassis_driver/install.log --single-version-externally-managed install_data --force
[6.309s] running egg_info
[6.312s] writing ../../build/roverbot_chassis_driver/roverbot_chassis_driver.egg-info/PKG-INFO
[6.313s] writing dependency_links to ../../build/roverbot_chassis_driver/roverbot_chassis_driver.egg-info/dependency_links.txt
[6.314s] writing entry points to ../../build/roverbot_chassis_driver/roverbot_chassis_driver.egg-info/entry_points.txt
[6.315s] writing requirements to ../../build/roverbot_chassis_driver/roverbot_chassis_driver.egg-info/requires.txt
[6.315s] writing top-level names to ../../build/roverbot_chassis_driver/roverbot_chassis_driver.egg-info/top_level.txt
[6.328s] reading manifest file '../../build/roverbot_chassis_driver/roverbot_chassis_driver.egg-info/SOURCES.txt'
[6.333s] writing manifest file '../../build/roverbot_chassis_driver/roverbot_chassis_driver.egg-info/SOURCES.txt'
[6.334s] running build
[6.335s] running build_py
[6.335s] creating /home/yzy/roverbot_ws/build/roverbot_chassis_driver/build
[6.336s] creating /home/yzy/roverbot_ws/build/roverbot_chassis_driver/build/lib
[6.337s] creating /home/yzy/roverbot_ws/build/roverbot_chassis_driver/build/lib/roverbot_chassis_driver
[6.337s] copying roverbot_chassis_driver/chassis_serial_node.py -> /home/yzy/roverbot_ws/build/roverbot_chassis_driver/build/lib/roverbot_chassis_driver
[6.338s] copying roverbot_chassis_driver/__init__.py -> /home/yzy/roverbot_ws/build/roverbot_chassis_driver/build/lib/roverbot_chassis_driver
[6.338s] running install
[6.339s] running install_lib
[6.342s] creating /home/yzy/roverbot_ws/install/roverbot_chassis_driver/lib/python3.10/site-packages/roverbot_chassis_driver
[6.343s] copying /home/yzy/roverbot_ws/build/roverbot_chassis_driver/build/lib/roverbot_chassis_driver/chassis_serial_node.py -> /home/yzy/roverbot_ws/install/roverbot_chassis_driver/lib/python3.10/site-packages/roverbot_chassis_driver
[6.343s] copying /home/yzy/roverbot_ws/build/roverbot_chassis_driver/build/lib/roverbot_chassis_driver/__init__.py -> /home/yzy/roverbot_ws/install/roverbot_chassis_driver/lib/python3.10/site-packages/roverbot_chassis_driver
[6.346s] byte-compiling /home/yzy/roverbot_ws/install/roverbot_chassis_driver/lib/python3.10/site-packages/roverbot_chassis_driver/chassis_serial_node.py to chassis_serial_node.cpython-310.pyc
[6.355s] byte-compiling /home/yzy/roverbot_ws/install/roverbot_chassis_driver/lib/python3.10/site-packages/roverbot_chassis_driver/__init__.py to __init__.cpython-310.pyc
[6.357s] running install_data
[6.357s] copying resource/roverbot_chassis_driver -> /home/yzy/roverbot_ws/install/roverbot_chassis_driver/share/ament_index/resource_index/packages
[6.358s] copying package.xml -> /home/yzy/roverbot_ws/install/roverbot_chassis_driver/share/roverbot_chassis_driver
[6.365s] running install_egg_info
[6.373s] Copying ../../build/roverbot_chassis_driver/roverbot_chassis_driver.egg-info to /home/yzy/roverbot_ws/install/roverbot_chassis_driver/lib/python3.10/site-packages/roverbot_chassis_driver-0.0.0-py3.10.egg-info
[6.381s] running install_scripts
[6.457s] Installing chassis_serial_node script to /home/yzy/roverbot_ws/install/roverbot_chassis_driver/lib/roverbot_chassis_driver
[6.458s] writing list of installed files to '/home/yzy/roverbot_ws/build/roverbot_chassis_driver/install.log'
[6.577s] Invoked command in '/home/yzy/roverbot_ws/src/roverbot_chassis_driver' returned '0': PYTHONPATH=/home/yzy/roverbot_ws/build/roverbot_chassis_driver/prefix_override:/usr/lib/python3/dist-packages/colcon_core/task/python/colcon_distutils_commands:/home/yzy/roverbot_ws/install/roverbot_chassis_driver/lib/python3.10/site-packages:${PYTHONPATH} /usr/bin/python3 -W ignore:setup.py install is deprecated -W ignore:easy_install command is deprecated setup.py egg_info --egg-base ../../build/roverbot_chassis_driver build --build-base /home/yzy/roverbot_ws/build/roverbot_chassis_driver/build install --record /home/yzy/roverbot_ws/build/roverbot_chassis_driver/install.log --single-version-externally-managed install_data --force
